[I 2022-10-24 08:21:51,306] Trial 466 finished with value: 0.34941654312412157 and parameters: {'var_smoothing': 3.7299116549812864e-07}. Best is trial 317 with value: 0.35773425409365567.
[I 2022-10-24 08:21:52,085] Trial 467 finished with value: 0.35768237623028404 and parameters: {'var_smoothing': 1.76363500870309e-07}. Best is trial 317 with value: 0.35773425409365567.
[I 2022-10-24 08:21:52,871] Trial 468 finished with value: 0.3572223946175539 and parameters: {'var_smoothing': 9.73563367166969e-08}. Best is trial 317 with value: 0.35773425409365567.
[I 2022-10-24 08:21:53,651] Trial 469 finished with value: 0.35744374079789804 and parameters: {'var_smoothing': 2.441033802250689e-07}. Best is trial 317 with value: 0.35773425409365567.
[I 2022-10-24 08:21:54,437] Trial 470 finished with value: 0.3469471661454359 and parameters: {'var_smoothing': 4.434659813325861e-07}. Best is trial 317 with value: 0.35773425409365567.
[I 2022-10-24 08:21:55,203] Trial 471 finished with value: 0.3575025328549704 and parameters: {'var_smoothing': 1.4653000041454158e-07}. Best is trial 317 with value: 0.35773425409365567.
[I 2022-10-24 08:21:55,972] Trial 472 finished with value: 0.3551438318969603 and parameters: {'var_smoothing': 5.653180415795143e-08}. Best is trial 317 with value: 0.35773425409365567.
[I 2022-10-24 08:21:56,744] Trial 473 finished with value: 0.35306526672431293 and parameters: {'var_smoothing': 2.740429549358168e-08}. Best is trial 317 with value: 0.35773425409365567.
[I 2022-10-24 08:21:57,513] Trial 474 finished with value: 0.35720856018972713 and parameters: {'var_smoothing': 1.0144069295750886e-07}. Best is trial 317 with value: 0.35773425409365567.
[I 2022-10-24 08:21:58,280] Trial 475 finished with value: 0.344280662220983 and parameters: {'var_smoothing': 9.132400543940614e-07}. Best is trial 317 with value: 0.35773425409365567.
[I 2022-10-24 08:21:59,047] Trial 476 finished with value: 0.35706330482768134 and parameters: {'var_smoothing': 2.7383569452956565e-07}. Best is trial 317 with value: 0.35773425409365567.
[I 2022-10-24 08:21:59,828] Trial 477 finished with value: 0.32819514923398685 and parameters: {'var_smoothing': 2.661673200393523e-06}. Best is trial 317 with value: 0.35773425409365567.
[I 2022-10-24 08:22:00,629] Trial 478 finished with value: 0.35770658589587045 and parameters: {'var_smoothing': 1.8119396582315936e-07}. Best is trial 317 with value: 0.35773425409365567.
[I 2022-10-24 08:22:01,415] Trial 479 finished with value: 0.3576650824329718 and parameters: {'var_smoothing': 1.586583490036444e-07}. Best is trial 317 with value: 0.35773425409365567.
[I 2022-10-24 08:22:02,188] Trial 480 finished with value: 0.3561364254947222 and parameters: {'var_smoothing': 7.462045946190893e-08}. Best is trial 317 with value: 0.35773425409365567.
[I 2022-10-24 08:22:02,954] Trial 481 finished with value: 0.3464145563732334 and parameters: {'var_smoothing': 4.799316641880437e-07}. Best is trial 317 with value: 0.35773425409365567.
[I 2022-10-24 08:22:03,738] Trial 482 finished with value: 0.3573054009452892 and parameters: {'var_smoothing': 2.5308086871683145e-07}. Best is trial 317 with value: 0.35773425409365567.
[I 2022-10-24 08:22:04,511] Trial 483 finished with value: 0.35459046991485876 and parameters: {'var_smoothing': 4.891265021699589e-08}. Best is trial 317 with value: 0.35773425409365567.
[I 2022-10-24 08:22:05,293] Trial 484 finished with value: 0.35746448947923165 and parameters: {'var_smoothing': 1.4203830183794243e-07}. Best is trial 317 with value: 0.35773425409365567.
[I 2022-10-24 08:22:06,084] Trial 485 finished with value: 0.3492470754650171 and parameters: {'var_smoothing': 3.772238225499904e-07}. Best is trial 317 with value: 0.35773425409365567.
[I 2022-10-24 08:22:06,846] Trial 486 finished with value: 0.3572293113829208 and parameters: {'var_smoothing': 9.75624398328828e-08}. Best is trial 317 with value: 0.35773425409365567.
[I 2022-10-24 08:22:07,625] Trial 487 finished with value: 0.3455879738161752 and parameters: {'var_smoothing': 6.814834917603975e-07}. Best is trial 317 with value: 0.35773425409365567.
[I 2022-10-24 08:22:08,406] Trial 488 finished with value: 0.35758899627955615 and parameters: {'var_smoothing': 2.2271809309325564e-07}. Best is trial 317 with value: 0.35773425409365567.
[I 2022-10-24 08:22:09,192] Trial 489 finished with value: 0.35372584356341846 and parameters: {'var_smoothing': 3.716078975748932e-08}. Best is trial 317 with value: 0.35773425409365567.
[I 2022-10-24 08:22:09,973] Trial 490 finished with value: 0.35157464676253963 and parameters: {'var_smoothing': 5.271692970277386e-09}. Best is trial 317 with value: 0.35773425409365567.
[I 2022-10-24 08:22:10,753] Trial 491 finished with value: 0.3576962092825683 and parameters: {'var_smoothing': 1.5801134461036686e-07}. Best is trial 317 with value: 0.35773425409365567.
[I 2022-10-24 08:22:11,536] Trial 492 finished with value: 0.35657219552806796 and parameters: {'var_smoothing': 8.075613537452765e-08}. Best is trial 317 with value: 0.35773425409365567.
[I 2022-10-24 08:22:12,316] Trial 493 finished with value: 0.35033650664861293 and parameters: {'var_smoothing': 3.570757640258009e-07}. Best is trial 317 with value: 0.35773425409365567.
[I 2022-10-24 08:22:13,089] Trial 494 finished with value: 0.35744719675843084 and parameters: {'var_smoothing': 1.4171830368333638e-07}. Best is trial 317 with value: 0.35773425409365567.
[I 2022-10-24 08:22:13,869] Trial 495 finished with value: 0.34072877907732285 and parameters: {'var_smoothing': 1.3427233960413632e-06}. Best is trial 317 with value: 0.35773425409365567.
[I 2022-10-24 08:22:14,653] Trial 496 finished with value: 0.35749215923197786 and parameters: {'var_smoothing': 2.2934381285304354e-07}. Best is trial 317 with value: 0.35773425409365567.
[I 2022-10-24 08:22:15,416] Trial 497 finished with value: 0.3554066791479555 and parameters: {'var_smoothing': 6.05490397802175e-08}. Best is trial 317 with value: 0.35773425409365567.
[I 2022-10-24 08:22:16,187] Trial 498 finished with value: 0.346469892469773 and parameters: {'var_smoothing': 4.76891336472219e-07}. Best is trial 317 with value: 0.35773425409365567.
[I 2022-10-24 08:22:16,975] Trial 499 finished with value: 0.3572742714642202 and parameters: {'var_smoothing': 1.0772903424502345e-07}. Best is trial 317 with value: 0.35773425409365567.
[I 2022-10-24 08:22:17,758] Trial 500 finished with value: 0.3526675372558149 and parameters: {'var_smoothing': 2.002290029425488e-08}. Best is trial 317 with value: 0.35773425409365567.
[I 2022-10-24 08:22:18,523] Trial 501 finished with value: 0.3574714086966524 and parameters: {'var_smoothing': 2.3506556020573317e-07}. Best is trial 317 with value: 0.35773425409365567.
[I 2022-10-24 08:22:19,289] Trial 502 finished with value: 0.35765816566760483 and parameters: {'var_smoothing': 1.5718262721988066e-07}. Best is trial 317 with value: 0.35773425409365567.
[I 2022-10-24 08:22:20,077] Trial 503 finished with value: 0.35070310346631384 and parameters: {'var_smoothing': 2.680303412689079e-12}. Best is trial 317 with value: 0.35773425409365567.
[I 2022-10-24 08:22:20,844] Trial 504 finished with value: 0.34521099823214935 and parameters: {'var_smoothing': 7.487779910294306e-07}. Best is trial 317 with value: 0.35773425409365567.
[I 2022-10-24 08:22:21,616] Trial 505 finished with value: 0.35543780575832734 and parameters: {'var_smoothing': 6.248702814704855e-08}. Best is trial 317 with value: 0.35773425409365567.
[I 2022-10-24 08:22:22,382] Trial 506 finished with value: 0.3553478832632869 and parameters: {'var_smoothing': 3.0820458966961236e-07}. Best is trial 317 with value: 0.35773425409365567.
[I 2022-10-24 08:22:23,164] Trial 507 finished with value: 0.35727427146422025 and parameters: {'var_smoothing': 1.0243538146351592e-07}. Best is trial 317 with value: 0.35773425409365567.
[I 2022-10-24 08:22:23,945] Trial 508 finished with value: 0.3534906640915652 and parameters: {'var_smoothing': 3.451374407752702e-08}. Best is trial 317 with value: 0.35773425409365567.
[I 2022-10-24 08:22:24,713] Trial 509 finished with value: 0.3463834303011172 and parameters: {'var_smoothing': 4.819388089464561e-07}. Best is trial 317 with value: 0.35773425409365567.
[I 2022-10-24 08:22:25,497] Trial 510 finished with value: 0.357668541383814 and parameters: {'var_smoothing': 1.6772382857823936e-07}. Best is trial 317 with value: 0.35773425409365567.
[I 2022-10-24 08:22:26,276] Trial 511 finished with value: 0.3565618198118587 and parameters: {'var_smoothing': 8.101456840071674e-08}. Best is trial 317 with value: 0.35773425409365567.
[I 2022-10-24 08:22:27,050] Trial 512 finished with value: 0.3565134004208798 and parameters: {'var_smoothing': 2.950936600801624e-07}. Best is trial 317 with value: 0.35773425409365567.
[I 2022-10-24 08:22:27,888] Trial 513 finished with value: 0.3575993703809982 and parameters: {'var_smoothing': 1.5289701858831368e-07}. Best is trial 317 with value: 0.35773425409365567.
[I 2022-10-24 08:22:28,674] Trial 514 finished with value: 0.34273471106677783 and parameters: {'var_smoothing': 1.1181587684741308e-06}. Best is trial 317 with value: 0.35773425409365567.
[I 2022-10-24 08:22:29,466] Trial 515 finished with value: 0.3546561820864448 and parameters: {'var_smoothing': 4.952380188919931e-08}. Best is trial 317 with value: 0.35773425409365567.
[I 2022-10-24 08:22:30,280] Trial 516 finished with value: 0.34591653126515204 and parameters: {'var_smoothing': 5.183155790840939e-07}. Best is trial 317 with value: 0.35773425409365567.
[I 2022-10-24 08:22:31,070] Trial 517 finished with value: 0.3574195310725055 and parameters: {'var_smoothing': 2.407487679598291e-07}. Best is trial 317 with value: 0.35773425409365567.
[I 2022-10-24 08:22:31,853] Trial 518 finished with value: 0.35724660362527205 and parameters: {'var_smoothing': 1.011007125361454e-07}. Best is trial 317 with value: 0.35773425409365567.
[I 2022-10-24 08:22:32,639] Trial 519 finished with value: 0.35762012187322273 and parameters: {'var_smoothing': 1.5467278820591283e-07}. Best is trial 317 with value: 0.35773425409365567.
[I 2022-10-24 08:22:33,423] Trial 520 finished with value: 0.35195508416810484 and parameters: {'var_smoothing': 1.0120770035387906e-08}. Best is trial 317 with value: 0.35773425409365567.
[I 2022-10-24 08:22:34,202] Trial 521 finished with value: 0.35208651066429963 and parameters: {'var_smoothing': 3.408002339184703e-07}. Best is trial 317 with value: 0.35773425409365567.
[I 2022-10-24 08:22:34,981] Trial 522 finished with value: 0.35559343881018657 and parameters: {'var_smoothing': 6.456373267869014e-08}. Best is trial 317 with value: 0.35773425409365567.
[I 2022-10-24 08:22:35,766] Trial 523 finished with value: 0.35331773867774224 and parameters: {'var_smoothing': 2.992610428998914e-08}. Best is trial 317 with value: 0.35773425409365567.
[I 2022-10-24 08:22:36,533] Trial 524 finished with value: 0.34546692626572384 and parameters: {'var_smoothing': 7.020450130517601e-07}. Best is trial 317 with value: 0.35773425409365567.
[I 2022-10-24 08:22:37,307] Trial 525 finished with value: 0.3575267441951301 and parameters: {'var_smoothing': 1.9522330915458156e-07}. Best is trial 317 with value: 0.35773425409365567.
[I 2022-10-24 08:22:38,077] Trial 526 finished with value: 0.35720856066817663 and parameters: {'var_smoothing': 9.704787929325881e-08}. Best is trial 317 with value: 0.35773425409365567.
[I 2022-10-24 08:22:38,862] Trial 527 finished with value: 0.3486867972558045 and parameters: {'var_smoothing': 3.891529990299151e-07}. Best is trial 317 with value: 0.35773425409365567.
[I 2022-10-24 08:22:39,633] Trial 528 finished with value: 0.35752674329803724 and parameters: {'var_smoothing': 2.0889655380694014e-07}. Best is trial 317 with value: 0.35773425409365567.
[I 2022-10-24 08:22:40,408] Trial 529 finished with value: 0.3507238546595074 and parameters: {'var_smoothing': 6.891862456025659e-11}. Best is trial 317 with value: 0.35773425409365567.
[I 2022-10-24 08:22:41,182] Trial 530 finished with value: 0.35730193960219936 and parameters: {'var_smoothing': 1.1728364048256694e-07}. Best is trial 317 with value: 0.35773425409365567.
[I 2022-10-24 08:22:41,952] Trial 531 finished with value: 0.3560015424399328 and parameters: {'var_smoothing': 7.01111660325678e-08}. Best is trial 317 with value: 0.35773425409365567.
[I 2022-10-24 08:22:42,721] Trial 532 finished with value: 0.35483948160170975 and parameters: {'var_smoothing': 3.1313280089734807e-07}. Best is trial 317 with value: 0.35773425409365567.
[I 2022-10-24 08:22:43,498] Trial 533 finished with value: 0.34528708378750306 and parameters: {'var_smoothing': 7.274163254509429e-07}. Best is trial 317 with value: 0.35773425409365567.
[I 2022-10-24 08:22:44,282] Trial 534 finished with value: 0.3541062783375113 and parameters: {'var_smoothing': 4.199469053530109e-08}. Best is trial 317 with value: 0.35773425409365567.
[I 2022-10-24 08:22:45,048] Trial 535 finished with value: 0.3572915641252149 and parameters: {'var_smoothing': 1.3260865808191584e-07}. Best is trial 317 with value: 0.35773425409365567.
[I 2022-10-24 08:22:45,816] Trial 536 finished with value: 0.3377821303367724 and parameters: {'var_smoothing': 1.6079216702585828e-06}. Best is trial 317 with value: 0.35773425409365567.
[I 2022-10-24 08:22:46,580] Trial 537 finished with value: 0.3575613289788638 and parameters: {'var_smoothing': 2.267101573375012e-07}. Best is trial 317 with value: 0.35773425409365567.
[I 2022-10-24 08:22:47,346] Trial 538 finished with value: 0.3470785891728717 and parameters: {'var_smoothing': 4.356267613744492e-07}. Best is trial 317 with value: 0.35773425409365567.
[I 2022-10-24 08:22:48,117] Trial 539 finished with value: 0.3569111285736416 and parameters: {'var_smoothing': 9.010528353611785e-08}. Best is trial 317 with value: 0.35773425409365567.
[I 2022-10-24 08:22:48,896] Trial 540 finished with value: 0.35768237640970263 and parameters: {'var_smoothing': 1.7885729017233853e-07}. Best is trial 317 with value: 0.35773425409365567.
[I 2022-10-24 08:22:49,661] Trial 541 finished with value: 0.3575267417430763 and parameters: {'var_smoothing': 1.4884998215145444e-07}. Best is trial 317 with value: 0.35773425409365567.
[I 2022-10-24 08:22:50,443] Trial 542 finished with value: 0.3548498572581127 and parameters: {'var_smoothing': 3.1279654942586717e-07}. Best is trial 317 with value: 0.35773425409365567.
[I 2022-10-24 08:22:51,219] Trial 543 finished with value: 0.3506996449341149 and parameters: {'var_smoothing': 1.1044331617351157e-13}. Best is trial 317 with value: 0.35773425409365567.
[I 2022-10-24 08:22:52,001] Trial 544 finished with value: 0.35540667896853695 and parameters: {'var_smoothing': 6.156325160412499e-08}. Best is trial 317 with value: 0.35773425409365567.
[I 2022-10-24 08:22:52,768] Trial 545 finished with value: 0.3457954834156698 and parameters: {'var_smoothing': 6.551130396430334e-07}. Best is trial 317 with value: 0.35773425409365567.
[I 2022-10-24 08:22:53,550] Trial 546 finished with value: 0.3576201234879899 and parameters: {'var_smoothing': 1.8761909650935398e-07}. Best is trial 317 with value: 0.35773425409365567.
[I 2022-10-24 08:22:54,342] Trial 547 finished with value: 0.3533073630811455 and parameters: {'var_smoothing': 2.9575210176423664e-08}. Best is trial 317 with value: 0.35773425409365567.
[I 2022-10-24 08:22:55,131] Trial 548 finished with value: 0.35705984671412583 and parameters: {'var_smoothing': 2.727091280555796e-07}. Best is trial 317 with value: 0.35773425409365567.
[I 2022-10-24 08:22:55,894] Trial 549 finished with value: 0.35073423049532904 and parameters: {'var_smoothing': 2.0171248088733368e-10}. Best is trial 317 with value: 0.35773425409365567.
[I 2022-10-24 08:22:56,655] Trial 550 finished with value: 0.357277729936613 and parameters: {'var_smoothing': 1.0246367931910493e-07}. Best is trial 317 with value: 0.35773425409365567.
[I 2022-10-24 08:22:57,433] Trial 551 finished with value: 0.3523701062975976 and parameters: {'var_smoothing': 1.547689936976748e-08}. Best is trial 317 with value: 0.35773425409365567.
[I 2022-10-24 08:22:58,207] Trial 552 finished with value: 0.35070656193870653 and parameters: {'var_smoothing': 1.4742042539649683e-11}. Best is trial 317 with value: 0.35773425409365567.
[I 2022-10-24 08:22:58,991] Trial 553 finished with value: 0.3433295728636002 and parameters: {'var_smoothing': 1.0503324328406284e-06}. Best is trial 317 with value: 0.35773425409365567.
[I 2022-10-24 08:22:59,775] Trial 554 finished with value: 0.3479535926160636 and parameters: {'var_smoothing': 4.040785506418461e-07}. Best is trial 317 with value: 0.35773425409365567.
[I 2022-10-24 08:23:00,562] Trial 555 finished with value: 0.3576719996767882 and parameters: {'var_smoothing': 1.662051773662983e-07}. Best is trial 317 with value: 0.35773425409365567.
[I 2022-10-24 08:23:01,340] Trial 556 finished with value: 0.354600845631068 and parameters: {'var_smoothing': 4.9251665802376655e-08}. Best is trial 317 with value: 0.35773425409365567.
[I 2022-10-24 08:23:02,104] Trial 557 finished with value: 0.35726389580781726 and parameters: {'var_smoothing': 1.0285436848491599e-07}. Best is trial 317 with value: 0.35773425409365567.
[I 2022-10-24 08:23:02,890] Trial 558 finished with value: 0.35754403667670615 and parameters: {'var_smoothing': 2.2727432580445664e-07}. Best is trial 317 with value: 0.35773425409365567.
[I 2022-10-24 08:23:03,669] Trial 559 finished with value: 0.347230763393501 and parameters: {'var_smoothing': 4.2710599069481014e-07}. Best is trial 317 with value: 0.35773425409365567.
[I 2022-10-24 08:23:04,448] Trial 560 finished with value: 0.35602921135539234 and parameters: {'var_smoothing': 7.204711898384382e-08}. Best is trial 317 with value: 0.35773425409365567.
[I 2022-10-24 08:23:05,214] Trial 561 finished with value: 0.35749561591018486 and parameters: {'var_smoothing': 1.4369173271713512e-07}. Best is trial 317 with value: 0.35773425409365567.
[I 2022-10-24 08:23:05,982] Trial 562 finished with value: 0.3456986451719677 and parameters: {'var_smoothing': 6.242391491371766e-07}. Best is trial 317 with value: 0.35773425409365567.
[I 2022-10-24 08:23:06,749] Trial 563 finished with value: 0.3572466056586826 and parameters: {'var_smoothing': 2.5835263210090073e-07}. Best is trial 317 with value: 0.35773425409365567.
[I 2022-10-24 08:23:07,535] Trial 564 finished with value: 0.3572051013584973 and parameters: {'var_smoothing': 1.1023469918472894e-07}. Best is trial 317 with value: 0.35773425409365567.
[I 2022-10-24 08:23:08,301] Trial 565 finished with value: 0.35408898573632286 and parameters: {'var_smoothing': 4.1827688529714006e-08}. Best is trial 317 with value: 0.35773425409365567.
[I 2022-10-24 08:23:09,080] Trial 566 finished with value: 0.3576616251567028 and parameters: {'var_smoothing': 1.703123305963048e-07}. Best is trial 317 with value: 0.35773425409365567.
[I 2022-10-24 08:23:09,857] Trial 567 finished with value: 0.32346044999208895 and parameters: {'var_smoothing': 3.6181131412033695e-06}. Best is trial 317 with value: 0.35773425409365567.
[I 2022-10-24 08:23:10,631] Trial 568 finished with value: 0.353545999291012 and parameters: {'var_smoothing': 3.269340133094096e-07}. Best is trial 317 with value: 0.35773425409365567.
[I 2022-10-24 08:23:11,424] Trial 569 finished with value: 0.3557698223973713 and parameters: {'var_smoothing': 6.716090694931283e-08}. Best is trial 317 with value: 0.35773425409365567.
[I 2022-10-24 08:23:12,230] Trial 570 finished with value: 0.34419765912278194 and parameters: {'var_smoothing': 9.354328552263119e-07}. Best is trial 317 with value: 0.35773425409365567.
[I 2022-10-24 08:23:13,090] Trial 571 finished with value: 0.31618028558467953 and parameters: {'var_smoothing': 1.3900547935116363e-05}. Best is trial 317 with value: 0.35773425409365567.
[I 2022-10-24 08:23:14,104] Trial 572 finished with value: 0.35755787086530816 and parameters: {'var_smoothing': 1.943511038088686e-07}. Best is trial 317 with value: 0.35773425409365567.
[I 2022-10-24 08:23:14,925] Trial 573 finished with value: 0.35292692657267316 and parameters: {'var_smoothing': 2.364718056695711e-08}. Best is trial 317 with value: 0.35773425409365567.
[I 2022-10-24 08:23:15,693] Trial 574 finished with value: 0.3473241433442289 and parameters: {'var_smoothing': 4.2298431558462455e-07}. Best is trial 317 with value: 0.35773425409365567.
[I 2022-10-24 08:23:16,478] Trial 575 finished with value: 0.3566932426000696 and parameters: {'var_smoothing': 8.533989647918431e-08}. Best is trial 317 with value: 0.35773425409365567.
[I 2022-10-24 08:23:17,251] Trial 576 finished with value: 0.3572984807709695 and parameters: {'var_smoothing': 1.2848092063782843e-07}. Best is trial 317 with value: 0.35773425409365567.
[I 2022-10-24 08:23:18,040] Trial 577 finished with value: 0.35744719950951553 and parameters: {'var_smoothing': 2.423366783260126e-07}. Best is trial 317 with value: 0.35773425409365567.
[I 2022-10-24 08:23:18,809] Trial 578 finished with value: 0.34571939570729315 and parameters: {'var_smoothing': 5.819394239704585e-07}. Best is trial 317 with value: 0.35773425409365567.
[I 2022-10-24 08:23:19,576] Trial 579 finished with value: 0.35441408590903073 and parameters: {'var_smoothing': 4.6482202984015986e-08}. Best is trial 317 with value: 0.35773425409365567.
[I 2022-10-24 08:23:20,344] Trial 580 finished with value: 0.3347628531377186 and parameters: {'var_smoothing': 1.8768338423697925e-06}. Best is trial 317 with value: 0.35773425409365567.
[I 2022-10-24 08:23:21,114] Trial 581 finished with value: 0.3576339562412433 and parameters: {'var_smoothing': 1.5688429808637906e-07}. Best is trial 317 with value: 0.35773425409365567.
[I 2022-10-24 08:23:21,881] Trial 582 finished with value: 0.35412702791593775 and parameters: {'var_smoothing': 3.1960142273005203e-07}. Best is trial 317 with value: 0.35773425409365567.
