[I 2022-10-24 08:18:49,184] Trial 232 finished with value: 0.3517579522584237 and parameters: {'var_smoothing': 3.434275621762368e-07}. Best is trial 65 with value: 0.35772387843725273.
[I 2022-10-24 08:18:49,950] Trial 233 finished with value: 0.3507273132515126 and parameters: {'var_smoothing': 1.3117198168661742e-10}. Best is trial 65 with value: 0.35772387843725273.
[I 2022-10-24 08:18:50,736] Trial 234 finished with value: 0.35730885654698485 and parameters: {'var_smoothing': 1.3130889665705192e-07}. Best is trial 65 with value: 0.35772387843725273.
[I 2022-10-24 08:18:51,510] Trial 235 finished with value: 0.3552475878629283 and parameters: {'var_smoothing': 5.765956022797322e-08}. Best is trial 65 with value: 0.35772387843725273.
[I 2022-10-24 08:18:52,282] Trial 236 finished with value: 0.3575129090496292 and parameters: {'var_smoothing': 2.0948579654167207e-07}. Best is trial 65 with value: 0.35772387843725273.
[I 2022-10-24 08:18:53,053] Trial 237 finished with value: 0.34574360549249195 and parameters: {'var_smoothing': 6.4111794678386e-07}. Best is trial 65 with value: 0.35772387843725273.
[I 2022-10-24 08:18:53,824] Trial 238 finished with value: 0.3572811884090057 and parameters: {'var_smoothing': 1.0819768597935336e-07}. Best is trial 65 with value: 0.35772387843725273.
[I 2022-10-24 08:18:54,610] Trial 239 finished with value: 0.35000794812312463 and parameters: {'var_smoothing': 3.621613536807427e-07}. Best is trial 65 with value: 0.35772387843725273.
[I 2022-10-24 08:18:55,391] Trial 240 finished with value: 0.357727337089064 and parameters: {'var_smoothing': 1.782097984609383e-07}. Best is trial 240 with value: 0.357727337089064.
[I 2022-10-24 08:18:56,156] Trial 241 finished with value: 0.35767891710002325 and parameters: {'var_smoothing': 1.6335269195086112e-07}. Best is trial 240 with value: 0.357727337089064.
[I 2022-10-24 08:18:56,920] Trial 242 finished with value: 0.35731231848813666 and parameters: {'var_smoothing': 2.495249390823282e-07}. Best is trial 240 with value: 0.357727337089064.
[I 2022-10-24 08:18:57,706] Trial 243 finished with value: 0.31412593127374233 and parameters: {'var_smoothing': 0.00011824810876819416}. Best is trial 240 with value: 0.357727337089064.
[I 2022-10-24 08:18:58,476] Trial 244 finished with value: 0.3560914643967174 and parameters: {'var_smoothing': 7.268808889577727e-08}. Best is trial 240 with value: 0.357727337089064.
[I 2022-10-24 08:18:59,244] Trial 245 finished with value: 0.35757170236263147 and parameters: {'var_smoothing': 1.4993354734077416e-07}. Best is trial 240 with value: 0.357727337089064.
[I 2022-10-24 08:19:00,041] Trial 246 finished with value: 0.34881476157162267 and parameters: {'var_smoothing': 3.8545522166583496e-07}. Best is trial 240 with value: 0.357727337089064.
[I 2022-10-24 08:19:00,830] Trial 247 finished with value: 0.35703563483571044 and parameters: {'var_smoothing': 9.180561210789019e-08}. Best is trial 240 with value: 0.357727337089064.
[I 2022-10-24 08:19:01,606] Trial 248 finished with value: 0.35752674431474246 and parameters: {'var_smoothing': 2.2801903469335593e-07}. Best is trial 240 with value: 0.357727337089064.
[I 2022-10-24 08:19:02,389] Trial 249 finished with value: 0.35444521257920875 and parameters: {'var_smoothing': 4.7517264347580796e-08}. Best is trial 240 with value: 0.357727337089064.
[I 2022-10-24 08:19:03,153] Trial 250 finished with value: 0.34573322989589517 and parameters: {'var_smoothing': 6.085525520241381e-07}. Best is trial 240 with value: 0.357727337089064.
[I 2022-10-24 08:19:03,917] Trial 251 finished with value: 0.3573226907355867 and parameters: {'var_smoothing': 1.3800048342342978e-07}. Best is trial 240 with value: 0.357727337089064.
[I 2022-10-24 08:19:04,703] Trial 252 finished with value: 0.35650648341628816 and parameters: {'var_smoothing': 2.952010168244067e-07}. Best is trial 240 with value: 0.357727337089064.
[I 2022-10-24 08:19:05,460] Trial 253 finished with value: 0.3569042116288561 and parameters: {'var_smoothing': 8.954695746686915e-08}. Best is trial 240 with value: 0.357727337089064.
[I 2022-10-24 08:19:06,244] Trial 254 finished with value: 0.3576789179373099 and parameters: {'var_smoothing': 1.7906416020165948e-07}. Best is trial 240 with value: 0.357727337089064.
[I 2022-10-24 08:19:07,009] Trial 255 finished with value: 0.3466877777854768 and parameters: {'var_smoothing': 4.650120251056394e-07}. Best is trial 240 with value: 0.357727337089064.
[I 2022-10-24 08:19:07,776] Trial 256 finished with value: 0.3575820793347706 and parameters: {'var_smoothing': 2.2298793330891636e-07}. Best is trial 240 with value: 0.357727337089064.
[I 2022-10-24 08:19:08,552] Trial 257 finished with value: 0.3548879024878434 and parameters: {'var_smoothing': 5.292542347110799e-08}. Best is trial 240 with value: 0.357727337089064.
[I 2022-10-24 08:19:09,327] Trial 258 finished with value: 0.3572984807111632 and parameters: {'var_smoothing': 1.1869479427721248e-07}. Best is trial 240 with value: 0.357727337089064.
[I 2022-10-24 08:19:10,116] Trial 259 finished with value: 0.3437930148027152 and parameters: {'var_smoothing': 9.720155621338504e-07}. Best is trial 240 with value: 0.357727337089064.
[I 2022-10-24 08:19:10,930] Trial 260 finished with value: 0.3530375978686595 and parameters: {'var_smoothing': 2.6676737445115328e-08}. Best is trial 240 with value: 0.357727337089064.
[I 2022-10-24 08:19:11,709] Trial 261 finished with value: 0.3507100204709055 and parameters: {'var_smoothing': 1.895180252646731e-11}. Best is trial 240 with value: 0.357727337089064.
[I 2022-10-24 08:19:12,508] Trial 262 finished with value: 0.35734344479947755 and parameters: {'var_smoothing': 2.483804209097085e-07}. Best is trial 240 with value: 0.357727337089064.
[I 2022-10-24 08:19:13,303] Trial 263 finished with value: 0.3566309898577756 and parameters: {'var_smoothing': 8.219972055716963e-08}. Best is trial 240 with value: 0.357727337089064.
[I 2022-10-24 08:19:14,088] Trial 264 finished with value: 0.34698866847201704 and parameters: {'var_smoothing': 4.41204913149227e-07}. Best is trial 240 with value: 0.357727337089064.
[I 2022-10-24 08:19:14,865] Trial 265 finished with value: 0.31429539833478487 and parameters: {'var_smoothing': 0.0010623976957768344}. Best is trial 240 with value: 0.357727337089064.
[I 2022-10-24 08:19:15,655] Trial 266 finished with value: 0.35765124860320696 and parameters: {'var_smoothing': 1.6670538471552428e-07}. Best is trial 240 with value: 0.357727337089064.
[I 2022-10-24 08:19:16,432] Trial 267 finished with value: 0.357250062456502 and parameters: {'var_smoothing': 1.3424814291302146e-07}. Best is trial 240 with value: 0.357727337089064.
[I 2022-10-24 08:19:17,209] Trial 268 finished with value: 0.3545385924103243 and parameters: {'var_smoothing': 4.8096821070132405e-08}. Best is trial 240 with value: 0.357727337089064.
[I 2022-10-24 08:19:17,998] Trial 269 finished with value: 0.3569975917590026 and parameters: {'var_smoothing': 2.827439001400949e-07}. Best is trial 240 with value: 0.357727337089064.
[I 2022-10-24 08:19:18,790] Trial 270 finished with value: 0.34544271624130035 and parameters: {'var_smoothing': 7.06464107851929e-07}. Best is trial 240 with value: 0.357727337089064.
[I 2022-10-24 08:19:19,557] Trial 271 finished with value: 0.3564580651018207 and parameters: {'var_smoothing': 7.907620024549565e-08}. Best is trial 240 with value: 0.357727337089064.
[I 2022-10-24 08:19:20,328] Trial 272 finished with value: 0.3576477899513956 and parameters: {'var_smoothing': 1.5555446845166552e-07}. Best is trial 240 with value: 0.357727337089064.
[I 2022-10-24 08:19:21,097] Trial 273 finished with value: 0.34696791721901726 and parameters: {'var_smoothing': 4.443508983123193e-07}. Best is trial 240 with value: 0.357727337089064.
[I 2022-10-24 08:19:21,869] Trial 274 finished with value: 0.3369797571462695 and parameters: {'var_smoothing': 1.6822913857604486e-06}. Best is trial 240 with value: 0.357727337089064.
[I 2022-10-24 08:19:22,639] Trial 275 finished with value: 0.35747486740826995 and parameters: {'var_smoothing': 2.369148935769555e-07}. Best is trial 240 with value: 0.357727337089064.
[I 2022-10-24 08:19:23,424] Trial 276 finished with value: 0.35726389622646054 and parameters: {'var_smoothing': 9.86746435547142e-08}. Best is trial 240 with value: 0.357727337089064.
[I 2022-10-24 08:19:24,197] Trial 277 finished with value: 0.3529649704268614 and parameters: {'var_smoothing': 2.424021975900025e-08}. Best is trial 240 with value: 0.357727337089064.
[I 2022-10-24 08:19:24,986] Trial 278 finished with value: 0.35531329901780906 and parameters: {'var_smoothing': 5.825316915983812e-08}. Best is trial 240 with value: 0.357727337089064.
[I 2022-10-24 08:19:25,760] Trial 279 finished with value: 0.3536255450531379 and parameters: {'var_smoothing': 3.26244263073575e-07}. Best is trial 240 with value: 0.357727337089064.
[I 2022-10-24 08:19:26,533] Trial 280 finished with value: 0.3576581661460544 and parameters: {'var_smoothing': 1.6909251473485757e-07}. Best is trial 240 with value: 0.357727337089064.
[I 2022-10-24 08:19:27,317] Trial 281 finished with value: 0.3457332290586085 and parameters: {'var_smoothing': 5.837401935541388e-07}. Best is trial 240 with value: 0.357727337089064.
[I 2022-10-24 08:19:28,085] Trial 282 finished with value: 0.35768929239758906 and parameters: {'var_smoothing': 1.575221023738598e-07}. Best is trial 240 with value: 0.357727337089064.
[I 2022-10-24 08:19:28,845] Trial 283 finished with value: 0.3572016431253293 and parameters: {'var_smoothing': 1.0129526420882532e-07}. Best is trial 240 with value: 0.357727337089064.
[I 2022-10-24 08:19:29,632] Trial 284 finished with value: 0.3438933108011357 and parameters: {'var_smoothing': 9.553410117657633e-07}. Best is trial 240 with value: 0.357727337089064.
[I 2022-10-24 08:19:30,409] Trial 285 finished with value: 0.35446250524020345 and parameters: {'var_smoothing': 4.7664222457257284e-08}. Best is trial 240 with value: 0.357727337089064.
[I 2022-10-24 08:19:31,174] Trial 286 finished with value: 0.35622980323262105 and parameters: {'var_smoothing': 2.999469451128868e-07}. Best is trial 240 with value: 0.357727337089064.
[I 2022-10-24 08:19:31,950] Trial 287 finished with value: 0.3574887008193913 and parameters: {'var_smoothing': 1.9677062005154993e-07}. Best is trial 240 with value: 0.357727337089064.
[I 2022-10-24 08:19:32,733] Trial 288 finished with value: 0.3151600268990543 and parameters: {'var_smoothing': 2.332262976158508e-05}. Best is trial 240 with value: 0.357727337089064.
[I 2022-10-24 08:19:33,507] Trial 289 finished with value: 0.35717051579728315 and parameters: {'var_smoothing': 1.0607000455431257e-07}. Best is trial 240 with value: 0.357727337089064.
[I 2022-10-24 08:19:34,266] Trial 290 finished with value: 0.34875250876952235 and parameters: {'var_smoothing': 3.871537625362611e-07}. Best is trial 240 with value: 0.357727337089064.
[I 2022-10-24 08:19:35,048] Trial 291 finished with value: 0.3537638874176068 and parameters: {'var_smoothing': 3.746840961231678e-08}. Best is trial 240 with value: 0.357727337089064.
[I 2022-10-24 08:19:35,811] Trial 292 finished with value: 0.3574817836353811 and parameters: {'var_smoothing': 1.999300867056117e-07}. Best is trial 240 with value: 0.357727337089064.
[I 2022-10-24 08:19:36,582] Trial 293 finished with value: 0.3560395867725706 and parameters: {'var_smoothing': 7.225837740191556e-08}. Best is trial 240 with value: 0.357727337089064.
[I 2022-10-24 08:19:37,347] Trial 294 finished with value: 0.34609983257460264 and parameters: {'var_smoothing': 5.071947590556033e-07}. Best is trial 240 with value: 0.357727337089064.
[I 2022-10-24 08:19:38,116] Trial 295 finished with value: 0.35727081299182756 and parameters: {'var_smoothing': 1.280018188112341e-07}. Best is trial 240 with value: 0.357727337089064.
[I 2022-10-24 08:19:38,892] Trial 296 finished with value: 0.35706330363155764 and parameters: {'var_smoothing': 2.77133343511709e-07}. Best is trial 240 with value: 0.357727337089064.
[I 2022-10-24 08:19:39,709] Trial 297 finished with value: 0.35261220115927533 and parameters: {'var_smoothing': 1.8699610667966457e-08}. Best is trial 240 with value: 0.357727337089064.
[I 2022-10-24 08:19:40,482] Trial 298 finished with value: 0.3564061877168986 and parameters: {'var_smoothing': 7.872700196239978e-08}. Best is trial 240 with value: 0.357727337089064.
[I 2022-10-24 08:19:41,252] Trial 299 finished with value: 0.3428177157199399 and parameters: {'var_smoothing': 1.1054226554687704e-06}. Best is trial 240 with value: 0.357727337089064.
[I 2022-10-24 08:19:42,015] Trial 300 finished with value: 0.35762358154173934 and parameters: {'var_smoothing': 1.7337870396907265e-07}. Best is trial 240 with value: 0.357727337089064.
[I 2022-10-24 08:19:42,793] Trial 301 finished with value: 0.3536635884886829 and parameters: {'var_smoothing': 3.255489716978488e-07}. Best is trial 240 with value: 0.357727337089064.
[I 2022-10-24 08:19:43,565] Trial 302 finished with value: 0.35466309909103644 and parameters: {'var_smoothing': 4.9598665180325455e-08}. Best is trial 240 with value: 0.357727337089064.
[I 2022-10-24 08:19:44,335] Trial 303 finished with value: 0.3457505227961146 and parameters: {'var_smoothing': 6.494245853870558e-07}. Best is trial 240 with value: 0.357727337089064.
[I 2022-10-24 08:19:45,114] Trial 304 finished with value: 0.35726735445962854 and parameters: {'var_smoothing': 1.1643470109435146e-07}. Best is trial 240 with value: 0.357727337089064.
[I 2022-10-24 08:19:45,896] Trial 305 finished with value: 0.3575717041568172 and parameters: {'var_smoothing': 2.1485214777662858e-07}. Best is trial 240 with value: 0.357727337089064.
[I 2022-10-24 08:19:46,662] Trial 306 finished with value: 0.35717743292148724 and parameters: {'var_smoothing': 1.1317496669879759e-07}. Best is trial 240 with value: 0.357727337089064.
[I 2022-10-24 08:19:47,477] Trial 307 finished with value: 0.35070310346631384 and parameters: {'var_smoothing': 2.8312394846863044e-12}. Best is trial 240 with value: 0.357727337089064.
[I 2022-10-24 08:19:48,244] Trial 308 finished with value: 0.34707513064067275 and parameters: {'var_smoothing': 4.3644531847636554e-07}. Best is trial 240 with value: 0.357727337089064.
[I 2022-10-24 08:19:49,012] Trial 309 finished with value: 0.3506996449341149 and parameters: {'var_smoothing': 3.3625436050644806e-14}. Best is trial 240 with value: 0.357727337089064.
[I 2022-10-24 08:19:49,795] Trial 310 finished with value: 0.35340420144445994 and parameters: {'var_smoothing': 3.3595705326118015e-08}. Best is trial 240 with value: 0.357727337089064.
[I 2022-10-24 08:19:50,570] Trial 311 finished with value: 0.3560153764491161 and parameters: {'var_smoothing': 7.045830371977086e-08}. Best is trial 240 with value: 0.357727337089064.
[I 2022-10-24 08:19:51,349] Trial 312 finished with value: 0.3575509530832359 and parameters: {'var_smoothing': 2.1111826203743501e-07}. Best is trial 240 with value: 0.357727337089064.
[I 2022-10-24 08:19:52,139] Trial 313 finished with value: 0.35730193972181173 and parameters: {'var_smoothing': 1.2954512729144198e-07}. Best is trial 240 with value: 0.357727337089064.
[I 2022-10-24 08:19:52,969] Trial 314 finished with value: 0.34581969272241897 and parameters: {'var_smoothing': 6.52198999960884e-07}. Best is trial 240 with value: 0.357727337089064.
[I 2022-10-24 08:19:53,737] Trial 315 finished with value: 0.35526487878954344 and parameters: {'var_smoothing': 3.0911725669708594e-07}. Best is trial 240 with value: 0.357727337089064.
[I 2022-10-24 08:19:54,505] Trial 316 finished with value: 0.35556577061240124 and parameters: {'var_smoothing': 6.381255654713774e-08}. Best is trial 240 with value: 0.357727337089064.
[I 2022-10-24 08:19:55,288] Trial 317 finished with value: 0.35773425409365567 and parameters: {'var_smoothing': 1.8169138362995293e-07}. Best is trial 317 with value: 0.35773425409365567.
[I 2022-10-24 08:19:56,066] Trial 318 finished with value: 0.35770312658619097 and parameters: {'var_smoothing': 1.644157739681592e-07}. Best is trial 317 with value: 0.35773425409365567.
[I 2022-10-24 08:19:56,848] Trial 319 finished with value: 0.35006674263225085 and parameters: {'var_smoothing': 3.6040877837437554e-07}. Best is trial 317 with value: 0.35773425409365567.
[I 2022-10-24 08:19:57,609] Trial 320 finished with value: 0.35659640483481714 and parameters: {'var_smoothing': 8.173621572857735e-08}. Best is trial 317 with value: 0.35773425409365567.
[I 2022-10-24 08:19:58,391] Trial 321 finished with value: 0.34150347994341324 and parameters: {'var_smoothing': 1.2467923231230483e-06}. Best is trial 317 with value: 0.35773425409365567.
[I 2022-10-24 08:19:59,160] Trial 322 finished with value: 0.3575647868531946 and parameters: {'var_smoothing': 2.2026759250122108e-07}. Best is trial 317 with value: 0.35773425409365567.
[I 2022-10-24 08:19:59,935] Trial 323 finished with value: 0.3536808826448323 and parameters: {'var_smoothing': 3.6460731535001986e-08}. Best is trial 317 with value: 0.35773425409365567.
[I 2022-10-24 08:20:00,727] Trial 324 finished with value: 0.3573088562479539 and parameters: {'var_smoothing': 1.2601766321916033e-07}. Best is trial 317 with value: 0.35773425409365567.
[I 2022-10-24 08:20:01,503] Trial 325 finished with value: 0.3457228541796859 and parameters: {'var_smoothing': 5.790618606296284e-07}. Best is trial 317 with value: 0.35773425409365567.
[I 2022-10-24 08:20:02,281] Trial 326 finished with value: 0.35749907617676335 and parameters: {'var_smoothing': 2.321613813446258e-07}. Best is trial 317 with value: 0.35773425409365567.
[I 2022-10-24 08:20:03,067] Trial 327 finished with value: 0.35721201914056944 and parameters: {'var_smoothing': 9.703759852119258e-08}. Best is trial 317 with value: 0.35773425409365567.
[I 2022-10-24 08:20:03,844] Trial 328 finished with value: 0.352273268233314 and parameters: {'var_smoothing': 1.5115643643373182e-08}. Best is trial 317 with value: 0.35773425409365567.
[I 2022-10-24 08:20:04,615] Trial 329 finished with value: 0.3515781100194276 and parameters: {'var_smoothing': 3.4531343116099996e-07}. Best is trial 317 with value: 0.35773425409365567.
[I 2022-10-24 08:20:05,377] Trial 330 finished with value: 0.35483602474408416 and parameters: {'var_smoothing': 5.176026234646208e-08}. Best is trial 317 with value: 0.35773425409365567.
[I 2022-10-24 08:20:06,140] Trial 331 finished with value: 0.35762358040542164 and parameters: {'var_smoothing': 1.5466496171467363e-07}. Best is trial 317 with value: 0.35773425409365567.
[I 2022-10-24 08:20:06,906] Trial 332 finished with value: 0.3451279931603439 and parameters: {'var_smoothing': 7.732051625304204e-07}. Best is trial 317 with value: 0.35773425409365567.
[I 2022-10-24 08:20:07,677] Trial 333 finished with value: 0.3535321652220224 and parameters: {'var_smoothing': 3.271900719022728e-07}. Best is trial 317 with value: 0.35773425409365567.
[I 2022-10-24 08:20:08,455] Trial 334 finished with value: 0.35654106933633944 and parameters: {'var_smoothing': 8.046538875035243e-08}. Best is trial 317 with value: 0.35773425409365567.
[I 2022-10-24 08:20:09,224] Trial 335 finished with value: 0.3576927509895942 and parameters: {'var_smoothing': 1.642298849094648e-07}. Best is trial 317 with value: 0.35773425409365567.
[I 2022-10-24 08:20:10,007] Trial 336 finished with value: 0.3508206934414652 and parameters: {'var_smoothing': 7.859203486973285e-10}. Best is trial 317 with value: 0.35773425409365567.
[I 2022-10-24 08:20:10,786] Trial 337 finished with value: 0.35767545802956857 and parameters: {'var_smoothing': 1.6604012506631445e-07}. Best is trial 317 with value: 0.35773425409365567.
[I 2022-10-24 08:20:11,559] Trial 338 finished with value: 0.35750945069684875 and parameters: {'var_smoothing': 2.0905861492495314e-07}. Best is trial 317 with value: 0.35773425409365567.
[I 2022-10-24 08:20:12,331] Trial 339 finished with value: 0.3463280945036086 and parameters: {'var_smoothing': 4.84806166931891e-07}. Best is trial 317 with value: 0.35773425409365567.
[I 2022-10-24 08:20:13,114] Trial 340 finished with value: 0.35329698778357965 and parameters: {'var_smoothing': 3.000858872428792e-08}. Best is trial 317 with value: 0.35773425409365567.
[I 2022-10-24 08:20:13,892] Trial 341 finished with value: 0.32562893694210254 and parameters: {'var_smoothing': 3.121508166796169e-06}. Best is trial 317 with value: 0.35773425409365567.
[I 2022-10-24 08:20:14,656] Trial 342 finished with value: 0.3566344485693931 and parameters: {'var_smoothing': 8.409335838444073e-08}. Best is trial 317 with value: 0.35773425409365567.
[I 2022-10-24 08:20:15,441] Trial 343 finished with value: 0.35749561591018486 and parameters: {'var_smoothing': 1.4372666136311486e-07}. Best is trial 317 with value: 0.35773425409365567.
[I 2022-10-24 08:20:16,256] Trial 344 finished with value: 0.3570494709979166 and parameters: {'var_smoothing': 2.71966598515547e-07}. Best is trial 317 with value: 0.35773425409365567.
[I 2022-10-24 08:20:17,029] Trial 345 finished with value: 0.3548533175246912 and parameters: {'var_smoothing': 5.2326881291421905e-08}. Best is trial 317 with value: 0.35773425409365567.
[I 2022-10-24 08:20:17,814] Trial 346 finished with value: 0.3411230467840876 and parameters: {'var_smoothing': 1.3047951453157178e-06}. Best is trial 317 with value: 0.35773425409365567.
[I 2022-10-24 08:20:18,716] Trial 347 finished with value: 0.3573226899581063 and parameters: {'var_smoothing': 1.1937483140599334e-07}. Best is trial 317 with value: 0.35773425409365567.
[I 2022-10-24 08:20:19,545] Trial 348 finished with value: 0.3467880742623469 and parameters: {'var_smoothing': 4.568789725431257e-07}. Best is trial 317 with value: 0.35773425409365567.
