[I 2022-10-22 03:17:04,941] Trial 205 finished with value: 0.6125606151740364 and parameters: {'booster': 'dart', 'lambda': 0.22298329568140166, 'alpha': 0.12703360205620814, 'subsample': 0.9798330366093666, 'colsample_bytree': 0
.9598559373305605, 'max_depth': 9, 'min_child_weight': 4, 'eta': 0.0001568627936286531, 'gamma': 2.5108111199125968e-05, 'grow_policy': 'depthwise', 'sample_type': 'weighted', 'normalize_type': 'tree', 'rate_drop': 1.580757655028
4985e-05, 'skip_drop': 0.00032764709068404505}. Best is trial 152 with value: 0.7245851441616205.
[I 2022-10-22 03:17:51,566] Trial 206 finished with value: 0.7177130964217068 and parameters: {'booster': 'dart', 'lambda': 0.5287011282844729, 'alpha': 0.055245913096847364, 'subsample': 0.9492297706653637, 'colsample_bytree': 0
.9993202609946312, 'max_depth': 9, 'min_child_weight': 4, 'eta': 0.7347039570703076, 'gamma': 4.683385907496459e-05, 'grow_policy': 'depthwise', 'sample_type': 'weighted', 'normalize_type': 'tree', 'rate_drop': 3.5888227318097504
e-05, 'skip_drop': 0.000105936649073335}. Best is trial 152 with value: 0.7245851441616205.
[I 2022-10-22 03:18:37,865] Trial 207 finished with value: 0.7129334359023857 and parameters: {'booster': 'dart', 'lambda': 0.13648071893662062, 'alpha': 0.07343653900613599, 'subsample': 0.9732398411386904, 'colsample_bytree': 0
.9780863517863463, 'max_depth': 9, 'min_child_weight': 4, 'eta': 0.5523300731711569, 'gamma': 1.765613053848723e-05, 'grow_policy': 'depthwise', 'sample_type': 'weighted', 'normalize_type': 'tree', 'rate_drop': 2.714586884393713e
-05, 'skip_drop': 0.00018070129806112213}. Best is trial 152 with value: 0.7245851441616205.
[I 2022-10-22 03:19:24,310] Trial 208 finished with value: 0.7181626824027664 and parameters: {'booster': 'dart', 'lambda': 0.7200388714752401, 'alpha': 0.10609718712542526, 'subsample': 0.9361556971866709, 'colsample_bytree': 0.
9573791561931436, 'max_depth': 9, 'min_child_weight': 4, 'eta': 0.7490970864222616, 'gamma': 2.8760026470782478e-05, 'grow_policy': 'depthwise', 'sample_type': 'weighted', 'normalize_type': 'tree', 'rate_drop': 5.548760117734402e
-05, 'skip_drop': 0.00013346102286340776}. Best is trial 152 with value: 0.7245851441616205.
[I 2022-10-22 03:20:11,147] Trial 209 finished with value: 0.710190833205411 and parameters: {'booster': 'dart', 'lambda': 0.3085170744647001, 'alpha': 0.04446975747834374, 'subsample': 0.959597209358648, 'colsample_bytree': 0.98
70154466214057, 'max_depth': 9, 'min_child_weight': 4, 'eta': 0.4682765215087892, 'gamma': 0.011436019408530401, 'grow_policy': 'depthwise', 'sample_type': 'weighted', 'normalize_type': 'tree', 'rate_drop': 1.6789387609723216e-05
, 'skip_drop': 9.287426409882123e-05}. Best is trial 152 with value: 0.7245851441616205.
[I 2022-10-22 03:20:57,392] Trial 210 finished with value: 0.6916428655072655 and parameters: {'booster': 'dart', 'lambda': 0.4834809175187736, 'alpha': 0.025144638413671518, 'subsample': 0.9832180946678458, 'colsample_bytree': 0
.9705608509719961, 'max_depth': 9, 'min_child_weight': 4, 'eta': 0.28261926596348647, 'gamma': 9.093146421667114e-05, 'grow_policy': 'depthwise', 'sample_type': 'weighted', 'normalize_type': 'tree', 'rate_drop': 4.267013330957892
e-05, 'skip_drop': 3.1605721428357435e-05}. Best is trial 152 with value: 0.7245851441616205.
[I 2022-10-22 03:21:43,150] Trial 211 finished with value: 0.7223301902584558 and parameters: {'booster': 'dart', 'lambda': 0.6777691118606031, 'alpha': 0.03862308293861011, 'subsample': 0.9902895087357106, 'colsample_bytree': 0.
9475588145969158, 'max_depth': 9, 'min_child_weight': 4, 'eta': 0.9883030105657695, 'gamma': 0.00015054725114054673, 'grow_policy': 'depthwise', 'sample_type': 'weighted', 'normalize_type': 'tree', 'rate_drop': 6.687070413675787e
-05, 'skip_drop': 6.360851975781543e-05}. Best is trial 152 with value: 0.7245851441616205.
[I 2022-10-22 03:22:20,325] Trial 212 finished with value: 0.6169877911032391 and parameters: {'booster': 'dart', 'lambda': 0.7217524647698117, 'alpha': 0.00038382218923825725, 'subsample': 0.9638794812512658, 'colsample_bytree':
 0.35196433191680065, 'max_depth': 9, 'min_child_weight': 4, 'eta': 0.7198206106482445, 'gamma': 0.00024308461665380562, 'grow_policy': 'depthwise', 'sample_type': 'weighted', 'normalize_type': 'tree', 'rate_drop': 7.041788486368
486e-05, 'skip_drop': 4.8591443575490916e-05}. Best is trial 152 with value: 0.7245851441616205.
[I 2022-10-22 03:23:06,415] Trial 213 finished with value: 0.7218044971918142 and parameters: {'booster': 'dart', 'lambda': 0.9911361799687624, 'alpha': 0.04261092718493944, 'subsample': 0.9802750016022539, 'colsample_bytree': 0.
9565065794522288, 'max_depth': 9, 'min_child_weight': 4, 'eta': 0.9295895400054568, 'gamma': 6.455369838599647e-05, 'grow_policy': 'depthwise', 'sample_type': 'weighted', 'normalize_type': 'tree', 'rate_drop': 2.496606666687948e-
05, 'skip_drop': 0.0006366131815824811}. Best is trial 152 with value: 0.7245851441616205.
[I 2022-10-22 03:23:52,660] Trial 214 finished with value: 0.7234749639378539 and parameters: {'booster': 'dart', 'lambda': 0.44953586157912406, 'alpha': 0.012832497286968537, 'subsample': 0.9999858001138046, 'colsample_bytree':
0.9733608692458897, 'max_depth': 9, 'min_child_weight': 4, 'eta': 0.9615739289178347, 'gamma': 2.089215382612798e-05, 'grow_policy': 'depthwise', 'sample_type': 'weighted', 'normalize_type': 'tree', 'rate_drop': 1.079679599634075
9e-05, 'skip_drop': 0.00029855829500346126}. Best is trial 152 with value: 0.7245851441616205.
[I 2022-10-22 03:24:39,291] Trial 215 finished with value: 0.7118612957052111 and parameters: {'booster': 'dart', 'lambda': 0.29588341969075416, 'alpha': 0.013144709549941166, 'subsample': 0.9859685693925899, 'colsample_bytree':
0.9855204553989342, 'max_depth': 9, 'min_child_weight': 4, 'eta': 0.5524863546434282, 'gamma': 0.00019566878063089169, 'grow_policy': 'depthwise', 'sample_type': 'weighted', 'normalize_type': 'tree', 'rate_drop': 1.03496983120881
47e-05, 'skip_drop': 0.0002753018142216144}. Best is trial 152 with value: 0.7245851441616205.
[I 2022-10-22 03:25:12,499] Trial 216 finished with value: 0.6836087252318478 and parameters: {'booster': 'dart', 'lambda': 0.4133646623969576, 'alpha': 0.00996648269650192, 'subsample': 0.9982888396043954, 'colsample_bytree': 0.
970379243572862, 'max_depth': 5, 'min_child_weight': 4, 'eta': 0.9984918477759506, 'gamma': 1.7910795588707547e-05, 'grow_policy': 'depthwise', 'sample_type': 'weighted', 'normalize_type': 'tree', 'rate_drop': 1.790772290550569e-
05, 'skip_drop': 0.00034638006047588014}. Best is trial 152 with value: 0.7245851441616205.
[I 2022-10-22 03:25:58,458] Trial 217 finished with value: 0.6166416501557623 and parameters: {'booster': 'dart', 'lambda': 0.18594435384006155, 'alpha': 0.018408331599457647, 'subsample': 0.9697433712787115, 'colsample_bytree':
0.9540992332724183, 'max_depth': 9, 'min_child_weight': 4, 'eta': 2.3714933273781686e-06, 'gamma': 0.1319941463569177, 'grow_policy': 'depthwise', 'sample_type': 'weighted', 'normalize_type': 'tree', 'rate_drop': 9.98656304289761
3e-05, 'skip_drop': 0.00015948039404764926}. Best is trial 152 with value: 0.7245851441616205.
[I 2022-10-22 03:26:07,696] Trial 218 finished with value: 0.3642847380009144 and parameters: {'booster': 'gblinear', 'lambda': 0.4789845730709082, 'alpha': 0.026091667175464902, 'subsample': 0.9999444298311745, 'colsample_bytree
': 0.9992138032592328}. Best is trial 152 with value: 0.7245851441616205.
[I 2022-10-22 03:26:54,347] Trial 219 finished with value: 0.7177926359639889 and parameters: {'booster': 'dart', 'lambda': 0.27982755241954504, 'alpha': 0.06066658247399475, 'subsample': 0.9558382713054726, 'colsample_bytree': 0
.973325236143436, 'max_depth': 9, 'min_child_weight': 4, 'eta': 0.6935149605137879, 'gamma': 0.0001052334385987281, 'grow_policy': 'depthwise', 'sample_type': 'weighted', 'normalize_type': 'tree', 'rate_drop': 4.2380559902868085e
-05, 'skip_drop': 1.5755346510295562e-05}. Best is trial 152 with value: 0.7245851441616205.
[I 2022-10-22 03:27:41,346] Trial 220 finished with value: 0.7084650422642633 and parameters: {'booster': 'dart', 'lambda': 0.0010560586002159717, 'alpha': 0.0144548363701249, 'subsample': 0.9803116364284243, 'colsample_bytree':
0.9827633312584234, 'max_depth': 9, 'min_child_weight': 9, 'eta': 0.43147144204924526, 'gamma': 0.0003135573358327271, 'grow_policy': 'depthwise', 'sample_type': 'weighted', 'normalize_type': 'tree', 'rate_drop': 1.09625937096855
54e-05, 'skip_drop': 0.0013022779679949467}. Best is trial 152 with value: 0.7245851441616205.
[I 2022-10-22 03:28:19,245] Trial 221 finished with value: 0.6575768188420476 and parameters: {'booster': 'dart', 'lambda': 0.570628691312096, 'alpha': 0.04017847226116045, 'subsample': 0.9452480082422485, 'colsample_bytree': 0.4
2989109834580963, 'max_depth': 9, 'min_child_weight': 4, 'eta': 0.9665078201872299, 'gamma': 3.6705546507657984e-05, 'grow_policy': 'depthwise', 'sample_type': 'weighted', 'normalize_type': 'tree', 'rate_drop': 2.6644399404511598
e-05, 'skip_drop': 9.086762482382883e-05}. Best is trial 152 with value: 0.7245851441616205.
[I 2022-10-22 03:29:05,929] Trial 222 finished with value: 0.7227244533003379 and parameters: {'booster': 'dart', 'lambda': 0.6822187330022335, 'alpha': 0.08686376591960636, 'subsample': 0.9563799584512166, 'colsample_bytree': 0.
9489830296556377, 'max_depth': 9, 'min_child_weight': 4, 'eta': 0.9982002561419148, 'gamma': 2.0391802205222736e-05, 'grow_policy': 'depthwise', 'sample_type': 'weighted', 'normalize_type': 'tree', 'rate_drop': 6.965458618884897e
-05, 'skip_drop': 5.653344926999612e-05}. Best is trial 152 with value: 0.7245851441616205.
[I 2022-10-22 03:29:52,392] Trial 223 finished with value: 0.7153958825995052 and parameters: {'booster': 'dart', 'lambda': 0.3661542636424214, 'alpha': 0.0782029687424502, 'subsample': 0.9674079026042547, 'colsample_bytree': 0.9
547389042971071, 'max_depth': 9, 'min_child_weight': 4, 'eta': 0.6853757757666482, 'gamma': 2.228786688336905e-05, 'grow_policy': 'depthwise', 'sample_type': 'weighted', 'normalize_type': 'tree', 'rate_drop': 6.626580790448581e-0
5, 'skip_drop': 6.374082465381709e-05}. Best is trial 152 with value: 0.7245851441616205.
[I 2022-10-22 03:30:38,730] Trial 224 finished with value: 0.7162363137584572 and parameters: {'booster': 'dart', 'lambda': 0.7636222006672079, 'alpha': 0.18560272231133013, 'subsample': 0.9242595633912003, 'colsample_bytree': 0.
968128274794708, 'max_depth': 9, 'min_child_weight': 4, 'eta': 0.6826579352615578, 'gamma': 1.2835221850521721e-05, 'grow_policy': 'depthwise', 'sample_type': 'weighted', 'normalize_type': 'tree', 'rate_drop': 4.9156144962931336e
-05, 'skip_drop': 3.13545214229153e-05}. Best is trial 152 with value: 0.7245851441616205.
[I 2022-10-22 03:31:25,054] Trial 225 finished with value: 0.7130994532227393 and parameters: {'booster': 'dart', 'lambda': 0.5195334196154201, 'alpha': 0.10736693526597471, 'subsample': 0.9558930324954559, 'colsample_bytree': 0.
9471992589659342, 'max_depth': 9, 'min_child_weight': 4, 'eta': 0.5464299782117144, 'gamma': 0.0004534730472276083, 'grow_policy': 'depthwise', 'sample_type': 'weighted', 'normalize_type': 'tree', 'rate_drop': 7.707740494909374e-
05, 'skip_drop': 0.00011359950584578985}. Best is trial 152 with value: 0.7245851441616205.
[I 2022-10-22 03:31:59,674] Trial 226 finished with value: 0.717969009922377 and parameters: {'booster': 'gbtree', 'lambda': 0.23292247125537507, 'alpha': 0.06498300540243603, 'subsample': 0.9842930058409116, 'colsample_bytree':
0.9867034975428624, 'max_depth': 9, 'min_child_weight': 4, 'eta': 0.7266037279093546, 'gamma': 0.0015584657721001223, 'grow_policy': 'depthwise'}. Best is trial 152 with value: 0.7245851441616205.
[I 2022-10-22 03:32:45,784] Trial 227 finished with value: 0.720988291905926 and parameters: {'booster': 'dart', 'lambda': 0.9788794457169495, 'alpha': 0.029038852487413478, 'subsample': 0.9683223211649404, 'colsample_bytree': 0.
9654627094597467, 'max_depth': 9, 'min_child_weight': 4, 'eta': 0.9796280967187204, 'gamma': 0.00016695759017456237, 'grow_policy': 'depthwise', 'sample_type': 'weighted', 'normalize_type': 'tree', 'rate_drop': 1.886894279875289e
-05, 'skip_drop': 7.311792061887842e-05}. Best is trial 152 with value: 0.7245851441616205.
[I 2022-10-22 03:33:32,095] Trial 228 finished with value: 0.7235164704508682 and parameters: {'booster': 'dart', 'lambda': 0.3790334447332844, 'alpha': 0.09452965296236493, 'subsample': 0.9865222936408682, 'colsample_bytree': 0.
9994158395619736, 'max_depth': 9, 'min_child_weight': 4, 'eta': 0.9981485502390043, 'gamma': 7.965110273107738e-05, 'grow_policy': 'depthwise', 'sample_type': 'weighted', 'normalize_type': 'tree', 'rate_drop': 3.531508174699487e-
05, 'skip_drop': 1.7702244511647695e-05}. Best is trial 152 with value: 0.7245851441616205.
[I 2022-10-22 03:34:18,901] Trial 229 finished with value: 0.7085445683501528 and parameters: {'booster': 'dart', 'lambda': 0.3990048191265591, 'alpha': 0.15738197242873325, 'subsample': 0.9391461820163434, 'colsample_bytree': 0.
9990318913172969, 'max_depth': 9, 'min_child_weight': 4, 'eta': 0.4573713489430396, 'gamma': 5.9894158619899855e-05, 'grow_policy': 'depthwise', 'sample_type': 'weighted', 'normalize_type': 'tree', 'rate_drop': 3.4026013816365704
e-05, 'skip_drop': 1.8885833813991935e-05}. Best is trial 152 with value: 0.7245851441616205.
[I 2022-10-22 03:35:05,054] Trial 230 finished with value: 0.7166478689828842 and parameters: {'booster': 'dart', 'lambda': 0.1857805574242144, 'alpha': 0.09196787977257764, 'subsample': 0.9983862817479408, 'colsample_bytree': 0.
9830312223446146, 'max_depth': 9, 'min_child_weight': 4, 'eta': 0.646001828112648, 'gamma': 8.45653247131788e-05, 'grow_policy': 'depthwise', 'sample_type': 'weighted', 'normalize_type': 'tree', 'rate_drop': 1.2094076618111457e-0
5, 'skip_drop': 1.5319160341788343e-05}. Best is trial 152 with value: 0.7245851441616205.
[I 2022-10-22 03:35:51,508] Trial 231 finished with value: 0.7234991743211145 and parameters: {'booster': 'dart', 'lambda': 0.6536526184964674, 'alpha': 0.059519898419756474, 'subsample': 0.9816931576504538, 'colsample_bytree': 0
.9722101160343278, 'max_depth': 9, 'min_child_weight': 4, 'eta': 0.9982454982907227, 'gamma': 0.00012733821927199315, 'grow_policy': 'depthwise', 'sample_type': 'weighted', 'normalize_type': 'tree', 'rate_drop': 3.812724353887468
4e-05, 'skip_drop': 2.6452021741625885e-05}. Best is trial 152 with value: 0.7245851441616205.
[I 2022-10-22 03:36:38,273] Trial 232 finished with value: 0.7238277390664466 and parameters: {'booster': 'dart', 'lambda': 0.32085282483997873, 'alpha': 0.3465311395815404, 'subsample': 0.9689962837838395, 'colsample_bytree': 0.
9743519889066801, 'max_depth': 9, 'min_child_weight': 4, 'eta': 0.9729961490369267, 'gamma': 0.00013625451080274343, 'grow_policy': 'depthwise', 'sample_type': 'weighted', 'normalize_type': 'tree', 'rate_drop': 3.724516303320994e
-05, 'skip_drop': 2.2761885530382764e-05}. Best is trial 152 with value: 0.7245851441616205.
[I 2022-10-22 03:37:24,310] Trial 233 finished with value: 0.7181004429374465 and parameters: {'booster': 'dart', 'lambda': 0.6732674459691701, 'alpha': 0.31747997647908616, 'subsample': 0.9548425468593472, 'colsample_bytree': 0.
9738197230057316, 'max_depth': 9, 'min_child_weight': 4, 'eta': 0.6836890999667815, 'gamma': 0.00011743928698057449, 'grow_policy': 'depthwise', 'sample_type': 'weighted', 'normalize_type': 'tree', 'rate_drop': 3.562792328735773e
-05, 'skip_drop': 2.6453521901274973e-05}. Best is trial 152 with value: 0.7245851441616205.
[I 2022-10-22 03:38:10,424] Trial 234 finished with value: 0.723696311015291 and parameters: {'booster': 'dart', 'lambda': 0.3605128272621922, 'alpha': 0.4117458898190129, 'subsample': 0.9716989971460324, 'colsample_bytree': 0.98
58720389014274, 'max_depth': 9, 'min_child_weight': 4, 'eta': 0.9753330513866196, 'gamma': 0.00014148601613754418, 'grow_policy': 'depthwise', 'sample_type': 'weighted', 'normalize_type': 'tree', 'rate_drop': 2.033422299231417e-0
5, 'skip_drop': 3.603560595610958e-05}. Best is trial 152 with value: 0.7245851441616205.
[I 2022-10-22 03:38:56,592] Trial 235 finished with value: 0.7133899439715631 and parameters: {'booster': 'dart', 'lambda': 0.37803795825531217, 'alpha': 0.3183805634674917, 'subsample': 0.9726729260503724, 'colsample_bytree': 0.
9993070759928464, 'max_depth': 9, 'min_child_weight': 4, 'eta': 0.5322476577882047, 'gamma': 0.00014000713150824458, 'grow_policy': 'depthwise', 'sample_type': 'weighted', 'normalize_type': 'tree', 'rate_drop': 2.4005233390716196
e-05, 'skip_drop': 3.861762311013182e-05}. Best is trial 152 with value: 0.7245851441616205.
[I 2022-10-22 03:39:42,618] Trial 236 finished with value: 0.7188613073422998 and parameters: {'booster': 'dart', 'lambda': 0.6518754831719235, 'alpha': 0.3436860842055665, 'subsample': 0.9686261351321952, 'colsample_bytree': 0.9
82990214019775, 'max_depth': 9, 'min_child_weight': 4, 'eta': 0.7374618188681924, 'gamma': 2.6736389897476223e-05, 'grow_policy': 'depthwise', 'sample_type': 'weighted', 'normalize_type': 'tree', 'rate_drop': 3.5842859857603576e-
05, 'skip_drop': 2.375148431503211e-05}. Best is trial 152 with value: 0.7245851441616205.
[I 2022-10-22 03:40:28,787] Trial 237 finished with value: 0.7230599459349885 and parameters: {'booster': 'dart', 'lambda': 0.47227174027915186, 'alpha': 0.20965539594628446, 'subsample': 0.98277280922902, 'colsample_bytree': 0.9
69661198172146, 'max_depth': 9, 'min_child_weight': 4, 'eta': 0.9881931270081555, 'gamma': 0.0001931653511776563, 'grow_policy': 'depthwise', 'sample_type': 'weighted', 'normalize_type': 'tree', 'rate_drop': 1.4411047381848988e-0
5, 'skip_drop': 4.074971861630195e-05}. Best is trial 152 with value: 0.7245851441616205.
[I 2022-10-22 03:41:13,772] Trial 238 finished with value: 0.6171120215391565 and parameters: {'booster': 'dart', 'lambda': 0.32845311942396105, 'alpha': 0.8962735558130077, 'subsample': 0.9825392877610432, 'colsample_bytree': 0.
9701871790754456, 'max_depth': 9, 'min_child_weight': 4, 'eta': 0.0009729385063964586, 'gamma': 0.00018197646204527954, 'grow_policy': 'depthwise', 'sample_type': 'weighted', 'normalize_type': 'forest', 'rate_drop': 8.49413169872
915e-06, 'skip_drop': 3.1201515598832396e-05}. Best is trial 152 with value: 0.7245851441616205.
[I 2022-10-22 03:41:59,466] Trial 239 finished with value: 0.706012980971956 and parameters: {'booster': 'dart', 'lambda': 0.982907044412495, 'alpha': 0.43542206669712763, 'subsample': 0.9586595089765665, 'colsample_bytree': 0.98
62838169494218, 'max_depth': 9, 'min_child_weight': 4, 'eta': 0.39850163082687307, 'gamma': 9.349298270978946e-05, 'grow_policy': 'depthwise', 'sample_type': 'weighted', 'normalize_type': 'tree', 'rate_drop': 1.4567379397024371e-
05, 'skip_drop': 4.6475424734364776e-05}. Best is trial 152 with value: 0.7245851441616205.
[I 2022-10-22 03:42:45,241] Trial 240 finished with value: 0.7242047111817133 and parameters: {'booster': 'dart', 'lambda': 0.48805696799263343, 'alpha': 0.45429322615883, 'subsample': 0.9789522257079594, 'colsample_bytree': 0.99
98220985970674, 'max_depth': 9, 'min_child_weight': 4, 'eta': 0.9862382117417016, 'gamma': 0.00013639683852992388, 'grow_policy': 'depthwise', 'sample_type': 'weighted', 'normalize_type': 'tree', 'rate_drop': 2.032822094847946e-0
5, 'skip_drop': 0.40573396884437235}. Best is trial 152 with value: 0.7245851441616205.
[I 2022-10-22 03:43:30,966] Trial 241 finished with value: 0.7175747486148746 and parameters: {'booster': 'dart', 'lambda': 0.4804249002399912, 'alpha': 0.5629042052446985, 'subsample': 0.9836817755049527, 'colsample_bytree': 0.9
862747861342803, 'max_depth': 9, 'min_child_weight': 4, 'eta': 0.7142991308832229, 'gamma': 0.0001475928132297305, 'grow_policy': 'depthwise', 'sample_type': 'weighted', 'normalize_type': 'tree', 'rate_drop': 2.1255386521538123e-
05, 'skip_drop': 3.7898516255290235e-05}. Best is trial 152 with value: 0.7245851441616205.
[I 2022-10-22 03:44:17,296] Trial 242 finished with value: 0.7229319856261849 and parameters: {'booster': 'dart', 'lambda': 0.46264441537130346, 'alpha': 0.4225739690996168, 'subsample': 0.9714370534978364, 'colsample_bytree': 0.
9993483785490436, 'max_depth': 9, 'min_child_weight': 4, 'eta': 0.9869399637352924, 'gamma': 5.314078944400421e-05, 'grow_policy': 'depthwise', 'sample_type': 'weighted', 'normalize_type': 'tree', 'rate_drop': 1.2086515652201076e
-05, 'skip_drop': 0.00438866540173729}. Best is trial 152 with value: 0.7245851441616205.
[I 2022-10-22 03:45:03,010] Trial 243 finished with value: 0.7135628650195341 and parameters: {'booster': 'dart', 'lambda': 0.4491975561008791, 'alpha': 0.6828672628050496, 'subsample': 0.9670800053521941, 'colsample_bytree': 0.9
990686667416365, 'max_depth': 9, 'min_child_weight': 4, 'eta': 0.588725741408863, 'gamma': 5.398367378919335e-05, 'grow_policy': 'depthwise', 'sample_type': 'weighted', 'normalize_type': 'tree', 'rate_drop': 7.720915337876242e-06
, 'skip_drop': 0.20707831957063427}. Best is trial 152 with value: 0.7245851441616205.
[I 2022-10-22 03:45:49,009] Trial 244 finished with value: 0.718342541148271 and parameters: {'booster': 'dart', 'lambda': 0.29669845112060356, 'alpha': 0.4324289995199184, 'subsample': 0.9548616543223629, 'colsample_bytree': 0.9
860539476367376, 'max_depth': 9, 'min_child_weight': 4, 'eta': 0.7188567475986128, 'gamma': 9.498855116753844e-05, 'grow_policy': 'depthwise', 'sample_type': 'weighted', 'normalize_type': 'tree', 'rate_drop': 1.2339348132699085e-
05, 'skip_drop': 0.00762776836453314}. Best is trial 152 with value: 0.7245851441616205.
