[I 2022-10-22 01:16:07,121] Trial 43 finished with value: 0.6539209301611858 and parameters: {'booster': 'dart', 'lambda': 1.4019834446367642e-07, 'alpha': 2.5036274725398086e-05, 'subsample': 0.46444660195814624, 'colsample_bytr
ee': 0.6046179838630189, 'max_depth': 9, 'min_child_weight': 4, 'eta': 0.30025213090836683, 'gamma': 1.7255614823319095e-06, 'grow_policy': 'lossguide', 'sample_type': 'weighted', 'normalize_type': 'forest', 'rate_drop': 2.316153
777368959e-07, 'skip_drop': 0.0008731544070050946}. Best is trial 32 with value: 0.6904427270243565.
[I 2022-10-22 01:16:56,298] Trial 44 finished with value: 0.6367494868057693 and parameters: {'booster': 'dart', 'lambda': 4.693240195910439e-08, 'alpha': 5.092284569631622e-05, 'subsample': 0.4251606789840633, 'colsample_bytree'
: 0.7132462725221556, 'max_depth': 9, 'min_child_weight': 5, 'eta': 0.03209376634098245, 'gamma': 2.0292301233227455e-06, 'grow_policy': 'lossguide', 'sample_type': 'weighted', 'normalize_type': 'forest', 'rate_drop': 2.210248165
6942165e-06, 'skip_drop': 0.00027253919571952536}. Best is trial 32 with value: 0.6904427270243565.
[I 2022-10-22 01:17:05,542] Trial 45 finished with value: 0.28199263941767677 and parameters: {'booster': 'gblinear', 'lambda': 1.0300822068507487e-08, 'alpha': 1.3196948348463762e-06, 'subsample': 0.5036545639764409, 'colsample_
bytree': 0.6731429441076286}. Best is trial 32 with value: 0.6904427270243565.
[I 2022-10-22 01:17:35,058] Trial 46 finished with value: 0.6101569704020108 and parameters: {'booster': 'gbtree', 'lambda': 1.7194183983236695e-06, 'alpha': 0.00027717155327865433, 'subsample': 0.35927813013444115, 'colsample_by
tree': 0.5742541826911187, 'max_depth': 9, 'min_child_weight': 6, 'eta': 0.1309894321808156, 'gamma': 3.1281867887797145e-07, 'grow_policy': 'lossguide'}. Best is trial 32 with value: 0.6904427270243565.
[I 2022-10-22 01:18:13,393] Trial 47 finished with value: 0.5922629650978977 and parameters: {'booster': 'dart', 'lambda': 7.240092610463501e-07, 'alpha': 8.651284029943182e-05, 'subsample': 0.25564504493901474, 'colsample_bytree
': 0.4023955655886543, 'max_depth': 9, 'min_child_weight': 6, 'eta': 0.384440594677176, 'gamma': 6.509108249425769e-08, 'grow_policy': 'lossguide', 'sample_type': 'uniform', 'normalize_type': 'forest', 'rate_drop': 5.508589496469
077e-08, 'skip_drop': 0.008541038935042993}. Best is trial 32 with value: 0.6904427270243565.
[I 2022-10-22 01:18:42,647] Trial 48 finished with value: 0.4508199868313228 and parameters: {'booster': 'dart', 'lambda': 0.021512646719035015, 'alpha': 9.193571715552966e-06, 'subsample': 0.5733142742324105, 'colsample_bytree':
 0.6370111111235873, 'max_depth': 3, 'min_child_weight': 4, 'eta': 7.133158148232073e-07, 'gamma': 2.3910102534036575e-08, 'grow_policy': 'depthwise', 'sample_type': 'weighted', 'normalize_type': 'forest', 'rate_drop': 6.63928055
9933301e-07, 'skip_drop': 2.733965448504944e-05}. Best is trial 32 with value: 0.6904427270243565.
[I 2022-10-22 01:19:24,695] Trial 49 finished with value: 0.6906052770808074 and parameters: {'booster': 'dart', 'lambda': 1.1658066186542427e-07, 'alpha': 4.6826346978054067e-07, 'subsample': 0.621605189157798, 'colsample_bytree
': 0.7484271818153199, 'max_depth': 7, 'min_child_weight': 5, 'eta': 0.979811015139954, 'gamma': 8.250298374574694e-06, 'grow_policy': 'lossguide', 'sample_type': 'uniform', 'normalize_type': 'forest', 'rate_drop': 1.577490421832
9876e-07, 'skip_drop': 0.0003062029488052016}. Best is trial 49 with value: 0.6906052770808074.
[I 2022-10-22 01:20:07,962] Trial 50 finished with value: 0.5838896618819095 and parameters: {'booster': 'dart', 'lambda': 1.2336099733796914e-07, 'alpha': 1.9649872568331395e-07, 'subsample': 0.615712354276025, 'colsample_bytree
': 0.7217395580489289, 'max_depth': 7, 'min_child_weight': 10, 'eta': 0.03399322408195154, 'gamma': 5.0081654645718e-06, 'grow_policy': 'lossguide', 'sample_type': 'uniform', 'normalize_type': 'forest', 'rate_drop': 1.32728306913
4723e-05, 'skip_drop': 0.0001688182745352519}. Best is trial 49 with value: 0.6906052770808074.
[I 2022-10-22 01:20:58,585] Trial 51 finished with value: 0.6900311922536467 and parameters: {'booster': 'dart', 'lambda': 3.206980383629923e-08, 'alpha': 3.6355760592617394e-07, 'subsample': 0.41473569365750423, 'colsample_bytre
e': 0.7604990557028307, 'max_depth': 9, 'min_child_weight': 5, 'eta': 0.4267184714978722, 'gamma': 7.040475154332762e-07, 'grow_policy': 'lossguide', 'sample_type': 'uniform', 'normalize_type': 'forest', 'rate_drop': 1.6634796982
095717e-07, 'skip_drop': 0.0008969846313364787}. Best is trial 49 with value: 0.6906052770808074.
[I 2022-10-22 01:21:50,539] Trial 52 finished with value: 0.6931265800070419 and parameters: {'booster': 'dart', 'lambda': 3.9858773660231163e-08, 'alpha': 4.172162456523517e-08, 'subsample': 0.6453311286314513, 'colsample_bytree
': 0.8439071009445669, 'max_depth': 9, 'min_child_weight': 5, 'eta': 0.4061607462251615, 'gamma': 1.4080956838945586e-05, 'grow_policy': 'lossguide', 'sample_type': 'uniform', 'normalize_type': 'forest', 'rate_drop': 3.1082713003
70527e-08, 'skip_drop': 0.00047407475577058435}. Best is trial 52 with value: 0.6931265800070419.
[I 2022-10-22 01:22:32,302] Trial 53 finished with value: 0.6709056312579724 and parameters: {'booster': 'dart', 'lambda': 3.280826204482443e-08, 'alpha': 2.7420435636507322e-08, 'subsample': 0.6714329124579076, 'colsample_bytree
': 0.7535074134977844, 'max_depth': 7, 'min_child_weight': 3, 'eta': 0.49470944092782826, 'gamma': 1.7897364389617674e-05, 'grow_policy': 'lossguide', 'sample_type': 'uniform', 'normalize_type': 'forest', 'rate_drop': 2.366381053
98468e-08, 'skip_drop': 2.7134145177857865e-05}. Best is trial 52 with value: 0.6931265800070419.
[I 2022-10-22 01:23:26,768] Trial 54 finished with value: 0.6332978717310386 and parameters: {'booster': 'dart', 'lambda': 2.4672984051105445e-08, 'alpha': 6.911374330203953e-08, 'subsample': 0.5193488904163355, 'colsample_bytree
': 0.7705246712553041, 'max_depth': 9, 'min_child_weight': 5, 'eta': 3.4026181495744075e-05, 'gamma': 5.399571974127345e-07, 'grow_policy': 'lossguide', 'sample_type': 'uniform', 'normalize_type': 'forest', 'rate_drop': 1.1730999
126508155e-08, 'skip_drop': 0.0005559246040490364}. Best is trial 52 with value: 0.6931265800070419.
[I 2022-10-22 01:24:04,342] Trial 55 finished with value: 0.6245340154305928 and parameters: {'booster': 'dart', 'lambda': 8.959162045225859e-08, 'alpha': 4.0488816015046054e-07, 'subsample': 0.633210053321108, 'colsample_bytree'
: 0.8502706349242835, 'max_depth': 5, 'min_child_weight': 4, 'eta': 0.382155912362389, 'gamma': 6.196188667665174e-06, 'grow_policy': 'lossguide', 'sample_type': 'uniform', 'normalize_type': 'forest', 'rate_drop': 3.0322626629863
956e-08, 'skip_drop': 0.0009135141195568615}. Best is trial 52 with value: 0.6931265800070419.
[I 2022-10-22 01:24:53,288] Trial 56 finished with value: 0.7060579266399636 and parameters: {'booster': 'dart', 'lambda': 2.940641244689957e-07, 'alpha': 1.0320827193858899e-07, 'subsample': 0.9947562754978505, 'colsample_bytree
': 0.6905553057131643, 'max_depth': 9, 'min_child_weight': 6, 'eta': 0.9878738061093029, 'gamma': 9.216591829386404e-07, 'grow_policy': 'lossguide', 'sample_type': 'uniform', 'normalize_type': 'tree', 'rate_drop': 1.1218182834452
68e-08, 'skip_drop': 0.00011474488678932995}. Best is trial 56 with value: 0.7060579266399636.
[I 2022-10-22 01:25:32,491] Trial 57 finished with value: 0.596993941763265 and parameters: {'booster': 'dart', 'lambda': 2.6007306654495567e-07, 'alpha': 4.0227634385134834e-08, 'subsample': 0.9841970299147144, 'colsample_bytree
': 0.6929969987249804, 'max_depth': 7, 'min_child_weight': 6, 'eta': 0.06072552178447539, 'gamma': 2.287761932491724e-05, 'grow_policy': 'lossguide', 'sample_type': 'uniform', 'normalize_type': 'tree', 'rate_drop': 1.127953927815
2085e-08, 'skip_drop': 5.095731960258394e-05}. Best is trial 56 with value: 0.7060579266399636.
[I 2022-10-22 01:26:21,438] Trial 58 finished with value: 0.693987736762138 and parameters: {'booster': 'dart', 'lambda': 3.521703208641461e-08, 'alpha': 8.080899116972117e-08, 'subsample': 0.9493368035471962, 'colsample_bytree':
 0.8210811853521852, 'max_depth': 9, 'min_child_weight': 6, 'eta': 0.4462277188194972, 'gamma': 1.3460627605192122e-07, 'grow_policy': 'depthwise', 'sample_type': 'uniform', 'normalize_type': 'tree', 'rate_drop': 6.76606614228156
1e-08, 'skip_drop': 8.888750455466643e-06}. Best is trial 56 with value: 0.7060579266399636.
[I 2022-10-22 01:27:10,612] Trial 59 finished with value: 0.6615642524107214 and parameters: {'booster': 'dart', 'lambda': 1.504080172340882e-08, 'alpha': 1.1335400449542602e-07, 'subsample': 0.9480083665841231, 'colsample_bytree
': 0.8279425682910446, 'max_depth': 9, 'min_child_weight': 6, 'eta': 0.09108881474536973, 'gamma': 7.343782200896725e-07, 'grow_policy': 'depthwise', 'sample_type': 'uniform', 'normalize_type': 'tree', 'rate_drop': 0.000249154773
6280756, 'skip_drop': 3.21665808446964e-07}. Best is trial 56 with value: 0.7060579266399636.
[I 2022-10-22 01:27:20,532] Trial 60 finished with value: 0.1079541258121757 and parameters: {'booster': 'gblinear', 'lambda': 2.0982721014683823e-07, 'alpha': 3.9316495379024184e-08, 'subsample': 0.8996930627289322, 'colsample_b
ytree': 0.7828060003058519}. Best is trial 56 with value: 0.7060579266399636.
[I 2022-10-22 01:28:07,719] Trial 61 finished with value: 0.6935381171101931 and parameters: {'booster': 'dart', 'lambda': 3.900289169494454e-08, 'alpha': 2.1244754479752142e-07, 'subsample': 0.9321414057639363, 'colsample_bytree
': 0.743953839215073, 'max_depth': 9, 'min_child_weight': 5, 'eta': 0.4633328908228648, 'gamma': 1.5115488280587173e-07, 'grow_policy': 'depthwise', 'sample_type': 'uniform', 'normalize_type': 'tree', 'rate_drop': 9.3363112189038
12e-08, 'skip_drop': 8.123032305836564e-06}. Best is trial 56 with value: 0.7060579266399636.
[I 2022-10-22 01:28:54,635] Trial 62 finished with value: 0.6856216192599559 and parameters: {'booster': 'dart', 'lambda': 3.101134238929737e-08, 'alpha': 2.390999673938319e-07, 'subsample': 0.934574162493794, 'colsample_bytree':
 0.7389569045258092, 'max_depth': 9, 'min_child_weight': 6, 'eta': 0.39794787365714984, 'gamma': 1.4059087715772597e-07, 'grow_policy': 'depthwise', 'sample_type': 'uniform', 'normalize_type': 'tree', 'rate_drop': 1.0661104000200
565e-08, 'skip_drop': 3.870720986388274e-06}. Best is trial 56 with value: 0.7060579266399636.
[I 2022-10-22 01:29:44,360] Trial 63 finished with value: 0.6733784682042055 and parameters: {'booster': 'dart', 'lambda': 3.7809797866440415e-08, 'alpha': 1.1639054020655075e-08, 'subsample': 0.8406498978659812, 'colsample_bytre
e': 0.8751142919022976, 'max_depth': 9, 'min_child_weight': 7, 'eta': 0.16590806825818757, 'gamma': 3.040721786658824e-06, 'grow_policy': 'depthwise', 'sample_type': 'uniform', 'normalize_type': 'tree', 'rate_drop': 2.90787996413
34896e-07, 'skip_drop': 3.318244565348704e-06}. Best is trial 56 with value: 0.7060579266399636.
[I 2022-10-22 01:30:34,997] Trial 64 finished with value: 0.6975499975358055 and parameters: {'booster': 'dart', 'lambda': 3.6394171363207005e-07, 'alpha': 1.0926203146359555e-07, 'subsample': 0.9892827317553579, 'colsample_bytre
e': 0.8117478819260164, 'max_depth': 9, 'min_child_weight': 5, 'eta': 0.4143736717489558, 'gamma': 1.9729739927274465e-07, 'grow_policy': 'depthwise', 'sample_type': 'uniform', 'normalize_type': 'tree', 'rate_drop': 9.19385318092
7531e-07, 'skip_drop': 0.00010521358252163207}. Best is trial 56 with value: 0.7060579266399636.
[I 2022-10-22 01:31:22,676] Trial 65 finished with value: 0.6539451403650277 and parameters: {'booster': 'dart', 'lambda': 1.0585612550323552e-07, 'alpha': 1.1425312863680462e-07, 'subsample': 0.9978778963881431, 'colsample_bytre
e': 0.8169553637828955, 'max_depth': 9, 'min_child_weight': 6, 'eta': 0.05556299705372817, 'gamma': 1.4641118346634656e-07, 'grow_policy': 'depthwise', 'sample_type': 'uniform', 'normalize_type': 'tree', 'rate_drop': 1.5133746719
096697e-06, 'skip_drop': 0.00010247556735921457}. Best is trial 56 with value: 0.7060579266399636.
[I 2022-10-22 01:32:00,235] Trial 66 finished with value: 0.5901426164497672 and parameters: {'booster': 'dart', 'lambda': 1.7133238066197977e-07, 'alpha': 1.1167520129336616e-06, 'subsample': 0.9691601197231252, 'colsample_bytre
e': 0.7993380661748898, 'max_depth': 9, 'min_child_weight': 5, 'eta': 0.17012743341651507, 'gamma': 2.3131824626223158e-07, 'grow_policy': 'depthwise', 'sample_type': 'uniform', 'normalize_type': 'tree', 'rate_drop': 0.7929285877
984323, 'skip_drop': 1.0017483047037302e-05}. Best is trial 56 with value: 0.7060579266399636.
[I 2022-10-22 01:32:41,348] Trial 67 finished with value: 0.6871778819583277 and parameters: {'booster': 'dart', 'lambda': 3.534810599325502e-07, 'alpha': 2.2421712583211008e-08, 'subsample': 0.8832347905337483, 'colsample_bytree
': 0.873296712798523, 'max_depth': 7, 'min_child_weight': 6, 'eta': 0.5241627009890371, 'gamma': 4.0417122546889855e-05, 'grow_policy': 'depthwise', 'sample_type': 'uniform', 'normalize_type': 'tree', 'rate_drop': 9.8692630382560
26e-08, 'skip_drop': 4.045904990928245e-05}. Best is trial 56 with value: 0.7060579266399636.
[I 2022-10-22 01:33:18,505] Trial 68 finished with value: 0.6486916198475996 and parameters: {'booster': 'gbtree', 'lambda': 8.296827029381649e-08, 'alpha': 5.925890186099537e-07, 'subsample': 0.9114289429923644, 'colsample_bytre
e': 0.9497165072088611, 'max_depth': 9, 'min_child_weight': 7, 'eta': 0.018534372395339296, 'gamma': 6.470709611915161e-08, 'grow_policy': 'depthwise'}. Best is trial 56 with value: 0.7060579266399636.
[I 2022-10-22 01:33:54,682] Trial 69 finished with value: 0.5632699964363763 and parameters: {'booster': 'dart', 'lambda': 1.7022057469734198e-08, 'alpha': 2.2872372054516397e-06, 'subsample': 0.7822282239419484, 'colsample_bytre
e': 0.84425026215939, 'max_depth': 5, 'min_child_weight': 4, 'eta': 0.12135703626616538, 'gamma': 8.399952435546021e-07, 'grow_policy': 'depthwise', 'sample_type': 'uniform', 'normalize_type': 'tree', 'rate_drop': 1.8689746455615
603e-08, 'skip_drop': 9.56817626032565e-06}. Best is trial 56 with value: 0.7060579266399636.
[I 2022-10-22 01:34:38,219] Trial 70 finished with value: 0.6053703961076323 and parameters: {'booster': 'dart', 'lambda': 0.8490790203616365, 'alpha': 7.861100806192646e-08, 'subsample': 0.9597251839162777, 'colsample_bytree': 0
.6734168837497914, 'max_depth': 9, 'min_child_weight': 5, 'eta': 0.0004704995351362517, 'gamma': 6.177590996724432e-06, 'grow_policy': 'depthwise', 'sample_type': 'uniform', 'normalize_type': 'tree', 'rate_drop': 0.03464191207421
374, 'skip_drop': 0.00014931478034572134}. Best is trial 56 with value: 0.7060579266399636.
[I 2022-10-22 01:35:22,495] Trial 71 finished with value: 0.6942713326346607 and parameters: {'booster': 'dart', 'lambda': 5.145789967344182e-08, 'alpha': 0.435359155521527, 'subsample': 0.9962428892472415, 'colsample_bytree': 0.
7343313053095757, 'max_depth': 9, 'min_child_weight': 5, 'eta': 0.5353113328813475, 'gamma': 7.849773173527405e-07, 'grow_policy': 'depthwise', 'sample_type': 'uniform', 'normalize_type': 'tree', 'rate_drop': 1.270074924201731e-0
7, 'skip_drop': 0.0020118394948305}. Best is trial 56 with value: 0.7060579266399636.
[I 2022-10-22 01:36:07,430] Trial 72 finished with value: 0.6958829766430523 and parameters: {'booster': 'dart', 'lambda': 4.1867502426911506e-07, 'alpha': 0.16975733066680201, 'subsample': 0.936848003370928, 'colsample_bytree':
0.7348819743817392, 'max_depth': 9, 'min_child_weight': 5, 'eta': 0.5403852988146561, 'gamma': 2.1055375598367054e-07, 'grow_policy': 'depthwise', 'sample_type': 'uniform', 'normalize_type': 'tree', 'rate_drop': 1.042725491674284
3e-07, 'skip_drop': 0.001852937743118157}. Best is trial 56 with value: 0.7060579266399636.
[I 2022-10-22 01:36:51,637] Trial 73 finished with value: 0.67092641881333 and parameters: {'booster': 'dart', 'lambda': 4.746071926423714e-07, 'alpha': 0.4779149473222288, 'subsample': 0.9290032587878777, 'colsample_bytree': 0.7
319031739582372, 'max_depth': 9, 'min_child_weight': 6, 'eta': 0.21454729484571236, 'gamma': 2.215574608535165e-07, 'grow_policy': 'depthwise', 'sample_type': 'uniform', 'normalize_type': 'tree', 'rate_drop': 8.345507030214018e-0
7, 'skip_drop': 0.002078887162843602}. Best is trial 56 with value: 0.7060579266399636.
[I 2022-10-22 01:37:35,631] Trial 74 finished with value: 0.7014062306158791 and parameters: {'booster': 'dart', 'lambda': 1.7487319914250807e-06, 'alpha': 0.616594361360246, 'subsample': 0.9997662147781758, 'colsample_bytree': 0
.8006407854651895, 'max_depth': 9, 'min_child_weight': 5, 'eta': 0.5154443710673248, 'gamma': 1.1063711955010167e-06, 'grow_policy': 'depthwise', 'sample_type': 'uniform', 'normalize_type': 'tree', 'rate_drop': 3.317170625712838e
-07, 'skip_drop': 0.0002827716853587934}. Best is trial 56 with value: 0.7060579266399636.
[I 2022-10-22 01:38:23,896] Trial 75 finished with value: 0.6905707144253643 and parameters: {'booster': 'dart', 'lambda': 2.8822938311001634e-06, 'alpha': 0.054306349638693276, 'subsample': 0.9984485192330732, 'colsample_bytree'
: 0.9110346337565111, 'max_depth': 9, 'min_child_weight': 4, 'eta': 0.2913595384967467, 'gamma': 1.1564270304974255e-06, 'grow_policy': 'depthwise', 'sample_type': 'uniform', 'normalize_type': 'tree', 'rate_drop': 4.2196331074018
01e-07, 'skip_drop': 0.0018439835585758165}. Best is trial 56 with value: 0.7060579266399636.
[I 2022-10-22 01:39:08,332] Trial 76 finished with value: 0.7015549375726057 and parameters: {'booster': 'dart', 'lambda': 1.9767919914857185e-06, 'alpha': 0.5816095789005645, 'subsample': 0.9731706717573531, 'colsample_bytree':
0.8121184664216665, 'max_depth': 9, 'min_child_weight': 5, 'eta': 0.5433281990217408, 'gamma': 3.2454396199355264e-06, 'grow_policy': 'depthwise', 'sample_type': 'uniform', 'normalize_type': 'tree', 'rate_drop': 1.094050529175028
7e-07, 'skip_drop': 5.809399937658076e-07}. Best is trial 56 with value: 0.7060579266399636.
[I 2022-10-22 01:39:53,122] Trial 77 finished with value: 0.6558161868476395 and parameters: {'booster': 'dart', 'lambda': 1.625449238209337e-06, 'alpha': 0.4029054016031441, 'subsample': 0.9744800498044138, 'colsample_bytree': 0
.8129261260505847, 'max_depth': 9, 'min_child_weight': 7, 'eta': 0.06627823862328203, 'gamma': 9.467738396983436e-08, 'grow_policy': 'depthwise', 'sample_type': 'uniform', 'normalize_type': 'tree', 'rate_drop': 1.1915938699167782
e-07, 'skip_drop': 3.17391694289419e-07}. Best is trial 56 with value: 0.7060579266399636.
[I 2022-10-22 01:40:26,424] Trial 78 finished with value: 0.6872332350398256 and parameters: {'booster': 'gbtree', 'lambda': 1.3760188698614955e-05, 'alpha': 0.19763899858861678, 'subsample': 0.9457902916110908, 'colsample_bytree
': 0.7790401969035631, 'max_depth': 9, 'min_child_weight': 6, 'eta': 0.5253810228857447, 'gamma': 3.0889971343057916e-06, 'grow_policy': 'depthwise'}. Best is trial 56 with value: 0.7060579266399636.
[I 2022-10-22 01:41:10,420] Trial 79 finished with value: 0.6522643279254866 and parameters: {'booster': 'dart', 'lambda': 4.2178736916765465e-05, 'alpha': 0.7997754304405191, 'subsample': 0.8615530754956673, 'colsample_bytree':
0.69480923295233, 'max_depth': 9, 'min_child_weight': 5, 'eta': 0.12077274618704585, 'gamma': 4.601612865509765e-07, 'grow_policy': 'depthwise', 'sample_type': 'uniform', 'normalize_type': 'tree', 'rate_drop': 3.1438213806958425e
-07, 'skip_drop': 2.1060267427444285e-08}. Best is trial 56 with value: 0.7060579266399636.
[I 2022-10-22 01:41:56,977] Trial 80 finished with value: 0.6771482751787564 and parameters: {'booster': 'dart', 'lambda': 4.906117705145004e-06, 'alpha': 0.014988663141411528, 'subsample': 0.9074833584300555, 'colsample_bytree':
 0.8028177685495421, 'max_depth': 9, 'min_child_weight': 4, 'eta': 0.21922773877439916, 'gamma': 4.38841099427746e-08, 'grow_policy': 'depthwise', 'sample_type': 'uniform', 'normalize_type': 'tree', 'rate_drop': 1.182951804636705
8e-06, 'skip_drop': 1.2847463321478345e-06}. Best is trial 56 with value: 0.7060579266399636.
[I 2022-10-22 01:42:42,028] Trial 81 finished with value: 0.7050238443514321 and parameters: {'booster': 'dart', 'lambda': 2.4978286603572586e-07, 'alpha': 0.28603670278175525, 'subsample': 0.9586220234759882, 'colsample_bytree':
 0.8503362481889787, 'max_depth': 9, 'min_child_weight': 5, 'eta': 0.5867414163541105, 'gamma': 3.0883867366365682e-06, 'grow_policy': 'depthwise', 'sample_type': 'uniform', 'normalize_type': 'tree', 'rate_drop': 9.18981134732076
3e-08, 'skip_drop': 7.73630318974525e-05}. Best is trial 56 with value: 0.7060579266399636.
[I 2022-10-22 01:43:30,316] Trial 82 finished with value: 0.7101596988202343 and parameters: {'booster': 'dart', 'lambda': 3.4651446516673044e-07, 'alpha': 0.3088244567434549, 'subsample': 0.955346451868394, 'colsample_bytree': 0
.8964749046673395, 'max_depth': 9, 'min_child_weight': 5, 'eta': 0.6222342025243559, 'gamma': 2.0200864714207232e-07, 'grow_policy': 'depthwise', 'sample_type': 'uniform', 'normalize_type': 'tree', 'rate_drop': 9.129664115632302e
-08, 'skip_drop': 9.892460740485764e-05}. Best is trial 82 with value: 0.7101596988202343.
[I 2022-10-22 01:44:16,058] Trial 83 finished with value: 0.709270854490147 and parameters: {'booster': 'dart', 'lambda': 4.2927263348333855e-07, 'alpha': 0.22528352784648545, 'subsample': 0.9594905276972168, 'colsample_bytree':
0.884277363998734, 'max_depth': 9, 'min_child_weight': 5, 'eta': 0.6246298493844942, 'gamma': 1.2242295122812113e-06, 'grow_policy': 'depthwise', 'sample_type': 'uniform', 'normalize_type': 'tree', 'rate_drop': 2.9720674768838082
e-06, 'skip_drop': 9.29991367075575e-05}. Best is trial 82 with value: 0.7101596988202343.
