S:\repositories\Teaching\flightsML\venv\Scripts\python.exe S:\repositories\Teaching\flightsML\flights_arrival_time_prediction\flights_arrival_time_prediction.py
Columns (77,84) have mixed types. Specify dtype option on import or set low_memory=False.
Default parameter min_samples_leaf will change in version 2.6.See https://github.com/scikit-learn-contrib/category_encoders/issues/327
Default parameter smoothing will change in version 2.6.See https://github.com/scikit-learn-contrib/category_encoders/issues/327
[I 2022-10-24 08:15:48,906] A new study created in memory with name: no-name-06670c46-15d1-42f5-af15-550951523240
GaussianNB
[I 2022-10-24 08:15:49,682] Trial 0 finished with value: 0.314267729957581 and parameters: {'var_smoothing': 7.64704761210569e-05}. Best is trial 0 with value: 0.314267729957581.
[I 2022-10-24 08:15:50,473] Trial 1 finished with value: 0.31463087404428347 and parameters: {'var_smoothing': 0.0015227385783880476}. Best is trial 1 with value: 0.31463087404428347.
[I 2022-10-24 08:15:51,268] Trial 2 finished with value: 0.3506996449341149 and parameters: {'var_smoothing': 5.893239155429312e-13}. Best is trial 2 with value: 0.3506996449341149.
[I 2022-10-24 08:15:52,041] Trial 3 finished with value: 0.3161664516353024 and parameters: {'var_smoothing': 1.3969250690694231e-05}. Best is trial 2 with value: 0.3506996449341149.
[I 2022-10-24 08:15:52,821] Trial 4 finished with value: 0.3152015292854415 and parameters: {'var_smoothing': 2.212428616571839e-05}. Best is trial 2 with value: 0.3506996449341149.
[I 2022-10-24 08:15:53,625] Trial 5 finished with value: 0.3457954837745069 and parameters: {'var_smoothing': 5.736659561432351e-07}. Best is trial 2 with value: 0.3506996449341149.
[I 2022-10-24 08:15:54,423] Trial 6 finished with value: 0.31702762274388424 and parameters: {'var_smoothing': 0.009705798608361113}. Best is trial 2 with value: 0.3506996449341149.
[I 2022-10-24 08:15:55,196] Trial 7 finished with value: 0.3506996449341149 and parameters: {'var_smoothing': 5.7191167426595825e-15}. Best is trial 2 with value: 0.3506996449341149.
[I 2022-10-24 08:15:55,973] Trial 8 finished with value: 0.3506996449341149 and parameters: {'var_smoothing': 2.587881185436994e-13}. Best is trial 2 with value: 0.3506996449341149.
[I 2022-10-24 08:15:56,743] Trial 9 finished with value: 0.31624253994174084 and parameters: {'var_smoothing': 0.006535495567333591}. Best is trial 2 with value: 0.3506996449341149.
[I 2022-10-24 08:15:57,531] Trial 10 finished with value: 0.35072385459970123 and parameters: {'var_smoothing': 6.032036320357714e-11}. Best is trial 10 with value: 0.35072385459970123.
[I 2022-10-24 08:15:58,302] Trial 11 finished with value: 0.35071693747549715 and parameters: {'var_smoothing': 4.468967714077007e-11}. Best is trial 10 with value: 0.35072385459970123.
[I 2022-10-24 08:15:59,058] Trial 12 finished with value: 0.3507342307345538 and parameters: {'var_smoothing': 3.554721877341775e-10}. Best is trial 12 with value: 0.3507342307345538.
[I 2022-10-24 08:15:59,827] Trial 13 finished with value: 0.3511872939671499 and parameters: {'var_smoothing': 3.305384819906125e-09}. Best is trial 13 with value: 0.3511872939671499.
[I 2022-10-24 08:16:00,630] Trial 14 finished with value: 0.3544486712908263 and parameters: {'var_smoothing': 4.760785008426339e-08}. Best is trial 14 with value: 0.3544486712908263.
[I 2022-10-24 08:16:01,419] Trial 15 finished with value: 0.3532866121271766 and parameters: {'var_smoothing': 3.075265374541639e-08}. Best is trial 14 with value: 0.3544486712908263.
[I 2022-10-24 08:16:02,177] Trial 16 finished with value: 0.35721547695509404 and parameters: {'var_smoothing': 1.1027718505022909e-07}. Best is trial 16 with value: 0.35721547695509404.
[I 2022-10-24 08:16:02,948] Trial 17 finished with value: 0.35731923549272826 and parameters: {'var_smoothing': 2.5026169544682536e-07}. Best is trial 17 with value: 0.35731923549272826.
[I 2022-10-24 08:16:03,723] Trial 18 finished with value: 0.33458992766408946 and parameters: {'var_smoothing': 1.8957992628051232e-06}. Best is trial 17 with value: 0.35731923549272826.
[I 2022-10-24 08:16:04,484] Trial 19 finished with value: 0.3539956071611373 and parameters: {'var_smoothing': 4.0608141657718315e-08}. Best is trial 17 with value: 0.35731923549272826.
[I 2022-10-24 08:16:05,266] Trial 20 finished with value: 0.34821298043776705 and parameters: {'var_smoothing': 4.0004108340045276e-07}. Best is trial 17 with value: 0.35731923549272826.
[I 2022-10-24 08:16:06,039] Trial 21 finished with value: 0.352982262130957 and parameters: {'var_smoothing': 2.5126646664080826e-08}. Best is trial 17 with value: 0.35731923549272826.
[I 2022-10-24 08:16:06,798] Trial 22 finished with value: 0.3513325512429938 and parameters: {'var_smoothing': 3.973334862809971e-09}. Best is trial 17 with value: 0.35731923549272826.
[I 2022-10-24 08:16:07,576] Trial 23 finished with value: 0.35753020266752283 and parameters: {'var_smoothing': 1.951479358593416e-07}. Best is trial 23 with value: 0.35753020266752283.
[I 2022-10-24 08:16:08,332] Trial 24 finished with value: 0.31407059505759033 and parameters: {'var_smoothing': 0.00017577784532644866}. Best is trial 23 with value: 0.35753020266752283.
[I 2022-10-24 08:16:09,097] Trial 25 finished with value: 0.32237101844965604 and parameters: {'var_smoothing': 4.082857202319072e-06}. Best is trial 23 with value: 0.35753020266752283.
[I 2022-10-24 08:16:09,856] Trial 26 finished with value: 0.3566551997625866 and parameters: {'var_smoothing': 2.924731079645264e-07}. Best is trial 23 with value: 0.35753020266752283.
[I 2022-10-24 08:16:10,636] Trial 27 finished with value: 0.3507549817483288 and parameters: {'var_smoothing': 4.0474901358464846e-10}. Best is trial 23 with value: 0.35753020266752283.
[I 2022-10-24 08:16:11,407] Trial 28 finished with value: 0.35081031784486844 and parameters: {'var_smoothing': 7.293724371032019e-10}. Best is trial 23 with value: 0.35753020266752283.
[I 2022-10-24 08:16:12,176] Trial 29 finished with value: 0.31428848103116225 and parameters: {'var_smoothing': 6.495055356397075e-05}. Best is trial 23 with value: 0.35753020266752283.
[I 2022-10-24 08:16:12,940] Trial 30 finished with value: 0.3507031034065076 and parameters: {'var_smoothing': 1.174280815085683e-11}. Best is trial 23 with value: 0.35753020266752283.
[I 2022-10-24 08:16:13,723] Trial 31 finished with value: 0.3570321776790538 and parameters: {'var_smoothing': 2.753557478456758e-07}. Best is trial 23 with value: 0.35753020266752283.
[I 2022-10-24 08:16:14,488] Trial 32 finished with value: 0.3573814880556038 and parameters: {'var_smoothing': 2.459769870703301e-07}. Best is trial 23 with value: 0.35753020266752283.
[I 2022-10-24 08:16:15,260] Trial 33 finished with value: 0.33112450573218594 and parameters: {'var_smoothing': 2.260988106572806e-06}. Best is trial 23 with value: 0.35753020266752283.
[I 2022-10-24 08:16:16,044] Trial 34 finished with value: 0.3518617040379584 and parameters: {'var_smoothing': 7.618520542697106e-09}. Best is trial 23 with value: 0.35753020266752283.
[I 2022-10-24 08:16:16,810] Trial 35 finished with value: 0.31403255102398353 and parameters: {'var_smoothing': 0.0004036389799398219}. Best is trial 23 with value: 0.35753020266752283.
[I 2022-10-24 08:16:17,576] Trial 36 finished with value: 0.3147311715378588 and parameters: {'var_smoothing': 3.295924530233667e-05}. Best is trial 23 with value: 0.35753020266752283.
[I 2022-10-24 08:16:18,355] Trial 37 finished with value: 0.3197702174866357 and parameters: {'var_smoothing': 5.800700956737764e-06}. Best is trial 23 with value: 0.35753020266752283.
[I 2022-10-24 08:16:19,128] Trial 38 finished with value: 0.3454911362303411 and parameters: {'var_smoothing': 6.976266117265579e-07}. Best is trial 23 with value: 0.35753020266752283.
[I 2022-10-24 08:16:19,912] Trial 39 finished with value: 0.3572708132310522 and parameters: {'var_smoothing': 9.862219110092699e-08}. Best is trial 23 with value: 0.35753020266752283.
[I 2022-10-24 08:16:20,700] Trial 40 finished with value: 0.31813088410906726 and parameters: {'var_smoothing': 8.03151323085336e-06}. Best is trial 23 with value: 0.35753020266752283.
[I 2022-10-24 08:16:21,478] Trial 41 finished with value: 0.357049468605669 and parameters: {'var_smoothing': 9.28483891108036e-08}. Best is trial 23 with value: 0.35753020266752283.
[I 2022-10-24 08:16:22,251] Trial 42 finished with value: 0.34018233302330164 and parameters: {'var_smoothing': 1.3877876583201617e-06}. Best is trial 23 with value: 0.35753020266752283.
[I 2022-10-24 08:16:23,031] Trial 43 finished with value: 0.35767545820898716 and parameters: {'var_smoothing': 1.6575762833708539e-07}. Best is trial 43 with value: 0.35767545820898716.
[I 2022-10-24 08:16:23,793] Trial 44 finished with value: 0.3519412503981463 and parameters: {'var_smoothing': 8.932690715365453e-09}. Best is trial 43 with value: 0.35767545820898716.
[I 2022-10-24 08:16:24,572] Trial 45 finished with value: 0.3509451991652783 and parameters: {'var_smoothing': 1.3758150326196584e-09}. Best is trial 43 with value: 0.35767545820898716.
[I 2022-10-24 08:16:25,355] Trial 46 finished with value: 0.3576547073746307 and parameters: {'var_smoothing': 1.6552002561309113e-07}. Best is trial 43 with value: 0.35767545820898716.
[I 2022-10-24 08:16:26,123] Trial 47 finished with value: 0.3521833472334283 and parameters: {'var_smoothing': 1.385518913521543e-08}. Best is trial 43 with value: 0.35767545820898716.
[I 2022-10-24 08:16:26,887] Trial 48 finished with value: 0.3160211953163576 and parameters: {'var_smoothing': 1.5453139624608837e-05}. Best is trial 43 with value: 0.35767545820898716.
[I 2022-10-24 08:16:27,655] Trial 49 finished with value: 0.35767200081310585 and parameters: {'var_smoothing': 1.8487842813885325e-07}. Best is trial 43 with value: 0.35767545820898716.
[I 2022-10-24 08:16:28,425] Trial 50 finished with value: 0.31430577381176933 and parameters: {'var_smoothing': 0.0010822158611623071}. Best is trial 43 with value: 0.35767545820898716.
[I 2022-10-24 08:16:29,204] Trial 51 finished with value: 0.35746794938697296 and parameters: {'var_smoothing': 1.9808060236879423e-07}. Best is trial 43 with value: 0.35767545820898716.
[I 2022-10-24 08:16:29,967] Trial 52 finished with value: 0.3457539821656002 and parameters: {'var_smoothing': 6.617824114142624e-07}. Best is trial 43 with value: 0.35767545820898716.
[I 2022-10-24 08:16:30,746] Trial 53 finished with value: 0.3572500622172772 and parameters: {'var_smoothing': 9.922454618749997e-08}. Best is trial 43 with value: 0.35767545820898716.
[I 2022-10-24 08:16:31,505] Trial 54 finished with value: 0.34236810844787646 and parameters: {'var_smoothing': 1.1755348510707312e-06}. Best is trial 43 with value: 0.35767545820898716.
[I 2022-10-24 08:16:32,264] Trial 55 finished with value: 0.3526156599905052 and parameters: {'var_smoothing': 1.920847484575737e-08}. Best is trial 43 with value: 0.35767545820898716.
[I 2022-10-24 08:16:33,025] Trial 56 finished with value: 0.3506996449341149 and parameters: {'var_smoothing': 5.481174813786939e-15}. Best is trial 43 with value: 0.35767545820898716.
[I 2022-10-24 08:16:33,809] Trial 57 finished with value: 0.35767891721963563 and parameters: {'var_smoothing': 1.650737533394241e-07}. Best is trial 57 with value: 0.35767891721963563.
[I 2022-10-24 08:16:34,580] Trial 58 finished with value: 0.3511803769625582 and parameters: {'var_smoothing': 3.2942566793141323e-09}. Best is trial 57 with value: 0.35767891721963563.
[I 2022-10-24 08:16:35,346] Trial 59 finished with value: 0.3535183324089629 and parameters: {'var_smoothing': 3.496162626303029e-08}. Best is trial 57 with value: 0.35767891721963563.
[I 2022-10-24 08:16:36,107] Trial 60 finished with value: 0.35071347924232915 and parameters: {'var_smoothing': 1.0197224402899232e-10}. Best is trial 57 with value: 0.35767891721963563.
[I 2022-10-24 08:16:36,873] Trial 61 finished with value: 0.3506996449341149 and parameters: {'var_smoothing': 1.2454479777734079e-15}. Best is trial 57 with value: 0.35767891721963563.
[I 2022-10-24 08:16:37,643] Trial 62 finished with value: 0.35769621047869216 and parameters: {'var_smoothing': 1.7957020259181544e-07}. Best is trial 62 with value: 0.35769621047869216.
[I 2022-10-24 08:16:38,397] Trial 63 finished with value: 0.32635176502834745 and parameters: {'var_smoothing': 2.968582177647422e-06}. Best is trial 62 with value: 0.35769621047869216.
[I 2022-10-24 08:16:39,165] Trial 64 finished with value: 0.35601883486170266 and parameters: {'var_smoothing': 7.03305012789519e-08}. Best is trial 62 with value: 0.35769621047869216.
[I 2022-10-24 08:16:39,947] Trial 65 finished with value: 0.35772387843725273 and parameters: {'var_smoothing': 1.8045481531459786e-07}. Best is trial 65 with value: 0.35772387843725273.
[I 2022-10-24 08:16:40,714] Trial 66 finished with value: 0.35095211616987 and parameters: {'var_smoothing': 1.6156677103950792e-09}. Best is trial 65 with value: 0.35772387843725273.
[I 2022-10-24 08:16:41,491] Trial 67 finished with value: 0.3451349111816409 and parameters: {'var_smoothing': 7.530449796028679e-07}. Best is trial 65 with value: 0.35772387843725273.
[I 2022-10-24 08:16:42,257] Trial 68 finished with value: 0.35188937187690644 and parameters: {'var_smoothing': 7.925777065097575e-09}. Best is trial 65 with value: 0.35772387843725273.
[I 2022-10-24 08:16:43,018] Trial 69 finished with value: 0.35383305746352356 and parameters: {'var_smoothing': 3.8675345227600626e-08}. Best is trial 65 with value: 0.35772387843725273.
[I 2022-10-24 08:16:43,770] Trial 70 finished with value: 0.3172109220797307 and parameters: {'var_smoothing': 9.946464693691102e-06}. Best is trial 65 with value: 0.35772387843725273.
[I 2022-10-24 08:16:44,556] Trial 71 finished with value: 0.357561328739639 and parameters: {'var_smoothing': 2.1502347996329174e-07}. Best is trial 65 with value: 0.35772387843725273.
[I 2022-10-24 08:16:45,340] Trial 72 finished with value: 0.3574817836353811 and parameters: {'var_smoothing': 1.96939739411693e-07}. Best is trial 65 with value: 0.35772387843725273.
[I 2022-10-24 08:16:46,106] Trial 73 finished with value: 0.34669123637748195 and parameters: {'var_smoothing': 4.65240662589398e-07}. Best is trial 65 with value: 0.35772387843725273.
[I 2022-10-24 08:16:46,876] Trial 74 finished with value: 0.3506996449341149 and parameters: {'var_smoothing': 4.0955521773448337e-13}. Best is trial 65 with value: 0.35772387843725273.
[I 2022-10-24 08:16:47,646] Trial 75 finished with value: 0.33021145843480576 and parameters: {'var_smoothing': 2.3515825334608373e-06}. Best is trial 65 with value: 0.35772387843725273.
[I 2022-10-24 08:16:48,423] Trial 76 finished with value: 0.3576685407857521 and parameters: {'var_smoothing': 1.604956520157089e-07}. Best is trial 65 with value: 0.35772387843725273.
[I 2022-10-24 08:16:49,182] Trial 77 finished with value: 0.3145651622315347 and parameters: {'var_smoothing': 4.305113813252222e-05}. Best is trial 65 with value: 0.35772387843725273.
[I 2022-10-24 08:16:49,957] Trial 78 finished with value: 0.3526779129122179 and parameters: {'var_smoothing': 1.9778304446719523e-08}. Best is trial 65 with value: 0.35772387843725273.
[I 2022-10-24 08:16:50,725] Trial 79 finished with value: 0.3573365238476772 and parameters: {'var_smoothing': 1.2292718314086574e-07}. Best is trial 65 with value: 0.35772387843725273.
[I 2022-10-24 08:16:51,492] Trial 80 finished with value: 0.35530638219263594 and parameters: {'var_smoothing': 5.872093885704781e-08}. Best is trial 65 with value: 0.35772387843725273.
[I 2022-10-24 08:16:52,265] Trial 81 finished with value: 0.3469471660856298 and parameters: {'var_smoothing': 4.450146655735924e-07}. Best is trial 65 with value: 0.35772387843725273.
[I 2022-10-24 08:16:53,045] Trial 82 finished with value: 0.3426344139320397 and parameters: {'var_smoothing': 1.1312578425671843e-06}. Best is trial 65 with value: 0.35772387843725273.
[I 2022-10-24 08:16:53,826] Trial 83 finished with value: 0.357637415969566 and parameters: {'var_smoothing': 1.8717431172784058e-07}. Best is trial 65 with value: 0.35772387843725273.
[I 2022-10-24 08:16:54,600] Trial 84 finished with value: 0.3574506552906297 and parameters: {'var_smoothing': 1.4149148820545602e-07}. Best is trial 65 with value: 0.35772387843725273.
[I 2022-10-24 08:16:55,362] Trial 85 finished with value: 0.32240214500022163 and parameters: {'var_smoothing': 4.0732318429650275e-06}. Best is trial 65 with value: 0.35772387843725273.
[I 2022-10-24 08:16:56,129] Trial 86 finished with value: 0.3520830498594654 and parameters: {'var_smoothing': 1.2706431047546394e-08}. Best is trial 65 with value: 0.35772387843725273.
[I 2022-10-24 08:16:56,892] Trial 87 finished with value: 0.35153660314757607 and parameters: {'var_smoothing': 4.925715644453071e-09}. Best is trial 65 with value: 0.35772387843725273.
[I 2022-10-24 08:16:57,678] Trial 88 finished with value: 0.35081378026446974 and parameters: {'var_smoothing': 3.5188860209680207e-07}. Best is trial 65 with value: 0.35772387843725273.
[I 2022-10-24 08:16:58,441] Trial 89 finished with value: 0.3536220878366752 and parameters: {'var_smoothing': 3.562110215067028e-08}. Best is trial 65 with value: 0.35772387843725273.
[I 2022-10-24 08:16:59,211] Trial 90 finished with value: 0.33940416836206755 and parameters: {'var_smoothing': 1.4860013422843778e-06}. Best is trial 65 with value: 0.35772387843725273.
[I 2022-10-24 08:16:59,982] Trial 91 finished with value: 0.3577204198452476 and parameters: {'var_smoothing': 1.8055550768426117e-07}. Best is trial 65 with value: 0.35772387843725273.
[I 2022-10-24 08:17:00,783] Trial 92 finished with value: 0.355455098120291 and parameters: {'var_smoothing': 6.282098884230574e-08}. Best is trial 65 with value: 0.35772387843725273.
[I 2022-10-24 08:17:01,554] Trial 93 finished with value: 0.35756478721203167 and parameters: {'var_smoothing': 2.139205095074528e-07}. Best is trial 65 with value: 0.35772387843725273.
[I 2022-10-24 08:17:02,320] Trial 94 finished with value: 0.34519024739779286 and parameters: {'var_smoothing': 7.503083392703613e-07}. Best is trial 65 with value: 0.35772387843725273.
[I 2022-10-24 08:17:03,082] Trial 95 finished with value: 0.3529891791355487 and parameters: {'var_smoothing': 2.5297844253660297e-08}. Best is trial 65 with value: 0.35772387843725273.
[I 2022-10-24 08:17:03,860] Trial 96 finished with value: 0.35070310346631384 and parameters: {'var_smoothing': 1.3708669618514808e-12}. Best is trial 65 with value: 0.35772387843725273.
[I 2022-10-24 08:17:04,641] Trial 97 finished with value: 0.34915023692228403 and parameters: {'var_smoothing': 3.793226454982708e-07}. Best is trial 65 with value: 0.35772387843725273.
[I 2022-10-24 08:17:05,406] Trial 98 finished with value: 0.3572362277894506 and parameters: {'var_smoothing': 1.1475644061906693e-07}. Best is trial 65 with value: 0.35772387843725273.
[I 2022-10-24 08:17:06,184] Trial 99 finished with value: 0.3213784248518941 and parameters: {'var_smoothing': 4.552451488919058e-06}. Best is trial 65 with value: 0.35772387843725273.
[I 2022-10-24 08:17:06,945] Trial 100 finished with value: 0.3553132989580029 and parameters: {'var_smoothing': 5.818865508430404e-08}. Best is trial 65 with value: 0.35772387843725273.
[I 2022-10-24 08:17:07,742] Trial 101 finished with value: 0.35754057832392583 and parameters: {'var_smoothing': 2.0167122117572348e-07}. Best is trial 65 with value: 0.35772387843725273.
[I 2022-10-24 08:17:08,520] Trial 102 finished with value: 0.34483748028322964 and parameters: {'var_smoothing': 8.473324019730243e-07}. Best is trial 65 with value: 0.35772387843725273.
[I 2022-10-24 08:17:09,282] Trial 103 finished with value: 0.3311590913532062 and parameters: {'var_smoothing': 2.25291819563002e-06}. Best is trial 65 with value: 0.35772387843725273.
[I 2022-10-24 08:17:10,065] Trial 104 finished with value: 0.35755095284401117 and parameters: {'var_smoothing': 2.197596115041811e-07}. Best is trial 65 with value: 0.35772387843725273.
[I 2022-10-24 08:17:10,851] Trial 105 finished with value: 0.3525015291456146 and parameters: {'var_smoothing': 1.730407197720825e-08}. Best is trial 65 with value: 0.35772387843725273.
[I 2022-10-24 08:17:11,615] Trial 106 finished with value: 0.3478775049674932 and parameters: {'var_smoothing': 4.068316851193636e-07}. Best is trial 65 with value: 0.35772387843725273.
[I 2022-10-24 08:17:12,381] Trial 107 finished with value: 0.35704946866547516 and parameters: {'var_smoothing': 9.232053314778391e-08}. Best is trial 65 with value: 0.35772387843725273.
[I 2022-10-24 08:17:13,157] Trial 108 finished with value: 0.35436566723572616 and parameters: {'var_smoothing': 4.5709335466266194e-08}. Best is trial 65 with value: 0.35772387843725273.
[I 2022-10-24 08:17:13,920] Trial 109 finished with value: 0.35095211616986993 and parameters: {'var_smoothing': 1.6071714433924116e-09}. Best is trial 65 with value: 0.35772387843725273.
[I 2022-10-24 08:17:14,694] Trial 110 finished with value: 0.3576616239007729 and parameters: {'var_smoothing': 1.5867572076910536e-07}. Best is trial 65 with value: 0.35772387843725273.
[I 2022-10-24 08:17:15,470] Trial 111 finished with value: 0.3572950221191581 and parameters: {'var_smoothing': 1.2551659096068615e-07}. Best is trial 65 with value: 0.35772387843725273.
[I 2022-10-24 08:17:16,254] Trial 112 finished with value: 0.35724660559887633 and parameters: {'var_smoothing': 2.6229482131638636e-07}. Best is trial 65 with value: 0.35772387843725273.
[I 2022-10-24 08:17:17,030] Trial 113 finished with value: 0.3457055616383037 and parameters: {'var_smoothing': 5.818449597569315e-07}. Best is trial 65 with value: 0.35772387843725273.
[I 2022-10-24 08:17:17,815] Trial 114 finished with value: 0.34008203624740063 and parameters: {'var_smoothing': 1.3991936066686234e-06}. Best is trial 65 with value: 0.35772387843725273.
