[I 2022-10-24 08:17:18,577] Trial 115 finished with value: 0.3519274163291567 and parameters: {'var_smoothing': 9.915794735618091e-09}. Best is trial 65 with value: 0.35772387843725273.
[I 2022-10-24 08:17:19,341] Trial 116 finished with value: 0.35764087408312156 and parameters: {'var_smoothing': 1.752568880848453e-07}. Best is trial 65 with value: 0.35772387843725273.
[I 2022-10-24 08:17:20,128] Trial 117 finished with value: 0.35309293492209826 and parameters: {'var_smoothing': 2.7641168724731865e-08}. Best is trial 65 with value: 0.35772387843725273.
[I 2022-10-24 08:17:20,903] Trial 118 finished with value: 0.351619607441901 and parameters: {'var_smoothing': 5.5164464967080425e-09}. Best is trial 65 with value: 0.35772387843725273.
[I 2022-10-24 08:17:21,665] Trial 119 finished with value: 0.356617155788786 and parameters: {'var_smoothing': 8.23762608172162e-08}. Best is trial 65 with value: 0.35772387843725273.
[I 2022-10-24 08:17:22,425] Trial 120 finished with value: 0.34587157172210825 and parameters: {'var_smoothing': 5.590433331326142e-07}. Best is trial 65 with value: 0.35772387843725273.
[I 2022-10-24 08:17:23,185] Trial 121 finished with value: 0.3576823750939665 and parameters: {'var_smoothing': 1.5823090341554372e-07}. Best is trial 65 with value: 0.35772387843725273.
[I 2022-10-24 08:17:23,948] Trial 122 finished with value: 0.3576477903102328 and parameters: {'var_smoothing': 1.6726002027936372e-07}. Best is trial 65 with value: 0.35772387843725273.
[I 2022-10-24 08:17:24,727] Trial 123 finished with value: 0.3552648801052797 and parameters: {'var_smoothing': 5.78456173837022e-08}. Best is trial 65 with value: 0.35772387843725273.
[I 2022-10-24 08:17:25,493] Trial 124 finished with value: 0.35733306615276506 and parameters: {'var_smoothing': 1.3827809886041085e-07}. Best is trial 65 with value: 0.35772387843725273.
[I 2022-10-24 08:17:26,257] Trial 125 finished with value: 0.3443913348327056 and parameters: {'var_smoothing': 8.874878223267532e-07}. Best is trial 65 with value: 0.35772387843725273.
[I 2022-10-24 08:17:27,019] Trial 126 finished with value: 0.35261220283384864 and parameters: {'var_smoothing': 3.357515270142967e-07}. Best is trial 65 with value: 0.35772387843725273.
[I 2022-10-24 08:17:27,821] Trial 127 finished with value: 0.35357366892414577 and parameters: {'var_smoothing': 3.54458867025583e-08}. Best is trial 65 with value: 0.35772387843725273.
[I 2022-10-24 08:17:28,605] Trial 128 finished with value: 0.35728464694120465 and parameters: {'var_smoothing': 1.2700743843072387e-07}. Best is trial 65 with value: 0.35772387843725273.
[I 2022-10-24 08:17:29,370] Trial 129 finished with value: 0.33314427316617284 and parameters: {'var_smoothing': 2.0373761081411956e-06}. Best is trial 65 with value: 0.35772387843725273.
[I 2022-10-24 08:17:30,150] Trial 130 finished with value: 0.35243581793092776 and parameters: {'var_smoothing': 1.6351535298396248e-08}. Best is trial 65 with value: 0.35772387843725273.
[I 2022-10-24 08:17:30,922] Trial 131 finished with value: 0.3575924548117551 and parameters: {'var_smoothing': 2.2388657614640122e-07}. Best is trial 65 with value: 0.35772387843725273.
[I 2022-10-24 08:17:31,701] Trial 132 finished with value: 0.3510766264987597 and parameters: {'var_smoothing': 3.489203806527889e-07}. Best is trial 65 with value: 0.35772387843725273.
[I 2022-10-24 08:17:32,467] Trial 133 finished with value: 0.35761320504804966 and parameters: {'var_smoothing': 1.564958745732722e-07}. Best is trial 65 with value: 0.35772387843725273.
[I 2022-10-24 08:17:33,245] Trial 134 finished with value: 0.35604650341832506 and parameters: {'var_smoothing': 7.093233695642466e-08}. Best is trial 65 with value: 0.35772387843725273.
[I 2022-10-24 08:17:34,012] Trial 135 finished with value: 0.34314973116286 and parameters: {'var_smoothing': 1.0793591475369909e-06}. Best is trial 65 with value: 0.35772387843725273.
[I 2022-10-24 08:17:34,783] Trial 136 finished with value: 0.3576650827320027 and parameters: {'var_smoothing': 1.573296431022079e-07}. Best is trial 65 with value: 0.35772387843725273.
[I 2022-10-24 08:17:35,559] Trial 137 finished with value: 0.34586119588628667 and parameters: {'var_smoothing': 5.610727512138448e-07}. Best is trial 65 with value: 0.35772387843725273.
[I 2022-10-24 08:17:36,336] Trial 138 finished with value: 0.35471843548660703 and parameters: {'var_smoothing': 5.0027115130850856e-08}. Best is trial 65 with value: 0.35772387843725273.
[I 2022-10-24 08:17:37,101] Trial 139 finished with value: 0.35308947627028686 and parameters: {'var_smoothing': 2.8154667805701683e-08}. Best is trial 65 with value: 0.35772387843725273.
[I 2022-10-24 08:17:37,870] Trial 140 finished with value: 0.35692150417023844 and parameters: {'var_smoothing': 8.879598824275701e-08}. Best is trial 65 with value: 0.35772387843725273.
[I 2022-10-24 08:17:38,644] Trial 141 finished with value: 0.357640873903703 and parameters: {'var_smoothing': 1.7004722072295632e-07}. Best is trial 65 with value: 0.35772387843725273.
[I 2022-10-24 08:17:39,407] Trial 142 finished with value: 0.35196200434242464 and parameters: {'var_smoothing': 3.4156472976725933e-07}. Best is trial 65 with value: 0.35772387843725273.
[I 2022-10-24 08:17:40,186] Trial 143 finished with value: 0.35722239378026716 and parameters: {'var_smoothing': 9.52384398973243e-08}. Best is trial 65 with value: 0.35772387843725273.
[I 2022-10-24 08:17:40,952] Trial 144 finished with value: 0.3576719990787264 and parameters: {'var_smoothing': 1.5975502221225867e-07}. Best is trial 65 with value: 0.35772387843725273.
[I 2022-10-24 08:17:41,737] Trial 145 finished with value: 0.3548325663314976 and parameters: {'var_smoothing': 5.190187287411465e-08}. Best is trial 65 with value: 0.35772387843725273.
[I 2022-10-24 08:17:42,523] Trial 146 finished with value: 0.34300101625191004 and parameters: {'var_smoothing': 1.0928371997775124e-06}. Best is trial 65 with value: 0.35772387843725273.
[I 2022-10-24 08:17:43,292] Trial 147 finished with value: 0.35751290761428056 and parameters: {'var_smoothing': 1.4879136147449426e-07}. Best is trial 65 with value: 0.35772387843725273.
[I 2022-10-24 08:17:44,069] Trial 148 finished with value: 0.346781157197949 and parameters: {'var_smoothing': 4.563840221474344e-07}. Best is trial 65 with value: 0.35772387843725273.
[I 2022-10-24 08:17:44,842] Trial 149 finished with value: 0.3529718872520345 and parameters: {'var_smoothing': 2.4039914550958087e-08}. Best is trial 65 with value: 0.35772387843725273.
[I 2022-10-24 08:17:45,628] Trial 150 finished with value: 0.35727427343782453 and parameters: {'var_smoothing': 2.568730069532094e-07}. Best is trial 65 with value: 0.35772387843725273.
[I 2022-10-24 08:17:46,398] Trial 151 finished with value: 0.35760283052796427 and parameters: {'var_smoothing': 1.743293893885449e-07}. Best is trial 65 with value: 0.35772387843725273.
[I 2022-10-24 08:17:47,175] Trial 152 finished with value: 0.34581969308125615 and parameters: {'var_smoothing': 5.693612262283534e-07}. Best is trial 65 with value: 0.35772387843725273.
[I 2022-10-24 08:17:47,960] Trial 153 finished with value: 0.35608454739212575 and parameters: {'var_smoothing': 7.356442772967955e-08}. Best is trial 65 with value: 0.35772387843725273.
[I 2022-10-24 08:17:48,732] Trial 154 finished with value: 0.35753365970456696 and parameters: {'var_smoothing': 1.4470690695689953e-07}. Best is trial 65 with value: 0.35772387843725273.
[I 2022-10-24 08:17:49,495] Trial 155 finished with value: 0.3570529297095342 and parameters: {'var_smoothing': 2.7256956906926684e-07}. Best is trial 65 with value: 0.35772387843725273.
[I 2022-10-24 08:17:50,256] Trial 156 finished with value: 0.35443829539519855 and parameters: {'var_smoothing': 4.716908873411539e-08}. Best is trial 65 with value: 0.35772387843725273.
[I 2022-10-24 08:17:51,012] Trial 157 finished with value: 0.3453043769867534 and parameters: {'var_smoothing': 7.38814843028636e-07}. Best is trial 65 with value: 0.35772387843725273.
[I 2022-10-24 08:17:51,789] Trial 158 finished with value: 0.35724314503326704 and parameters: {'var_smoothing': 9.939290196238473e-08}. Best is trial 65 with value: 0.35772387843725273.
[I 2022-10-24 08:17:52,561] Trial 159 finished with value: 0.32904939861328797 and parameters: {'var_smoothing': 2.532518593185118e-06}. Best is trial 65 with value: 0.35772387843725273.
[I 2022-10-24 08:17:53,331] Trial 160 finished with value: 0.3520484641786389 and parameters: {'var_smoothing': 1.2359033152095988e-08}. Best is trial 65 with value: 0.35772387843725273.
[I 2022-10-24 08:17:54,115] Trial 161 finished with value: 0.3576719996767882 and parameters: {'var_smoothing': 1.6579143613974836e-07}. Best is trial 65 with value: 0.35772387843725273.
[I 2022-10-24 08:17:54,875] Trial 162 finished with value: 0.35701142696430976 and parameters: {'var_smoothing': 2.749263234572462e-07}. Best is trial 65 with value: 0.35772387843725273.
[I 2022-10-24 08:17:55,651] Trial 163 finished with value: 0.3576408744419587 and parameters: {'var_smoothing': 1.7127387360256486e-07}. Best is trial 65 with value: 0.35772387843725273.
[I 2022-10-24 08:17:56,412] Trial 164 finished with value: 0.34711663302706 and parameters: {'var_smoothing': 4.341651543061274e-07}. Best is trial 65 with value: 0.35772387843725273.
[I 2022-10-24 08:17:57,187] Trial 165 finished with value: 0.35369471677362807 and parameters: {'var_smoothing': 3.6201845328971274e-08}. Best is trial 65 with value: 0.35772387843725273.
[I 2022-10-24 08:17:57,954] Trial 166 finished with value: 0.3572777298768067 and parameters: {'var_smoothing': 1.0783806553101852e-07}. Best is trial 65 with value: 0.35772387843725273.
[I 2022-10-24 08:17:58,725] Trial 167 finished with value: 0.3574783251031821 and parameters: {'var_smoothing': 1.9697964535753093e-07}. Best is trial 65 with value: 0.35772387843725273.
[I 2022-10-24 08:17:59,512] Trial 168 finished with value: 0.35604304518515717 and parameters: {'var_smoothing': 7.12093496395212e-08}. Best is trial 65 with value: 0.35772387843725273.
[I 2022-10-24 08:18:00,286] Trial 169 finished with value: 0.3506996449341149 and parameters: {'var_smoothing': 7.216816864036739e-14}. Best is trial 65 with value: 0.35772387843725273.
[I 2022-10-24 08:18:01,071] Trial 170 finished with value: 0.3394595043988009 and parameters: {'var_smoothing': 1.4813924454740716e-06}. Best is trial 65 with value: 0.35772387843725273.
[I 2022-10-24 08:18:01,845] Trial 171 finished with value: 0.35745757402960093 and parameters: {'var_smoothing': 1.9735236931721346e-07}. Best is trial 65 with value: 0.35772387843725273.
[I 2022-10-24 08:18:02,624] Trial 172 finished with value: 0.3471927200177623 and parameters: {'var_smoothing': 4.2916191453983476e-07}. Best is trial 65 with value: 0.35772387843725273.
[I 2022-10-24 08:18:03,405] Trial 173 finished with value: 0.3572777298170006 and parameters: {'var_smoothing': 1.2743368365450113e-07}. Best is trial 65 with value: 0.35772387843725273.
[I 2022-10-24 08:18:04,185] Trial 174 finished with value: 0.35673820417652397 and parameters: {'var_smoothing': 2.9102396445428505e-07}. Best is trial 65 with value: 0.35772387843725273.
[I 2022-10-24 08:18:04,975] Trial 175 finished with value: 0.3546665576232354 and parameters: {'var_smoothing': 4.962466661563254e-08}. Best is trial 65 with value: 0.35772387843725273.
[I 2022-10-24 08:18:05,743] Trial 176 finished with value: 0.3458681132497155 and parameters: {'var_smoothing': 5.582381279077145e-07}. Best is trial 65 with value: 0.35772387843725273.
[I 2022-10-24 08:18:06,540] Trial 177 finished with value: 0.35748524055281283 and parameters: {'var_smoothing': 1.4274624316271705e-07}. Best is trial 65 with value: 0.35772387843725273.
[I 2022-10-24 08:18:07,338] Trial 178 finished with value: 0.3444190015353361 and parameters: {'var_smoothing': 8.732294828574098e-07}. Best is trial 65 with value: 0.35772387843725273.
[I 2022-10-24 08:18:08,121] Trial 179 finished with value: 0.35651685967075314 and parameters: {'var_smoothing': 8.01373391663413e-08}. Best is trial 65 with value: 0.35772387843725273.
[I 2022-10-24 08:18:08,904] Trial 180 finished with value: 0.35284046344711834 and parameters: {'var_smoothing': 2.1878056628356023e-08}. Best is trial 65 with value: 0.35772387843725273.
[I 2022-10-24 08:18:09,675] Trial 181 finished with value: 0.3576858350017078 and parameters: {'var_smoothing': 1.841652124397913e-07}. Best is trial 65 with value: 0.35772387843725273.
[I 2022-10-24 08:18:10,437] Trial 182 finished with value: 0.35758553774735724 and parameters: {'var_smoothing': 2.2355247450994138e-07}. Best is trial 65 with value: 0.35772387843725273.
[I 2022-10-24 08:18:11,198] Trial 183 finished with value: 0.3572915638859902 and parameters: {'var_smoothing': 1.268851078807998e-07}. Best is trial 65 with value: 0.35772387843725273.
[I 2022-10-24 08:18:11,971] Trial 184 finished with value: 0.35400943937613494 and parameters: {'var_smoothing': 3.218247805734501e-07}. Best is trial 65 with value: 0.35772387843725273.
[I 2022-10-24 08:18:12,756] Trial 185 finished with value: 0.35555539513541684 and parameters: {'var_smoothing': 6.417642612634915e-08}. Best is trial 65 with value: 0.35772387843725273.
[I 2022-10-24 08:18:13,522] Trial 186 finished with value: 0.35771696155227345 and parameters: {'var_smoothing': 1.7853843384307107e-07}. Best is trial 65 with value: 0.35772387843725273.
[I 2022-10-24 08:18:14,282] Trial 187 finished with value: 0.3536774241724396 and parameters: {'var_smoothing': 3.600279033061567e-08}. Best is trial 65 with value: 0.35772387843725273.
[I 2022-10-24 08:18:15,071] Trial 188 finished with value: 0.3457366884280941 and parameters: {'var_smoothing': 6.086281159397814e-07}. Best is trial 65 with value: 0.35772387843725273.
[I 2022-10-24 08:18:15,843] Trial 189 finished with value: 0.35769621059830453 and parameters: {'var_smoothing': 1.7919654562196518e-07}. Best is trial 65 with value: 0.35772387843725273.
[I 2022-10-24 08:18:16,620] Trial 190 finished with value: 0.3571739747481254 and parameters: {'var_smoothing': 9.463433406465887e-08}. Best is trial 65 with value: 0.35772387843725273.
[I 2022-10-24 08:18:17,406] Trial 191 finished with value: 0.35751636883775806 and parameters: {'var_smoothing': 2.006686748382297e-07}. Best is trial 65 with value: 0.35772387843725273.
[I 2022-10-24 08:18:18,169] Trial 192 finished with value: 0.3572500641908815 and parameters: {'var_smoothing': 2.5954203798378645e-07}. Best is trial 65 with value: 0.35772387843725273.
[I 2022-10-24 08:18:18,939] Trial 193 finished with value: 0.3572881058920469 and parameters: {'var_smoothing': 1.3346875343772576e-07}. Best is trial 65 with value: 0.35772387843725273.
[I 2022-10-24 08:18:19,709] Trial 194 finished with value: 0.35354599929101194 and parameters: {'var_smoothing': 3.270085062734603e-07}. Best is trial 65 with value: 0.35772387843725273.
[I 2022-10-24 08:18:20,480] Trial 195 finished with value: 0.3565479861615125 and parameters: {'var_smoothing': 8.06114334610447e-08}. Best is trial 65 with value: 0.35772387843725273.
[I 2022-10-24 08:18:21,248] Trial 196 finished with value: 0.34588886324678525 and parameters: {'var_smoothing': 5.365366135301714e-07}. Best is trial 65 with value: 0.35772387843725273.
[I 2022-10-24 08:18:22,022] Trial 197 finished with value: 0.35431378985080403 and parameters: {'var_smoothing': 4.513296087170642e-08}. Best is trial 65 with value: 0.35772387843725273.
[I 2022-10-24 08:18:22,787] Trial 198 finished with value: 0.3434609958312298 and parameters: {'var_smoothing': 1.0427957573834094e-06}. Best is trial 65 with value: 0.35772387843725273.
[I 2022-10-24 08:18:23,562] Trial 199 finished with value: 0.3576477904298451 and parameters: {'var_smoothing': 1.6245422052361143e-07}. Best is trial 65 with value: 0.35772387843725273.
[I 2022-10-24 08:18:24,364] Trial 200 finished with value: 0.3508276143334593 and parameters: {'var_smoothing': 3.514811618298371e-07}. Best is trial 65 with value: 0.35772387843725273.
[I 2022-10-24 08:18:25,139] Trial 201 finished with value: 0.35729156442424587 and parameters: {'var_smoothing': 1.3669126402972648e-07}. Best is trial 65 with value: 0.35772387843725273.
[I 2022-10-24 08:18:25,915] Trial 202 finished with value: 0.35763741590975984 and parameters: {'var_smoothing': 1.713993070705979e-07}. Best is trial 65 with value: 0.35772387843725273.
[I 2022-10-24 08:18:26,703] Trial 203 finished with value: 0.35658257094524626 and parameters: {'var_smoothing': 8.114385362414094e-08}. Best is trial 65 with value: 0.35772387843725273.
[I 2022-10-24 08:18:27,496] Trial 204 finished with value: 0.35771350307988065 and parameters: {'var_smoothing': 1.8329255196338286e-07}. Best is trial 65 with value: 0.35772387843725273.
[I 2022-10-24 08:18:28,276] Trial 205 finished with value: 0.35650648347609437 and parameters: {'var_smoothing': 2.9501760896445856e-07}. Best is trial 65 with value: 0.35772387843725273.
[I 2022-10-24 08:18:29,047] Trial 206 finished with value: 0.35539630361116487 and parameters: {'var_smoothing': 6.085129976331269e-08}. Best is trial 65 with value: 0.35772387843725273.
[I 2022-10-24 08:18:29,842] Trial 207 finished with value: 0.345878487829607 and parameters: {'var_smoothing': 5.333280592677395e-07}. Best is trial 65 with value: 0.35772387843725273.
[I 2022-10-24 08:18:30,614] Trial 208 finished with value: 0.3572535202112205 and parameters: {'var_smoothing': 1.1390389572837609e-07}. Best is trial 65 with value: 0.35772387843725273.
[I 2022-10-24 08:18:31,407] Trial 209 finished with value: 0.35756478721203167 and parameters: {'var_smoothing': 2.1396058395414118e-07}. Best is trial 65 with value: 0.35772387843725273.
[I 2022-10-24 08:18:32,210] Trial 210 finished with value: 0.353397284380062 and parameters: {'var_smoothing': 3.317319022436441e-08}. Best is trial 65 with value: 0.35772387843725273.
[I 2022-10-24 08:18:32,970] Trial 211 finished with value: 0.3576858342840335 and parameters: {'var_smoothing': 1.650043835011385e-07}. Best is trial 65 with value: 0.35772387843725273.
[I 2022-10-24 08:18:33,734] Trial 212 finished with value: 0.3572223936606548 and parameters: {'var_smoothing': 1.1504427253410773e-07}. Best is trial 65 with value: 0.35772387843725273.
[I 2022-10-24 08:18:34,506] Trial 213 finished with value: 0.34874213329253784 and parameters: {'var_smoothing': 3.874705868660666e-07}. Best is trial 65 with value: 0.35772387843725273.
[I 2022-10-24 08:18:35,286] Trial 214 finished with value: 0.35748524144990573 and parameters: {'var_smoothing': 2.1866034056629813e-07}. Best is trial 65 with value: 0.35772387843725273.
[I 2022-10-24 08:18:36,052] Trial 215 finished with value: 0.3556003561736154 and parameters: {'var_smoothing': 6.529863386300978e-08}. Best is trial 65 with value: 0.35772387843725273.
[I 2022-10-24 08:18:36,815] Trial 216 finished with value: 0.35767199937775723 and parameters: {'var_smoothing': 1.6065956054515308e-07}. Best is trial 65 with value: 0.35772387843725273.
[I 2022-10-24 08:18:37,602] Trial 217 finished with value: 0.31658493205776916 and parameters: {'var_smoothing': 0.007155483337941234}. Best is trial 65 with value: 0.35772387843725273.
[I 2022-10-24 08:18:38,363] Trial 218 finished with value: 0.34487552419722406 and parameters: {'var_smoothing': 8.427637617661299e-07}. Best is trial 65 with value: 0.35772387843725273.
[I 2022-10-24 08:18:39,141] Trial 219 finished with value: 0.35727427146422025 and parameters: {'var_smoothing': 1.0256002411309526e-07}. Best is trial 65 with value: 0.35772387843725273.
[I 2022-10-24 08:18:39,913] Trial 220 finished with value: 0.35225251865488755 and parameters: {'var_smoothing': 3.392700558298189e-07}. Best is trial 65 with value: 0.35772387843725273.
[I 2022-10-24 08:18:40,691] Trial 221 finished with value: 0.3576685423407131 and parameters: {'var_smoothing': 1.8461549068147244e-07}. Best is trial 65 with value: 0.35772387843725273.
[I 2022-10-24 08:18:41,467] Trial 222 finished with value: 0.357647790370039 and parameters: {'var_smoothing': 1.6268092613912717e-07}. Best is trial 65 with value: 0.35772387843725273.
[I 2022-10-24 08:18:42,239] Trial 223 finished with value: 0.35760974848945504 and parameters: {'var_smoothing': 1.9194762543041453e-07}. Best is trial 65 with value: 0.35772387843725273.
[I 2022-10-24 08:18:43,010] Trial 224 finished with value: 0.35611913229547176 and parameters: {'var_smoothing': 7.386136969212025e-08}. Best is trial 65 with value: 0.35772387843725273.
[I 2022-10-24 08:18:43,790] Trial 225 finished with value: 0.3464041807766366 and parameters: {'var_smoothing': 4.801329289039451e-07}. Best is trial 65 with value: 0.35772387843725273.
[I 2022-10-24 08:18:44,568] Trial 226 finished with value: 0.35731923166513213 and parameters: {'var_smoothing': 1.2447167103294225e-07}. Best is trial 65 with value: 0.35772387843725273.
[I 2022-10-24 08:18:45,326] Trial 227 finished with value: 0.3570425526775888 and parameters: {'var_smoothing': 2.7919499450284716e-07}. Best is trial 65 with value: 0.35772387843725273.
[I 2022-10-24 08:18:46,106] Trial 228 finished with value: 0.35376388747741294 and parameters: {'var_smoothing': 3.754305668816154e-08}. Best is trial 65 with value: 0.35772387843725273.
[I 2022-10-24 08:18:46,878] Trial 229 finished with value: 0.3568834603160501 and parameters: {'var_smoothing': 8.833378067178381e-08}. Best is trial 65 with value: 0.35772387843725273.
[I 2022-10-24 08:18:47,655] Trial 230 finished with value: 0.35762012336837756 and parameters: {'var_smoothing': 1.884729004250436e-07}. Best is trial 65 with value: 0.35772387843725273.
[I 2022-10-24 08:18:48,424] Trial 231 finished with value: 0.3576477902504266 and parameters: {'var_smoothing': 1.62813965047478e-07}. Best is trial 65 with value: 0.35772387843725273.
