[I 2022-10-24 08:20:20,354] Trial 349 finished with value: 0.3171763368175475 and parameters: {'var_smoothing': 1.0039977829168539e-05}. Best is trial 317 with value: 0.35773425409365567.
[I 2022-10-24 08:20:21,167] Trial 350 finished with value: 0.3576132064833982 and parameters: {'var_smoothing': 1.898950846524383e-07}. Best is trial 317 with value: 0.35773425409365567.
[I 2022-10-24 08:20:21,966] Trial 351 finished with value: 0.3450795742478146 and parameters: {'var_smoothing': 7.823593136961714e-07}. Best is trial 317 with value: 0.35773425409365567.
[I 2022-10-24 08:20:22,784] Trial 352 finished with value: 0.3558320758573397 and parameters: {'var_smoothing': 6.768803906936412e-08}. Best is trial 317 with value: 0.35773425409365567.
[I 2022-10-24 08:20:23,607] Trial 353 finished with value: 0.3556556906553879 and parameters: {'var_smoothing': 3.054974374888699e-07}. Best is trial 317 with value: 0.35773425409365567.
[I 2022-10-24 08:20:24,399] Trial 354 finished with value: 0.3574402822656991 and parameters: {'var_smoothing': 2.44055173701553e-07}. Best is trial 317 with value: 0.35773425409365567.
[I 2022-10-24 08:20:25,201] Trial 355 finished with value: 0.3572811884688119 and parameters: {'var_smoothing': 1.0809212151481911e-07}. Best is trial 317 with value: 0.35773425409365567.
[I 2022-10-24 08:20:26,000] Trial 356 finished with value: 0.35423078489861104 and parameters: {'var_smoothing': 4.370532655333614e-08}. Best is trial 317 with value: 0.35773425409365567.
[I 2022-10-24 08:20:26,785] Trial 357 finished with value: 0.35729156406540874 and parameters: {'var_smoothing': 1.324133385264405e-07}. Best is trial 317 with value: 0.35773425409365567.
[I 2022-10-24 08:20:27,580] Trial 358 finished with value: 0.34571247918115106 and parameters: {'var_smoothing': 6.253542009125497e-07}. Best is trial 317 with value: 0.35773425409365567.
[I 2022-10-24 08:20:28,372] Trial 359 finished with value: 0.347299933499224 and parameters: {'var_smoothing': 4.2469707522866487e-07}. Best is trial 317 with value: 0.35773425409365567.
[I 2022-10-24 08:20:29,144] Trial 360 finished with value: 0.3519170407325599 and parameters: {'var_smoothing': 8.626903727923294e-09}. Best is trial 317 with value: 0.35773425409365567.
[I 2022-10-24 08:20:29,926] Trial 361 finished with value: 0.35761666549404664 and parameters: {'var_smoothing': 1.9174103056989494e-07}. Best is trial 317 with value: 0.35773425409365567.
[I 2022-10-24 08:20:30,709] Trial 362 finished with value: 0.35277820956850653 and parameters: {'var_smoothing': 2.1057583726474545e-08}. Best is trial 317 with value: 0.35773425409365567.
[I 2022-10-24 08:20:31,488] Trial 363 finished with value: 0.35628168211269795 and parameters: {'var_smoothing': 7.754902130666109e-08}. Best is trial 317 with value: 0.35773425409365567.
[I 2022-10-24 08:20:32,281] Trial 364 finished with value: 0.35726043799329255 and parameters: {'var_smoothing': 1.340880765961664e-07}. Best is trial 317 with value: 0.35773425409365567.
[I 2022-10-24 08:20:33,077] Trial 365 finished with value: 0.3571324754118539 and parameters: {'var_smoothing': 2.6778183239400644e-07}. Best is trial 317 with value: 0.35773425409365567.
[I 2022-10-24 08:20:33,856] Trial 366 finished with value: 0.3552648801052797 and parameters: {'var_smoothing': 5.798656982908786e-08}. Best is trial 317 with value: 0.35773425409365567.
[I 2022-10-24 08:20:34,619] Trial 367 finished with value: 0.3517579522584237 and parameters: {'var_smoothing': 3.4340618550447547e-07}. Best is trial 317 with value: 0.35773425409365567.
[I 2022-10-24 08:20:35,385] Trial 368 finished with value: 0.3369797571462695 and parameters: {'var_smoothing': 1.6822292704533452e-06}. Best is trial 317 with value: 0.35773425409365567.
[I 2022-10-24 08:20:36,158] Trial 369 finished with value: 0.35724314467442986 and parameters: {'var_smoothing': 1.1435988111605634e-07}. Best is trial 317 with value: 0.35773425409365567.
[I 2022-10-24 08:20:36,929] Trial 370 finished with value: 0.3576512497395246 and parameters: {'var_smoothing': 1.8566294725158473e-07}. Best is trial 317 with value: 0.35773425409365567.
[I 2022-10-24 08:20:37,696] Trial 371 finished with value: 0.3453182103380687 and parameters: {'var_smoothing': 7.181329068156476e-07}. Best is trial 317 with value: 0.35773425409365567.
[I 2022-10-24 08:20:38,459] Trial 372 finished with value: 0.3534111185088578 and parameters: {'var_smoothing': 3.3107812594324486e-08}. Best is trial 317 with value: 0.35773425409365567.
[I 2022-10-24 08:20:39,224] Trial 373 finished with value: 0.3568903774402542 and parameters: {'var_smoothing': 8.822673600983165e-08}. Best is trial 317 with value: 0.35773425409365567.
[I 2022-10-24 08:20:39,988] Trial 374 finished with value: 0.31404984380459056 and parameters: {'var_smoothing': 0.0003165087658991723}. Best is trial 317 with value: 0.35773425409365567.
[I 2022-10-24 08:20:40,760] Trial 375 finished with value: 0.3470197952020012 and parameters: {'var_smoothing': 4.4019960000091095e-07}. Best is trial 317 with value: 0.35773425409365567.
[I 2022-10-24 08:20:41,526] Trial 376 finished with value: 0.35748870063997273 and parameters: {'var_smoothing': 2.0570027800213063e-07}. Best is trial 317 with value: 0.35773425409365567.
[I 2022-10-24 08:20:42,319] Trial 377 finished with value: 0.3552233782571482 and parameters: {'var_smoothing': 5.76010493116774e-08}. Best is trial 317 with value: 0.35773425409365567.
[I 2022-10-24 08:20:43,102] Trial 378 finished with value: 0.35731923148571354 and parameters: {'var_smoothing': 1.232841577503143e-07}. Best is trial 317 with value: 0.35773425409365567.
[I 2022-10-24 08:20:43,880] Trial 379 finished with value: 0.3539264352612286 and parameters: {'var_smoothing': 3.2317969153559593e-07}. Best is trial 317 with value: 0.35773425409365567.
[I 2022-10-24 08:20:44,662] Trial 380 finished with value: 0.35752328488545065 and parameters: {'var_smoothing': 2.0876757915566826e-07}. Best is trial 317 with value: 0.35773425409365567.
[I 2022-10-24 08:20:45,429] Trial 381 finished with value: 0.3459165307867025 and parameters: {'var_smoothing': 5.254062182935389e-07}. Best is trial 317 with value: 0.35773425409365567.
[I 2022-10-24 08:20:46,195] Trial 382 finished with value: 0.3506996449341149 and parameters: {'var_smoothing': 1.194877249972179e-15}. Best is trial 317 with value: 0.35773425409365567.
[I 2022-10-24 08:20:46,971] Trial 383 finished with value: 0.3435785850289007 and parameters: {'var_smoothing': 1.0067293433138372e-06}. Best is trial 317 with value: 0.35773425409365567.
[I 2022-10-24 08:20:47,754] Trial 384 finished with value: 0.3572638961666544 and parameters: {'var_smoothing': 9.902192103113394e-08}. Best is trial 317 with value: 0.35773425409365567.
[I 2022-10-24 08:20:48,526] Trial 385 finished with value: 0.3534249522788164 and parameters: {'var_smoothing': 3.378402703039049e-08}. Best is trial 317 with value: 0.35773425409365567.
[I 2022-10-24 08:20:49,307] Trial 386 finished with value: 0.35770658601548283 and parameters: {'var_smoothing': 1.7941279979770586e-07}. Best is trial 317 with value: 0.35773425409365567.
[I 2022-10-24 08:20:50,070] Trial 387 finished with value: 0.35688000309958745 and parameters: {'var_smoothing': 2.867430852956784e-07}. Best is trial 317 with value: 0.35773425409365567.
[I 2022-10-24 08:20:50,842] Trial 388 finished with value: 0.3576685413240078 and parameters: {'var_smoothing': 1.6290530986554162e-07}. Best is trial 317 with value: 0.35773425409365567.
[I 2022-10-24 08:20:51,617] Trial 389 finished with value: 0.3510420374089804 and parameters: {'var_smoothing': 2.4477607865171137e-09}. Best is trial 317 with value: 0.35773425409365567.
[I 2022-10-24 08:20:52,390] Trial 390 finished with value: 0.3556556920309303 and parameters: {'var_smoothing': 6.57802956385813e-08}. Best is trial 317 with value: 0.35773425409365567.
[I 2022-10-24 08:20:53,162] Trial 391 finished with value: 0.349707057616003 and parameters: {'var_smoothing': 3.6631805070278793e-07}. Best is trial 317 with value: 0.35773425409365567.
[I 2022-10-24 08:20:53,949] Trial 392 finished with value: 0.35729848148864374 and parameters: {'var_smoothing': 1.3725804452965965e-07}. Best is trial 317 with value: 0.35773425409365567.
[I 2022-10-24 08:20:54,735] Trial 393 finished with value: 0.3456848118206524 and parameters: {'var_smoothing': 6.728919434153506e-07}. Best is trial 317 with value: 0.35773425409365567.
[I 2022-10-24 08:20:55,511] Trial 394 finished with value: 0.35720855977108384 and parameters: {'var_smoothing': 9.501842744416515e-08}. Best is trial 317 with value: 0.35773425409365567.
[I 2022-10-24 08:20:56,288] Trial 395 finished with value: 0.35750253387167563 and parameters: {'var_smoothing': 2.1828727362335427e-07}. Best is trial 317 with value: 0.35773425409365567.
[I 2022-10-24 08:20:57,057] Trial 396 finished with value: 0.35532021614201315 and parameters: {'var_smoothing': 5.887188752153186e-08}. Best is trial 317 with value: 0.35773425409365567.
[I 2022-10-24 08:20:57,824] Trial 397 finished with value: 0.3477391648756597 and parameters: {'var_smoothing': 4.111507514122268e-07}. Best is trial 317 with value: 0.35773425409365567.
[I 2022-10-24 08:20:58,615] Trial 398 finished with value: 0.3527678341513283 and parameters: {'var_smoothing': 2.1150267716525486e-08}. Best is trial 317 with value: 0.35773425409365567.
[I 2022-10-24 08:20:59,380] Trial 399 finished with value: 0.3575993703809982 and parameters: {'var_smoothing': 1.5282850434004357e-07}. Best is trial 317 with value: 0.35773425409365567.
[I 2022-10-24 08:21:00,171] Trial 400 finished with value: 0.3572638980804525 and parameters: {'var_smoothing': 2.5526749184545084e-07}. Best is trial 317 with value: 0.35773425409365567.
[I 2022-10-24 08:21:00,968] Trial 401 finished with value: 0.3435855020334924 and parameters: {'var_smoothing': 1.0058445958271525e-06}. Best is trial 317 with value: 0.35773425409365567.
[I 2022-10-24 08:21:01,732] Trial 402 finished with value: 0.35659294618300585 and parameters: {'var_smoothing': 8.29094804215789e-08}. Best is trial 317 with value: 0.35773425409365567.
[I 2022-10-24 08:21:02,497] Trial 403 finished with value: 0.3539506464817759 and parameters: {'var_smoothing': 3.98775616412717e-08}. Best is trial 317 with value: 0.35773425409365567.
[I 2022-10-24 08:21:03,282] Trial 404 finished with value: 0.3576235817211579 and parameters: {'var_smoothing': 1.8665375863812928e-07}. Best is trial 317 with value: 0.35773425409365567.
[I 2022-10-24 08:21:04,053] Trial 405 finished with value: 0.34786712943070264 and parameters: {'var_smoothing': 4.0704454145993405e-07}. Best is trial 317 with value: 0.35773425409365567.
[I 2022-10-24 08:21:04,816] Trial 406 finished with value: 0.3573538164488657 and parameters: {'var_smoothing': 1.2246293985520392e-07}. Best is trial 317 with value: 0.35773425409365567.
[I 2022-10-24 08:21:05,593] Trial 407 finished with value: 0.35705984521897105 and parameters: {'var_smoothing': 2.7875521593154004e-07}. Best is trial 317 with value: 0.35773425409365567.
[I 2022-10-24 08:21:06,362] Trial 408 finished with value: 0.3347351849997395 and parameters: {'var_smoothing': 1.8785587796950839e-06}. Best is trial 317 with value: 0.35773425409365567.
[I 2022-10-24 08:21:07,125] Trial 409 finished with value: 0.35606033742750853 and parameters: {'var_smoothing': 7.104978468480455e-08}. Best is trial 317 with value: 0.35773425409365567.
[I 2022-10-24 08:21:07,899] Trial 410 finished with value: 0.3150286038716186 and parameters: {'var_smoothing': 0.00274990712801908}. Best is trial 317 with value: 0.35773425409365567.
[I 2022-10-24 08:21:08,664] Trial 411 finished with value: 0.34569172798795744 and parameters: {'var_smoothing': 6.190763092925286e-07}. Best is trial 317 with value: 0.35773425409365567.
[I 2022-10-24 08:21:09,449] Trial 412 finished with value: 0.35760974669526935 and parameters: {'var_smoothing': 1.5672767302553278e-07}. Best is trial 317 with value: 0.35773425409365567.
[I 2022-10-24 08:21:10,223] Trial 413 finished with value: 0.3545835529102671 and parameters: {'var_smoothing': 4.860973970118415e-08}. Best is trial 317 with value: 0.35773425409365567.
[I 2022-10-24 08:21:10,989] Trial 414 finished with value: 0.35726389580781726 and parameters: {'var_smoothing': 1.0285115135357486e-07}. Best is trial 317 with value: 0.35773425409365567.
[I 2022-10-24 08:21:11,775] Trial 415 finished with value: 0.35716360148397003 and parameters: {'var_smoothing': 2.6446210802716466e-07}. Best is trial 317 with value: 0.35773425409365567.
[I 2022-10-24 08:21:12,551] Trial 416 finished with value: 0.3460963736835666 and parameters: {'var_smoothing': 5.106172334281279e-07}. Best is trial 317 with value: 0.35773425409365567.
[I 2022-10-24 08:21:13,338] Trial 417 finished with value: 0.35760974627662595 and parameters: {'var_smoothing': 1.534718603128056e-07}. Best is trial 317 with value: 0.35773425409365567.
[I 2022-10-24 08:21:14,114] Trial 418 finished with value: 0.3571670600759752 and parameters: {'var_smoothing': 2.6372756574241416e-07}. Best is trial 317 with value: 0.35773425409365567.
[I 2022-10-24 08:21:14,887] Trial 419 finished with value: 0.35073768926675275 and parameters: {'var_smoothing': 3.47971936862341e-10}. Best is trial 317 with value: 0.35773425409365567.
[I 2022-10-24 08:21:15,670] Trial 420 finished with value: 0.3568315826320971 and parameters: {'var_smoothing': 8.756292173207264e-08}. Best is trial 317 with value: 0.35773425409365567.
[I 2022-10-24 08:21:16,449] Trial 421 finished with value: 0.3521107182366693 and parameters: {'var_smoothing': 1.3351829283772534e-08}. Best is trial 317 with value: 0.35773425409365567.
[I 2022-10-24 08:21:17,214] Trial 422 finished with value: 0.3533384901699669 and parameters: {'var_smoothing': 3.2121904302999644e-08}. Best is trial 317 with value: 0.35773425409365567.
[I 2022-10-24 08:21:17,993] Trial 423 finished with value: 0.34492394334897825 and parameters: {'var_smoothing': 8.367446140811555e-07}. Best is trial 317 with value: 0.35773425409365567.
[I 2022-10-24 08:21:18,756] Trial 424 finished with value: 0.34791554894129395 and parameters: {'var_smoothing': 4.047677309466572e-07}. Best is trial 317 with value: 0.35773425409365567.
[I 2022-10-24 08:21:19,520] Trial 425 finished with value: 0.3576720006934934 and parameters: {'var_smoothing': 1.7672715878984283e-07}. Best is trial 317 with value: 0.35773425409365567.
[I 2022-10-24 08:21:20,283] Trial 426 finished with value: 0.3555415611860397 and parameters: {'var_smoothing': 6.425068344760671e-08}. Best is trial 317 with value: 0.35773425409365567.
[I 2022-10-24 08:21:21,064] Trial 427 finished with value: 0.3576754584482119 and parameters: {'var_smoothing': 1.5773591226635902e-07}. Best is trial 317 with value: 0.35773425409365567.
[I 2022-10-24 08:21:21,873] Trial 428 finished with value: 0.35716359885249765 and parameters: {'var_smoothing': 1.1284905086333443e-07}. Best is trial 317 with value: 0.35773425409365567.
[I 2022-10-24 08:21:22,663] Trial 429 finished with value: 0.31429885656795287 and parameters: {'var_smoothing': 6.351282864573699e-05}. Best is trial 317 with value: 0.35773425409365567.
[I 2022-10-24 08:21:23,451] Trial 430 finished with value: 0.32014373746896585 and parameters: {'var_smoothing': 5.500392034876172e-06}. Best is trial 317 with value: 0.35773425409365567.
[I 2022-10-24 08:21:24,224] Trial 431 finished with value: 0.3575509535018793 and parameters: {'var_smoothing': 2.1255357577229754e-07}. Best is trial 317 with value: 0.35773425409365567.
[I 2022-10-24 08:21:25,020] Trial 432 finished with value: 0.3547564794006015 and parameters: {'var_smoothing': 5.0612111465023764e-08}. Best is trial 317 with value: 0.35773425409365567.
[I 2022-10-24 08:21:25,803] Trial 433 finished with value: 0.35354599929101194 and parameters: {'var_smoothing': 3.2698856440943484e-07}. Best is trial 317 with value: 0.35773425409365567.
[I 2022-10-24 08:21:26,567] Trial 434 finished with value: 0.3571947257020943 and parameters: {'var_smoothing': 1.1162857144860166e-07}. Best is trial 317 with value: 0.35773425409365567.
[I 2022-10-24 08:21:27,330] Trial 435 finished with value: 0.3459269063832993 and parameters: {'var_smoothing': 5.249492428714316e-07}. Best is trial 317 with value: 0.35773425409365567.
[I 2022-10-24 08:21:28,095] Trial 436 finished with value: 0.3576892932946819 and parameters: {'var_smoothing': 1.763720480155297e-07}. Best is trial 317 with value: 0.35773425409365567.
[I 2022-10-24 08:21:28,861] Trial 437 finished with value: 0.34237156656143203 and parameters: {'var_smoothing': 1.1717353131740223e-06}. Best is trial 317 with value: 0.35773425409365567.
[I 2022-10-24 08:21:29,631] Trial 438 finished with value: 0.3577307955614567 and parameters: {'var_smoothing': 1.8165273441034946e-07}. Best is trial 317 with value: 0.35773425409365567.
[I 2022-10-24 08:21:30,394] Trial 439 finished with value: 0.3550954119677257 and parameters: {'var_smoothing': 3.1057895267470936e-07}. Best is trial 317 with value: 0.35773425409365567.
[I 2022-10-24 08:21:31,164] Trial 440 finished with value: 0.3562782235206928 and parameters: {'var_smoothing': 7.730904839981507e-08}. Best is trial 317 with value: 0.35773425409365567.
[I 2022-10-24 08:21:31,925] Trial 441 finished with value: 0.357509451713554 and parameters: {'var_smoothing': 2.0409274776814055e-07}. Best is trial 317 with value: 0.35773425409365567.
[I 2022-10-24 08:21:32,690] Trial 442 finished with value: 0.353144812845276 and parameters: {'var_smoothing': 2.8772350465545094e-08}. Best is trial 317 with value: 0.35773425409365567.
[I 2022-10-24 08:21:33,475] Trial 443 finished with value: 0.34570556157849747 and parameters: {'var_smoothing': 5.927546572349837e-07}. Best is trial 317 with value: 0.35773425409365567.
[I 2022-10-24 08:21:34,237] Trial 444 finished with value: 0.35733998261910094 and parameters: {'var_smoothing': 1.2395221388621518e-07}. Best is trial 317 with value: 0.35773425409365567.
[I 2022-10-24 08:21:35,010] Trial 445 finished with value: 0.35220409950313336 and parameters: {'var_smoothing': 3.3979740508764024e-07}. Best is trial 317 with value: 0.35773425409365567.
[I 2022-10-24 08:21:35,790] Trial 446 finished with value: 0.35500203351215254 and parameters: {'var_smoothing': 5.528849039417542e-08}. Best is trial 317 with value: 0.35773425409365567.
[I 2022-10-24 08:21:36,571] Trial 447 finished with value: 0.3576235818407703 and parameters: {'var_smoothing': 1.8702570572831232e-07}. Best is trial 317 with value: 0.35773425409365567.
[I 2022-10-24 08:21:37,335] Trial 448 finished with value: 0.35721201860231366 and parameters: {'var_smoothing': 9.634580601148266e-08}. Best is trial 317 with value: 0.35773425409365567.
[I 2022-10-24 08:21:38,120] Trial 449 finished with value: 0.344837480402842 and parameters: {'var_smoothing': 8.442477884665653e-07}. Best is trial 317 with value: 0.35773425409365567.
[I 2022-10-24 08:21:38,888] Trial 450 finished with value: 0.3572708150850442 and parameters: {'var_smoothing': 2.553024367866844e-07}. Best is trial 317 with value: 0.35773425409365567.
[I 2022-10-24 08:21:39,664] Trial 451 finished with value: 0.3576235806446465 and parameters: {'var_smoothing': 1.5683037772691708e-07}. Best is trial 317 with value: 0.35773425409365567.
[I 2022-10-24 08:21:40,440] Trial 452 finished with value: 0.3506996449341149 and parameters: {'var_smoothing': 6.061159747094904e-15}. Best is trial 317 with value: 0.35773425409365567.
[I 2022-10-24 08:21:41,213] Trial 453 finished with value: 0.3463315529760013 and parameters: {'var_smoothing': 4.846562123996238e-07}. Best is trial 317 with value: 0.35773425409365567.
[I 2022-10-24 08:21:41,986] Trial 454 finished with value: 0.3566413655141786 and parameters: {'var_smoothing': 8.423343757660266e-08}. Best is trial 317 with value: 0.35773425409365567.
[I 2022-10-24 08:21:42,749] Trial 455 finished with value: 0.35463543089325117 and parameters: {'var_smoothing': 4.944613976221499e-08}. Best is trial 317 with value: 0.35773425409365567.
[I 2022-10-24 08:21:43,529] Trial 456 finished with value: 0.33658548788454384 and parameters: {'var_smoothing': 1.7092699972931124e-06}. Best is trial 317 with value: 0.35773425409365567.
[I 2022-10-24 08:21:44,310] Trial 457 finished with value: 0.3574748672886575 and parameters: {'var_smoothing': 2.3782521746953545e-07}. Best is trial 317 with value: 0.35773425409365567.
[I 2022-10-24 08:21:45,081] Trial 458 finished with value: 0.357333065195866 and parameters: {'var_smoothing': 1.2281599387373845e-07}. Best is trial 317 with value: 0.35773425409365567.
[I 2022-10-24 08:21:45,864] Trial 459 finished with value: 0.34671544580384356 and parameters: {'var_smoothing': 4.6286122600021796e-07}. Best is trial 317 with value: 0.35773425409365567.
[I 2022-10-24 08:21:46,632] Trial 460 finished with value: 0.3526294940594948 and parameters: {'var_smoothing': 1.9306185958621038e-08}. Best is trial 317 with value: 0.35773425409365567.
[I 2022-10-24 08:21:47,422] Trial 461 finished with value: 0.35725698107586085 and parameters: {'var_smoothing': 2.597206004268553e-07}. Best is trial 317 with value: 0.35773425409365567.
[I 2022-10-24 08:21:48,201] Trial 462 finished with value: 0.35742990427685467 and parameters: {'var_smoothing': 1.405176758786658e-07}. Best is trial 317 with value: 0.35773425409365567.
[I 2022-10-24 08:21:48,964] Trial 463 finished with value: 0.35387801766443544 and parameters: {'var_smoothing': 3.935268778126105e-08}. Best is trial 317 with value: 0.35773425409365567.
[I 2022-10-24 08:21:49,739] Trial 464 finished with value: 0.34504153051323866 and parameters: {'var_smoothing': 7.773992440137349e-07}. Best is trial 317 with value: 0.35773425409365567.
[I 2022-10-24 08:21:50,521] Trial 465 finished with value: 0.3561986783566287 and parameters: {'var_smoothing': 7.576264356359951e-08}. Best is trial 317 with value: 0.35773425409365567.
