[I 2022-10-24 08:23:22,665] Trial 583 finished with value: 0.356589488009644 and parameters: {'var_smoothing': 8.133821384333106e-08}. Best is trial 317 with value: 0.35773425409365567.
[I 2022-10-24 08:23:23,444] Trial 584 finished with value: 0.3573019392433622 and parameters: {'var_smoothing': 1.2850965823539899e-07}. Best is trial 317 with value: 0.35773425409365567.
[I 2022-10-24 08:23:24,219] Trial 585 finished with value: 0.34571939576709937 and parameters: {'var_smoothing': 6.400963385569e-07}. Best is trial 317 with value: 0.35773425409365567.
[I 2022-10-24 08:23:25,001] Trial 586 finished with value: 0.3573814881154101 and parameters: {'var_smoothing': 2.4493192666497784e-07}. Best is trial 317 with value: 0.35773425409365567.
[I 2022-10-24 08:23:25,776] Trial 587 finished with value: 0.3554550981202911 and parameters: {'var_smoothing': 6.270790212754744e-08}. Best is trial 317 with value: 0.35773425409365567.
[I 2022-10-24 08:23:26,552] Trial 588 finished with value: 0.3480850156434993 and parameters: {'var_smoothing': 4.015419243667035e-07}. Best is trial 317 with value: 0.35773425409365567.
[I 2022-10-24 08:23:27,320] Trial 589 finished with value: 0.35771696161207955 and parameters: {'var_smoothing': 1.7801216924118373e-07}. Best is trial 317 with value: 0.35773425409365567.
[I 2022-10-24 08:23:28,090] Trial 590 finished with value: 0.34333648980838577 and parameters: {'var_smoothing': 1.0516677402702938e-06}. Best is trial 317 with value: 0.35773425409365567.
[I 2022-10-24 08:23:28,883] Trial 591 finished with value: 0.3575682457442307 and parameters: {'var_smoothing': 2.263042084971833e-07}. Best is trial 317 with value: 0.35773425409365567.
[I 2022-10-24 08:23:29,653] Trial 592 finished with value: 0.3534076597972403 and parameters: {'var_smoothing': 3.330215605853161e-08}. Best is trial 317 with value: 0.35773425409365567.
[I 2022-10-24 08:23:30,436] Trial 593 finished with value: 0.3572085595318591 and parameters: {'var_smoothing': 1.0486927546863035e-07}. Best is trial 317 with value: 0.35773425409365567.
[I 2022-10-24 08:23:31,203] Trial 594 finished with value: 0.3476527022285544 and parameters: {'var_smoothing': 4.157356162887258e-07}. Best is trial 317 with value: 0.35773425409365567.
[I 2022-10-24 08:23:31,970] Trial 595 finished with value: 0.35760974783158694 and parameters: {'var_smoothing': 1.8882291888229608e-07}. Best is trial 317 with value: 0.35773425409365567.
[I 2022-10-24 08:23:32,740] Trial 596 finished with value: 0.35675895405398134 and parameters: {'var_smoothing': 8.658438103068849e-08}. Best is trial 317 with value: 0.35773425409365567.
[I 2022-10-24 08:23:33,547] Trial 597 finished with value: 0.34571593771334996 and parameters: {'var_smoothing': 6.25280820046766e-07}. Best is trial 317 with value: 0.35773425409365567.
[I 2022-10-24 08:23:34,357] Trial 598 finished with value: 0.3544175444412297 and parameters: {'var_smoothing': 4.6498907243374925e-08}. Best is trial 317 with value: 0.35773425409365567.
[I 2022-10-24 08:23:35,144] Trial 599 finished with value: 0.3541581545263096 and parameters: {'var_smoothing': 3.1907440697213056e-07}. Best is trial 317 with value: 0.35773425409365567.
Number of finished trials:  600
Best trial:
  Value: 0.35773425409365567
  Params:
    var_smoothing: 1.8169138362995293e-07

Process finished with exit code 0
