S:\repositories\Teaching\flightsML\venv\Scripts\python.exe S:\repositories\Teaching\flightsML\flights_arrival_time_prediction\flights_arrival_time_prediction.py
IPython could not be loaded!
Columns (77,84) have mixed types. Specify dtype option on import or set low_memory=False.
Default parameter min_samples_leaf will change in version 2.6.See https://github.com/scikit-learn-contrib/category_encoders/issues/327
Default parameter smoothing will change in version 2.6.See https://github.com/scikit-learn-contrib/category_encoders/issues/327
[I 2022-10-22 00:49:59,015] A new study created in memory with name: no-name-474162b6-8c1d-4b3c-aca2-52eb253c92fc
[I 2022-10-22 00:50:14,875] Trial 0 finished with value: 0.4354953821469237 and parameters: {'booster': 'gbtree', 'lambda': 1.6744423237812947e-08, 'alpha': 0.7052547879364595, 'subsample': 0.9143588984449285, 'colsample_bytree':
 0.8781011050967507, 'max_depth': 3, 'min_child_weight': 10, 'eta': 0.007592754776635371, 'gamma': 7.21382170282668e-08, 'grow_policy': 'lossguide'}. Best is trial 0 with value: 0.4354953821469237.
[I 2022-10-22 00:50:24,326] Trial 1 finished with value: 0.4273298318220135 and parameters: {'booster': 'gblinear', 'lambda': 0.0035759541917102615, 'alpha': 0.1255165223487993, 'subsample': 0.8609414379140514, 'colsample_bytree'
: 0.690099728405781}. Best is trial 0 with value: 0.4354953821469237.
[I 2022-10-22 00:50:32,079] Trial 2 finished with value: 0.3706240617986075 and parameters: {'booster': 'gblinear', 'lambda': 6.692289136146815e-05, 'alpha': 0.8692255457355391, 'subsample': 0.4870454463328553, 'colsample_bytree'
: 0.2799308259898581}. Best is trial 0 with value: 0.4354953821469237.
[I 2022-10-22 00:50:46,036] Trial 3 finished with value: 0.4304459617976738 and parameters: {'booster': 'gbtree', 'lambda': 0.000731181040065956, 'alpha': 0.023418173594698853, 'subsample': 0.6177170632491684, 'colsample_bytree':
 0.3250384108636447, 'max_depth': 3, 'min_child_weight': 9, 'eta': 7.623933472421797e-08, 'gamma': 1.0701874238077658e-05, 'grow_policy': 'depthwise'}. Best is trial 0 with value: 0.4354953821469237.
[I 2022-10-22 00:51:01,173] Trial 4 finished with value: 0.4387222240867799 and parameters: {'booster': 'gbtree', 'lambda': 0.0009742287307192162, 'alpha': 2.3828860256404851e-07, 'subsample': 0.9622483279001139, 'colsample_bytre
e': 0.7005161037244261, 'max_depth': 3, 'min_child_weight': 3, 'eta': 0.00011205367653498948, 'gamma': 1.4366061574182006e-07, 'grow_policy': 'lossguide'}. Best is trial 4 with value: 0.4387222240867799.
[I 2022-10-22 00:51:11,571] Trial 5 finished with value: 0.38068858570491404 and parameters: {'booster': 'gblinear', 'lambda': 0.4882336193241405, 'alpha': 5.29263927108746e-08, 'subsample': 0.501202890780813, 'colsample_bytree':
 0.669345727098599}. Best is trial 4 with value: 0.4387222240867799.
[I 2022-10-22 00:52:00,222] Trial 6 finished with value: 0.6172226725608442 and parameters: {'booster': 'dart', 'lambda': 1.6449513772314325e-06, 'alpha': 1.6405256851279455e-05, 'subsample': 0.2532447516117043, 'colsample_bytree
': 0.6089079613303131, 'max_depth': 9, 'min_child_weight': 6, 'eta': 0.030810987362304167, 'gamma': 1.372955561133482e-06, 'grow_policy': 'lossguide', 'sample_type': 'uniform', 'normalize_type': 'tree', 'rate_drop': 4.94662496585
84705e-06, 'skip_drop': 0.051700109473475905}. Best is trial 6 with value: 0.6172226725608442.
[I 2022-10-22 00:52:10,624] Trial 7 finished with value: 0.41314325533657553 and parameters: {'booster': 'gblinear', 'lambda': 0.002117003632270482, 'alpha': 0.15355767721001676, 'subsample': 0.9246327731437158, 'colsample_bytree
': 0.3435143107747912}. Best is trial 6 with value: 0.6172226725608442.
[I 2022-10-22 00:52:55,819] Trial 8 finished with value: 0.5632319556323038 and parameters: {'booster': 'dart', 'lambda': 7.680351054133894e-08, 'alpha': 0.07137599439956495, 'subsample': 0.7587007833810984, 'colsample_bytree': 0
.7361645500802492, 'max_depth': 7, 'min_child_weight': 6, 'eta': 1.256212900313824e-07, 'gamma': 4.200189694420265e-07, 'grow_policy': 'lossguide', 'sample_type': 'uniform', 'normalize_type': 'tree', 'rate_drop': 0.00010206640942
772489, 'skip_drop': 5.8108750538917386e-05}. Best is trial 6 with value: 0.6172226725608442.
[I 2022-10-22 00:53:10,167] Trial 9 finished with value: 0.42697706147791603 and parameters: {'booster': 'gbtree', 'lambda': 0.21251850646255674, 'alpha': 0.12744921048001503, 'subsample': 0.4178225270861655, 'colsample_bytree':
0.2543275985347636, 'max_depth': 3, 'min_child_weight': 7, 'eta': 0.024290349959223138, 'gamma': 0.0009907819752551148, 'grow_policy': 'depthwise'}. Best is trial 6 with value: 0.6172226725608442.
[I 2022-10-22 00:53:53,603] Trial 10 finished with value: 0.6564213733459906 and parameters: {'booster': 'dart', 'lambda': 1.1606254324491338e-06, 'alpha': 1.398984493936056e-05, 'subsample': 0.21130141631519048, 'colsample_bytre
e': 0.4853111957855685, 'max_depth': 9, 'min_child_weight': 3, 'eta': 0.3088438591680038, 'gamma': 0.3441301244107844, 'grow_policy': 'lossguide', 'sample_type': 'weighted', 'normalize_type': 'tree', 'rate_drop': 1.00988211549380
12e-08, 'skip_drop': 0.5842471272091402}. Best is trial 10 with value: 0.6564213733459906.
[I 2022-10-22 00:54:38,803] Trial 11 finished with value: 0.6728735207687817 and parameters: {'booster': 'dart', 'lambda': 1.2523958814163547e-06, 'alpha': 1.2059437852586357e-05, 'subsample': 0.213142985791186, 'colsample_bytree
': 0.49846184136294547, 'max_depth': 9, 'min_child_weight': 3, 'eta': 0.9524036031935512, 'gamma': 0.6720677410363448, 'grow_policy': 'lossguide', 'sample_type': 'weighted', 'normalize_type': 'tree', 'rate_drop': 2.61869561276588
04e-08, 'skip_drop': 0.6307435216920123}. Best is trial 11 with value: 0.6728735207687817.
[I 2022-10-22 00:55:19,869] Trial 12 finished with value: 0.6644037595568513 and parameters: {'booster': 'dart', 'lambda': 2.5786599215536345e-06, 'alpha': 3.2985458662978864e-05, 'subsample': 0.207584563957961, 'colsample_bytree
': 0.47040812877009985, 'max_depth': 9, 'min_child_weight': 2, 'eta': 0.9497404370076118, 'gamma': 0.9700108820406778, 'grow_policy': 'lossguide', 'sample_type': 'weighted', 'normalize_type': 'tree', 'rate_drop': 1.13996527554940
91e-08, 'skip_drop': 0.8199815752374792}. Best is trial 11 with value: 0.6728735207687817.
[I 2022-10-22 00:55:54,677] Trial 13 finished with value: 0.6454164763947663 and parameters: {'booster': 'dart', 'lambda': 7.9067407715053e-06, 'alpha': 0.0008163078559160152, 'subsample': 0.338819855649004, 'colsample_bytree': 0
.44631467121919255, 'max_depth': 7, 'min_child_weight': 2, 'eta': 0.7945047416543474, 'gamma': 0.3928284279638084, 'grow_policy': 'lossguide', 'sample_type': 'weighted', 'normalize_type': 'forest', 'rate_drop': 1.4414858788544042
e-08, 'skip_drop': 0.610659878198979}. Best is trial 11 with value: 0.6728735207687817.
[I 2022-10-22 00:56:30,039] Trial 14 finished with value: 0.5472746878109971 and parameters: {'booster': 'dart', 'lambda': 1.621976325314706e-07, 'alpha': 0.0004897723427605543, 'subsample': 0.3348882420385026, 'colsample_bytree'
: 0.48758377599025954, 'max_depth': 9, 'min_child_weight': 4, 'eta': 0.0008575570600354892, 'gamma': 0.005092248354877391, 'grow_policy': 'lossguide', 'sample_type': 'weighted', 'normalize_type': 'tree', 'rate_drop': 0.4477496750
034433, 'skip_drop': 5.646933966061557e-08}. Best is trial 11 with value: 0.6728735207687817.
[I 2022-10-22 00:57:05,554] Trial 15 finished with value: 0.5217439829556758 and parameters: {'booster': 'dart', 'lambda': 1.2010651928488902e-05, 'alpha': 1.7970999685523733e-06, 'subsample': 0.6328074293028371, 'colsample_bytre
e': 0.4179311377018318, 'max_depth': 7, 'min_child_weight': 2, 'eta': 1.174362741749613e-05, 'gamma': 0.03011734915854633, 'grow_policy': 'depthwise', 'sample_type': 'weighted', 'normalize_type': 'tree', 'rate_drop': 1.0970928393
401877e-06, 'skip_drop': 0.0020776495903665716}. Best is trial 11 with value: 0.6728735207687817.
[I 2022-10-22 00:57:44,312] Trial 16 finished with value: 0.6692421113598135 and parameters: {'booster': 'dart', 'lambda': 9.398307880644987e-07, 'alpha': 0.003309832635183373, 'subsample': 0.3194759917741822, 'colsample_bytree':
 0.5491426967011147, 'max_depth': 9, 'min_child_weight': 4, 'eta': 0.5871689326074525, 'gamma': 0.796767335097863, 'grow_policy': 'lossguide', 'sample_type': 'weighted', 'normalize_type': 'forest', 'rate_drop': 4.1809432782885057
e-07, 'skip_drop': 0.0018571973523732958}. Best is trial 11 with value: 0.6728735207687817.
[I 2022-10-22 00:58:17,441] Trial 17 finished with value: 0.5193642181975135 and parameters: {'booster': 'dart', 'lambda': 2.2830605233365497e-07, 'alpha': 0.0022852154482777476, 'subsample': 0.3283714367556251, 'colsample_bytree
': 0.8251483236784034, 'max_depth': 5, 'min_child_weight': 5, 'eta': 3.172541726820712e-06, 'gamma': 0.00024032585622170424, 'grow_policy': 'lossguide', 'sample_type': 'weighted', 'normalize_type': 'forest', 'rate_drop': 1.828642
7035448416e-06, 'skip_drop': 8.61982939819789e-05}. Best is trial 11 with value: 0.6728735207687817.
[I 2022-10-22 00:58:53,840] Trial 18 finished with value: 0.50952471472468 and parameters: {'booster': 'dart', 'lambda': 3.927447199107065e-05, 'alpha': 0.00534470575994734, 'subsample': 0.43631532981839216, 'colsample_bytree': 0
.5772054529114334, 'max_depth': 5, 'min_child_weight': 4, 'eta': 0.0016075977892188883, 'gamma': 0.02360256799271099, 'grow_policy': 'lossguide', 'sample_type': 'weighted', 'normalize_type': 'forest', 'rate_drop': 0.0006938796866
923206, 'skip_drop': 0.004071598094211126}. Best is trial 11 with value: 0.6728735207687817.
[I 2022-10-22 00:59:37,113] Trial 19 finished with value: 0.5833639071550849 and parameters: {'booster': 'dart', 'lambda': 2.107862834530653e-08, 'alpha': 0.0001571277108045397, 'subsample': 0.29871396041603177, 'colsample_bytree
': 0.5748542171046721, 'max_depth': 7, 'min_child_weight': 4, 'eta': 0.06224438363195891, 'gamma': 0.05078926018173137, 'grow_policy': 'depthwise', 'sample_type': 'uniform', 'normalize_type': 'forest', 'rate_drop': 4.781140679551
313e-07, 'skip_drop': 1.1034729518248277e-06}. Best is trial 11 with value: 0.6728735207687817.
[I 2022-10-22 01:00:35,793] Trial 20 finished with value: 0.6697712357468376 and parameters: {'booster': 'dart', 'lambda': 5.801015758428083e-07, 'alpha': 1.7046461286186722e-06, 'subsample': 0.7203965980149949, 'colsample_bytree
': 0.9909104396628787, 'max_depth': 9, 'min_child_weight': 7, 'eta': 0.10485351830742103, 'gamma': 0.0022273835066582703, 'grow_policy': 'lossguide', 'sample_type': 'weighted', 'normalize_type': 'forest', 'rate_drop': 1.898159643
9548348e-07, 'skip_drop': 0.003942508659137464}. Best is trial 11 with value: 0.6728735207687817.
[I 2022-10-22 01:01:35,662] Trial 21 finished with value: 0.6812535025420794 and parameters: {'booster': 'dart', 'lambda': 7.619943194515212e-07, 'alpha': 6.669191545334413e-07, 'subsample': 0.7197386404328321, 'colsample_bytree'
: 0.9183347534260354, 'max_depth': 9, 'min_child_weight': 8, 'eta': 0.18516923250272865, 'gamma': 0.002680130264834036, 'grow_policy': 'lossguide', 'sample_type': 'weighted', 'normalize_type': 'forest', 'rate_drop': 1.65828951792
69497e-07, 'skip_drop': 0.0034591996005657348}. Best is trial 21 with value: 0.6812535025420794.
[I 2022-10-22 01:02:33,719] Trial 22 finished with value: 0.666624019769209 and parameters: {'booster': 'dart', 'lambda': 2.8111095310943573e-07, 'alpha': 5.651674505412824e-07, 'subsample': 0.7320521610348633, 'colsample_bytree'
: 0.9399042225076834, 'max_depth': 9, 'min_child_weight': 8, 'eta': 0.07259070511326833, 'gamma': 5.153318667545659e-05, 'grow_policy': 'lossguide', 'sample_type': 'weighted', 'normalize_type': 'forest', 'rate_drop': 1.4479572662
459795e-07, 'skip_drop': 0.028388168543450564}. Best is trial 21 with value: 0.6812535025420794.
[I 2022-10-22 01:03:27,990] Trial 23 finished with value: 0.6404500016101621 and parameters: {'booster': 'dart', 'lambda': 7.5757214617424676e-06, 'alpha': 2.9343387581155025e-06, 'subsample': 0.7173893749640576, 'colsample_bytre
e': 0.9869483870594052, 'max_depth': 9, 'min_child_weight': 8, 'eta': 0.004255940771182188, 'gamma': 0.001245796051610649, 'grow_policy': 'lossguide', 'sample_type': 'weighted', 'normalize_type': 'forest', 'rate_drop': 1.71980912
11826876e-05, 'skip_drop': 0.035229842133625594}. Best is trial 21 with value: 0.6812535025420794.
[I 2022-10-22 01:04:11,484] Trial 24 finished with value: 0.6214144140045965 and parameters: {'booster': 'dart', 'lambda': 5.580836137190265e-08, 'alpha': 1.9474528637550135e-08, 'subsample': 0.7924306620044239, 'colsample_bytree
': 0.7878975674390237, 'max_depth': 7, 'min_child_weight': 7, 'eta': 0.09573595912874812, 'gamma': 0.004415244806928506, 'grow_policy': 'lossguide', 'sample_type': 'weighted', 'normalize_type': 'forest', 'rate_drop': 7.8745714732
21198e-08, 'skip_drop': 0.0003340145743642171}. Best is trial 21 with value: 0.6812535025420794.
[I 2022-10-22 01:05:05,366] Trial 25 finished with value: 0.6331629765355926 and parameters: {'booster': 'dart', 'lambda': 5.145248137240045e-07, 'alpha': 3.6682100153740475e-06, 'subsample': 0.6803274635615603, 'colsample_bytree
': 0.8844253941459492, 'max_depth': 9, 'min_child_weight': 8, 'eta': 0.00025976663763236843, 'gamma': 0.00010237559396102576, 'grow_policy': 'lossguide', 'sample_type': 'weighted', 'normalize_type': 'forest', 'rate_drop': 0.00705
3701928240547, 'skip_drop': 9.364743723848403e-06}. Best is trial 21 with value: 0.6812535025420794.
[I 2022-10-22 01:05:54,623] Trial 26 finished with value: 0.6440330525706595 and parameters: {'booster': 'dart', 'lambda': 0.0002361287960618695, 'alpha': 1.5187976688038885e-07, 'subsample': 0.5525880316530166, 'colsample_bytree
': 0.9920304518537474, 'max_depth': 7, 'min_child_weight': 7, 'eta': 0.17212381408658706, 'gamma': 1.274661429077169e-05, 'grow_policy': 'lossguide', 'sample_type': 'weighted', 'normalize_type': 'tree', 'rate_drop': 9.76729929602
8831e-08, 'skip_drop': 0.02920079723492272}. Best is trial 21 with value: 0.6812535025420794.
[I 2022-10-22 01:06:41,462] Trial 27 finished with value: 0.6441679011172768 and parameters: {'booster': 'dart', 'lambda': 0.014251709597158484, 'alpha': 8.543150738174996e-07, 'subsample': 0.8241575806923506, 'colsample_bytree':
 0.9151039546608667, 'max_depth': 9, 'min_child_weight': 10, 'eta': 0.014286166288247902, 'gamma': 0.07754031282481444, 'grow_policy': 'depthwise', 'sample_type': 'uniform', 'normalize_type': 'forest', 'rate_drop': 1.706909332772
8072e-05, 'skip_drop': 0.0007128744676856596}. Best is trial 21 with value: 0.6812535025420794.
[I 2022-10-22 01:06:50,653] Trial 28 finished with value: 0.31651636683185846 and parameters: {'booster': 'gblinear', 'lambda': 2.1334686835185815e-05, 'alpha': 0.00010722550956855283, 'subsample': 0.6676480961085517, 'colsample_
bytree': 0.8013939966051963}. Best is trial 21 with value: 0.6812535025420794.
[I 2022-10-22 01:07:14,926] Trial 29 finished with value: 0.580237407862478 and parameters: {'booster': 'gbtree', 'lambda': 1.7198392712274855e-08, 'alpha': 1.193127441311379e-05, 'subsample': 0.546767082115321, 'colsample_bytree
': 0.8458154137021768, 'max_depth': 5, 'min_child_weight': 9, 'eta': 0.19312307907435247, 'gamma': 0.0066430887456906534, 'grow_policy': 'lossguide'}. Best is trial 21 with value: 0.6812535025420794.
[I 2022-10-22 01:07:38,305] Trial 30 finished with value: 0.4455527288917091 and parameters: {'booster': 'gbtree', 'lambda': 3.1774599377548253e-06, 'alpha': 1.3027073897207303e-08, 'subsample': 0.8775634888216137, 'colsample_byt
ree': 0.20205930730935273, 'max_depth': 9, 'min_child_weight': 5, 'eta': 0.0038757694487624975, 'gamma': 0.0005273188146226777, 'grow_policy': 'lossguide'}. Best is trial 21 with value: 0.6812535025420794.
[I 2022-10-22 01:08:20,536] Trial 31 finished with value: 0.6793098535568511 and parameters: {'booster': 'dart', 'lambda': 8.12385202807848e-07, 'alpha': 5.4168681921002176e-05, 'subsample': 0.38870111023000975, 'colsample_bytree
': 0.5366596083491648, 'max_depth': 9, 'min_child_weight': 5, 'eta': 0.9425730740570301, 'gamma': 1.3641542323716948e-08, 'grow_policy': 'lossguide', 'sample_type': 'weighted', 'normalize_type': 'forest', 'rate_drop': 2.117693524
1251008e-07, 'skip_drop': 0.0057293615426145614}. Best is trial 21 with value: 0.6812535025420794.
[I 2022-10-22 01:09:08,848] Trial 32 finished with value: 0.6904427270243565 and parameters: {'booster': 'dart', 'lambda': 4.269846965710467e-08, 'alpha': 5.494185770633556e-06, 'subsample': 0.4324412609506664, 'colsample_bytree'
: 0.6410859443062503, 'max_depth': 9, 'min_child_weight': 5, 'eta': 0.8188547000213268, 'gamma': 1.7150269772483564e-08, 'grow_policy': 'lossguide', 'sample_type': 'weighted', 'normalize_type': 'forest', 'rate_drop': 6.6344296384
52535e-08, 'skip_drop': 0.007291677896718015}. Best is trial 32 with value: 0.6904427270243565.
[I 2022-10-22 01:09:56,978] Trial 33 finished with value: 0.6850025173561962 and parameters: {'booster': 'dart', 'lambda': 6.090426746770092e-08, 'alpha': 4.731969931391517e-05, 'subsample': 0.40735459265257895, 'colsample_bytree
': 0.6361308113679878, 'max_depth': 9, 'min_child_weight': 5, 'eta': 0.7669816543257133, 'gamma': 1.4029643862812682e-08, 'grow_policy': 'lossguide', 'sample_type': 'weighted', 'normalize_type': 'forest', 'rate_drop': 5.575159072
1317174e-08, 'skip_drop': 0.12128869059202872}. Best is trial 32 with value: 0.6904427270243565.
[I 2022-10-22 01:10:06,379] Trial 34 finished with value: 0.2583743230311512 and parameters: {'booster': 'gblinear', 'lambda': 1.1611520495530349e-08, 'alpha': 4.9386536222810984e-05, 'subsample': 0.45715836671958593, 'colsample_
bytree': 0.6289102251754746}. Best is trial 32 with value: 0.6904427270243565.
[I 2022-10-22 01:10:50,200] Trial 35 finished with value: 0.638240025969379 and parameters: {'booster': 'dart', 'lambda': 5.326842538217101e-08, 'alpha': 5.400829156556618e-06, 'subsample': 0.3868600098101372, 'colsample_bytree':
 0.755589317777279, 'max_depth': 7, 'min_child_weight': 5, 'eta': 0.255756103445671, 'gamma': 1.0663897031786576e-08, 'grow_policy': 'lossguide', 'sample_type': 'weighted', 'normalize_type': 'forest', 'rate_drop': 4.7294001049753
6e-08, 'skip_drop': 0.11345651750441108}. Best is trial 32 with value: 0.6904427270243565.
[I 2022-10-22 01:11:39,595] Trial 36 finished with value: 0.5151656292439631 and parameters: {'booster': 'dart', 'lambda': 7.184432309413964e-08, 'alpha': 0.0002468938388524621, 'subsample': 0.5325224835605474, 'colsample_bytree'
: 0.6437701568657188, 'max_depth': 9, 'min_child_weight': 5, 'eta': 1.3310742955305976e-08, 'gamma': 1.408357664772253e-08, 'grow_policy': 'lossguide', 'sample_type': 'weighted', 'normalize_type': 'forest', 'rate_drop': 4.8200252
55492532e-06, 'skip_drop': 0.007572150654517402}. Best is trial 32 with value: 0.6904427270243565.
[I 2022-10-22 01:12:16,864] Trial 37 finished with value: 0.6257062951731932 and parameters: {'booster': 'gbtree', 'lambda': 0.00018113228657907725, 'alpha': 3.11120002179202e-07, 'subsample': 0.5881790386960651, 'colsample_bytre
e': 0.7070209039251318, 'max_depth': 9, 'min_child_weight': 6, 'eta': 0.03629294559663306, 'gamma': 4.315577111215325e-08, 'grow_policy': 'lossguide'}. Best is trial 32 with value: 0.6904427270243565.
[I 2022-10-22 01:12:25,904] Trial 38 finished with value: 0.17880131984320496 and parameters: {'booster': 'gblinear', 'lambda': 2.9690566317723238e-08, 'alpha': 4.2982253826800246e-05, 'subsample': 0.38388522589548885, 'colsample
_bytree': 0.37649775999389656}. Best is trial 32 with value: 0.6904427270243565.
[I 2022-10-22 01:12:59,751] Trial 39 finished with value: 0.6160951932170144 and parameters: {'booster': 'dart', 'lambda': 1.3328773115528411e-07, 'alpha': 7.805932891519493e-08, 'subsample': 0.2777978056551913, 'colsample_bytree
': 0.520450508852023, 'max_depth': 7, 'min_child_weight': 5, 'eta': 0.33027447909850116, 'gamma': 3.427661300223656e-08, 'grow_policy': 'depthwise', 'sample_type': 'weighted', 'normalize_type': 'forest', 'rate_drop': 5.2012919270
10953e-07, 'skip_drop': 0.13161708524559565}. Best is trial 32 with value: 0.6904427270243565.
[I 2022-10-22 01:13:47,028] Trial 40 finished with value: 0.6245893432140719 and parameters: {'booster': 'dart', 'lambda': 3.915621840316705e-07, 'alpha': 0.0007377074527104329, 'subsample': 0.4953427728754281, 'colsample_bytree'
: 0.6650719884356969, 'max_depth': 9, 'min_child_weight': 6, 'eta': 0.009550066681479523, 'gamma': 1.2414985792564594e-07, 'grow_policy': 'lossguide', 'sample_type': 'weighted', 'normalize_type': 'forest', 'rate_drop': 6.23439611
0782756e-08, 'skip_drop': 0.012347315910645834}. Best is trial 32 with value: 0.6904427270243565.
[I 2022-10-22 01:14:30,170] Trial 41 finished with value: 0.6727628799141462 and parameters: {'booster': 'dart', 'lambda': 4.369779088128943e-06, 'alpha': 7.326647212156435e-06, 'subsample': 0.38384209078860304, 'colsample_bytree
': 0.5311210358877696, 'max_depth': 9, 'min_child_weight': 3, 'eta': 0.9684859696976871, 'gamma': 3.2329338258642205e-07, 'grow_policy': 'lossguide', 'sample_type': 'weighted', 'normalize_type': 'forest', 'rate_drop': 3.401612323
436886e-08, 'skip_drop': 0.1995218151877517}. Best is trial 32 with value: 0.6904427270243565.
[I 2022-10-22 01:15:18,949] Trial 42 finished with value: 0.6841793929126935 and parameters: {'booster': 'dart', 'lambda': 1.123749047064796e-06, 'alpha': 2.3699052817699746e-05, 'subsample': 0.46668044551565385, 'colsample_bytre
e': 0.5981403736025355, 'max_depth': 9, 'min_child_weight': 4, 'eta': 0.9196209521940064, 'gamma': 1.6860675312989072e-06, 'grow_policy': 'lossguide', 'sample_type': 'weighted', 'normalize_type': 'forest', 'rate_drop': 3.09482497
2904166e-08, 'skip_drop': 0.0006512876543470326}. Best is trial 32 with value: 0.6904427270243565.
