[I 2022-10-24 18:20:46,666] Trial 89 finished with value: 0.4091000228910587 and parameters: {'rf_n_estimators': 374, 'rf_max_depth': 29, 'min_samples_split': 16, 'min_samples_leaf': 58}. Best is trial 72 with value: 0.4213915644
513979.
[I 2022-10-24 18:30:37,691] Trial 90 finished with value: 0.4173451126386386 and parameters: {'rf_n_estimators': 488, 'rf_max_depth': 26, 'min_samples_split': 9, 'min_samples_leaf': 4}. Best is trial 72 with value: 0.421391564451
3979.
[I 2022-10-24 18:38:57,924] Trial 91 finished with value: 0.4207102380338658 and parameters: {'rf_n_estimators': 484, 'rf_max_depth': 31, 'min_samples_split': 24, 'min_samples_leaf': 8}. Best is trial 72 with value: 0.42139156445
13979.
[I 2022-10-24 18:43:57,021] Trial 92 finished with value: 0.38626695790032806 and parameters: {'rf_n_estimators': 526, 'rf_max_depth': 8, 'min_samples_split': 23, 'min_samples_leaf': 8}. Best is trial 72 with value: 0.42139156445
13979.
[I 2022-10-24 18:51:15,967] Trial 93 finished with value: 0.4194720957669163 and parameters: {'rf_n_estimators': 438, 'rf_max_depth': 32, 'min_samples_split': 30, 'min_samples_leaf': 12}. Best is trial 72 with value: 0.4213915644
513979.
[I 2022-10-24 19:01:40,585] Trial 94 finished with value: 0.4210664669699685 and parameters: {'rf_n_estimators': 561, 'rf_max_depth': 29, 'min_samples_split': 24, 'min_samples_leaf': 3}. Best is trial 72 with value: 0.42139156445
13979.
[I 2022-10-24 19:12:34,976] Trial 95 finished with value: 0.42071369949656817 and parameters: {'rf_n_estimators': 604, 'rf_max_depth': 28, 'min_samples_split': 24, 'min_samples_leaf': 3}. Best is trial 72 with value: 0.4213915644
513979.
[I 2022-10-24 19:22:31,874] Trial 96 finished with value: 0.420464687749911 and parameters: {'rf_n_estimators': 555, 'rf_max_depth': 22, 'min_samples_split': 19, 'min_samples_leaf': 3}. Best is trial 72 with value: 0.421391564451
3979.
[I 2022-10-24 19:26:38,671] Trial 97 finished with value: 0.37967504361333554 and parameters: {'rf_n_estimators': 603, 'rf_max_depth': 5, 'min_samples_split': 23, 'min_samples_leaf': 3}. Best is trial 72 with value: 0.42139156445
13979.
[I 2022-10-24 19:38:13,921] Trial 98 finished with value: 0.42012229503582077 and parameters: {'rf_n_estimators': 670, 'rf_max_depth': 28, 'min_samples_split': 2, 'min_samples_leaf': 11}. Best is trial 72 with value: 0.4213915644
513979.
[I 2022-10-24 19:48:29,473] Trial 99 finished with value: 0.4202986777857188 and parameters: {'rf_n_estimators': 577, 'rf_max_depth': 25, 'min_samples_split': 15, 'min_samples_leaf': 9}. Best is trial 72 with value: 0.42139156445
13979.
[I 2022-10-24 19:58:19,309] Trial 100 finished with value: 0.4212705177980395 and parameters: {'rf_n_estimators': 550, 'rf_max_depth': 32, 'min_samples_split': 29, 'min_samples_leaf': 3}. Best is trial 72 with value: 0.4213915644
513979.
[I 2022-10-24 20:09:37,253] Trial 101 finished with value: 0.42143306958886984 and parameters: {'rf_n_estimators': 631, 'rf_max_depth': 31, 'min_samples_split': 25, 'min_samples_leaf': 3}. Best is trial 101 with value: 0.42143306
958886984.
[I 2022-10-24 20:22:03,049] Trial 102 finished with value: 0.4213258549710905 and parameters: {'rf_n_estimators': 700, 'rf_max_depth': 32, 'min_samples_split': 29, 'min_samples_leaf': 3}. Best is trial 101 with value: 0.421433069
58886984.
[I 2022-10-24 20:34:57,487] Trial 103 finished with value: 0.4207828693630663 and parameters: {'rf_n_estimators': 728, 'rf_max_depth': 32, 'min_samples_split': 28, 'min_samples_leaf': 5}. Best is trial 101 with value: 0.421433069
58886984.
[I 2022-10-24 20:47:57,322] Trial 104 finished with value: 0.42106646714938706 and parameters: {'rf_n_estimators': 739, 'rf_max_depth': 31, 'min_samples_split': 30, 'min_samples_leaf': 5}. Best is trial 101 with value: 0.42143306
958886984.
[I 2022-10-24 21:01:02,558] Trial 105 finished with value: 0.42039205881295816 and parameters: {'rf_n_estimators': 703, 'rf_max_depth': 26, 'min_samples_split': 19, 'min_samples_leaf': 3}. Best is trial 101 with value: 0.42143306
958886984.
[I 2022-10-24 21:14:39,503] Trial 106 finished with value: 0.42104917562471 and parameters: {'rf_n_estimators': 778, 'rf_max_depth': 30, 'min_samples_split': 30, 'min_samples_leaf': 5}. Best is trial 101 with value: 0.42143306958
886984.
[I 2022-10-24 21:28:52,114] Trial 107 finished with value: 0.42089008134937334 and parameters: {'rf_n_estimators': 831, 'rf_max_depth': 30, 'min_samples_split': 40, 'min_samples_leaf': 5}. Best is trial 101 with value: 0.42143306
958886984.
[I 2022-10-24 21:43:38,763] Trial 108 finished with value: 0.4199251575641639 and parameters: {'rf_n_estimators': 881, 'rf_max_depth': 23, 'min_samples_split': 40, 'min_samples_leaf': 5}. Best is trial 101 with value: 0.421433069
58886984.
[I 2022-10-24 21:57:02,999] Trial 109 finished with value: 0.420371307141315 and parameters: {'rf_n_estimators': 786, 'rf_max_depth': 26, 'min_samples_split': 46, 'min_samples_leaf': 3}. Best is trial 101 with value: 0.4214330695
8886984.
[I 2022-10-24 22:11:43,232] Trial 110 finished with value: 0.4209800067151108 and parameters: {'rf_n_estimators': 851, 'rf_max_depth': 30, 'min_samples_split': 38, 'min_samples_leaf': 4}. Best is trial 101 with value: 0.421433069
58886984.
[I 2022-10-24 22:26:43,344] Trial 111 finished with value: 0.4211633044361901 and parameters: {'rf_n_estimators': 842, 'rf_max_depth': 29, 'min_samples_split': 30, 'min_samples_leaf': 4}. Best is trial 101 with value: 0.421433069
58886984.
[I 2022-10-24 22:41:20,046] Trial 112 finished with value: 0.42135352215217053 and parameters: {'rf_n_estimators': 816, 'rf_max_depth': 28, 'min_samples_split': 30, 'min_samples_leaf': 2}. Best is trial 101 with value: 0.42143306
958886984.
[I 2022-10-24 22:56:17,733] Trial 113 finished with value: 0.421426151268542 and parameters: {'rf_n_estimators': 823, 'rf_max_depth': 29, 'min_samples_split': 31, 'min_samples_leaf': 2}. Best is trial 101 with value: 0.4214330695
8886984.
[I 2022-10-24 23:12:59,558] Trial 114 finished with value: 0.42151607178997813 and parameters: {'rf_n_estimators': 926, 'rf_max_depth': 28, 'min_samples_split': 30, 'min_samples_leaf': 2}. Best is trial 114 with value: 0.42151607
178997813.
[I 2022-10-24 23:29:00,095] Trial 115 finished with value: 0.4214399835433459 and parameters: {'rf_n_estimators': 885, 'rf_max_depth': 27, 'min_samples_split': 31, 'min_samples_leaf': 2}. Best is trial 114 with value: 0.421516071
78997813.
[I 2022-10-24 23:46:06,933] Trial 116 finished with value: 0.4213950241797206 and parameters: {'rf_n_estimators': 947, 'rf_max_depth': 27, 'min_samples_split': 30, 'min_samples_leaf': 2}. Best is trial 114 with value: 0.421516071
78997813.
[I 2022-10-25 00:02:56,949] Trial 117 finished with value: 0.42110451309679203 and parameters: {'rf_n_estimators': 940, 'rf_max_depth': 23, 'min_samples_split': 28, 'min_samples_leaf': 2}. Best is trial 114 with value: 0.42151607
178997813.
[I 2022-10-25 00:20:16,624] Trial 118 finished with value: 0.42080361876207417 and parameters: {'rf_n_estimators': 999, 'rf_max_depth': 27, 'min_samples_split': 43, 'min_samples_leaf': 2}. Best is trial 114 with value: 0.42151607
178997813.
[I 2022-10-25 00:36:59,352] Trial 119 finished with value: 0.4215229880170893 and parameters: {'rf_n_estimators': 937, 'rf_max_depth': 25, 'min_samples_split': 32, 'min_samples_leaf': 2}. Best is trial 119 with value: 0.421522988
0170893.
[I 2022-10-25 00:53:05,235] Trial 120 finished with value: 0.4202744663259468 and parameters: {'rf_n_estimators': 941, 'rf_max_depth': 20, 'min_samples_split': 31, 'min_samples_leaf': 2}. Best is trial 119 with value: 0.421522988
0170893.
[I 2022-10-25 01:09:24,052] Trial 121 finished with value: 0.4210353396419223 and parameters: {'rf_n_estimators': 932, 'rf_max_depth': 25, 'min_samples_split': 36, 'min_samples_leaf': 4}. Best is trial 119 with value: 0.421522988
0170893.
[I 2022-10-25 01:25:48,250] Trial 122 finished with value: 0.4211909714976578 and parameters: {'rf_n_estimators': 892, 'rf_max_depth': 27, 'min_samples_split': 27, 'min_samples_leaf': 2}. Best is trial 119 with value: 0.421522988
0170893.
[I 2022-10-25 01:42:31,158] Trial 123 finished with value: 0.4207067800399226 and parameters: {'rf_n_estimators': 882, 'rf_max_depth': 27, 'min_samples_split': 20, 'min_samples_leaf': 2}. Best is trial 119 with value: 0.421522988
0170893.
[I 2022-10-25 01:59:09,991] Trial 124 finished with value: 0.4214296075281057 and parameters: {'rf_n_estimators': 913, 'rf_max_depth': 28, 'min_samples_split': 31, 'min_samples_leaf': 2}. Best is trial 119 with value: 0.421522988
0170893.
[I 2022-10-25 02:14:58,285] Trial 125 finished with value: 0.4209730834906753 and parameters: {'rf_n_estimators': 907, 'rf_max_depth': 22, 'min_samples_split': 32, 'min_samples_leaf': 3}. Best is trial 119 with value: 0.421522988
0170893.
[I 2022-10-25 02:30:34,481] Trial 126 finished with value: 0.4161899637812872 and parameters: {'rf_n_estimators': 972, 'rf_max_depth': 27, 'min_samples_split': 109, 'min_samples_leaf': 2}. Best is trial 119 with value: 0.42152298
80170893.
[I 2022-10-25 02:47:07,892] Trial 127 finished with value: 0.4201672573897556 and parameters: {'rf_n_estimators': 906, 'rf_max_depth': 25, 'min_samples_split': 14, 'min_samples_leaf': 7}. Best is trial 119 with value: 0.421522988
0170893.
[I 2022-10-25 03:03:12,935] Trial 128 finished with value: 0.4212739769283004 and parameters: {'rf_n_estimators': 872, 'rf_max_depth': 28, 'min_samples_split': 27, 'min_samples_leaf': 2}. Best is trial 119 with value: 0.421522988
0170893.
[I 2022-10-25 03:17:09,756] Trial 129 finished with value: 0.41978681639581883 and parameters: {'rf_n_estimators': 815, 'rf_max_depth': 21, 'min_samples_split': 39, 'min_samples_leaf': 4}. Best is trial 119 with value: 0.42152298
80170893.
[I 2022-10-25 03:30:31,701] Trial 130 finished with value: 0.41397997378701845 and parameters: {'rf_n_estimators': 858, 'rf_max_depth': 23, 'min_samples_split': 134, 'min_samples_leaf': 6}. Best is trial 119 with value: 0.4215229
880170893.
[I 2022-10-25 03:46:52,927] Trial 131 finished with value: 0.421253222684991 and parameters: {'rf_n_estimators': 878, 'rf_max_depth': 28, 'min_samples_split': 26, 'min_samples_leaf': 2}. Best is trial 119 with value: 0.4215229880
170893.
[I 2022-10-25 04:03:57,408] Trial 132 finished with value: 0.42097654495337766 and parameters: {'rf_n_estimators': 925, 'rf_max_depth': 28, 'min_samples_split': 27, 'min_samples_leaf': 3}. Best is trial 119 with value: 0.42152298
80170893.
[I 2022-10-25 04:21:33,823] Trial 133 finished with value: 0.4211494676161157 and parameters: {'rf_n_estimators': 971, 'rf_max_depth': 32, 'min_samples_split': 35, 'min_samples_leaf': 2}. Best is trial 119 with value: 0.421522988
0170893.
[I 2022-10-25 04:38:38,705] Trial 134 finished with value: 0.42090045856073727 and parameters: {'rf_n_estimators': 916, 'rf_max_depth': 25, 'min_samples_split': 21, 'min_samples_leaf': 4}. Best is trial 119 with value: 0.42152298
80170893.
[I 2022-10-25 04:54:20,071] Trial 135 finished with value: 0.42099729560831556 and parameters: {'rf_n_estimators': 867, 'rf_max_depth': 29, 'min_samples_split': 32, 'min_samples_leaf': 5}. Best is trial 119 with value: 0.42152298
80170893.
[I 2022-10-25 05:08:22,394] Trial 136 finished with value: 0.4201119190205806 and parameters: {'rf_n_estimators': 808, 'rf_max_depth': 24, 'min_samples_split': 37, 'min_samples_leaf': 7}. Best is trial 119 with value: 0.421522988
0170893.
[I 2022-10-25 05:23:54,938] Trial 137 finished with value: 0.41610350322739864 and parameters: {'rf_n_estimators': 956, 'rf_max_depth': 28, 'min_samples_split': 18, 'min_samples_leaf': 25}. Best is trial 119 with value: 0.4215229
880170893.
[I 2022-10-25 05:39:46,321] Trial 138 finished with value: 0.4209627111236129 and parameters: {'rf_n_estimators': 864, 'rf_max_depth': 26, 'min_samples_split': 27, 'min_samples_leaf': 3}. Best is trial 119 with value: 0.421522988
0170893.
[I 2022-10-25 05:56:57,111] Trial 139 finished with value: 0.4212048050283916 and parameters: {'rf_n_estimators': 953, 'rf_max_depth': 32, 'min_samples_split': 31, 'min_samples_leaf': 5}. Best is trial 119 with value: 0.421522988
0170893.
[I 2022-10-25 06:10:33,332] Trial 140 finished with value: 0.42107684358327047 and parameters: {'rf_n_estimators': 766, 'rf_max_depth': 29, 'min_samples_split': 42, 'min_samples_leaf': 2}. Best is trial 119 with value: 0.42152298
80170893.
[I 2022-10-25 06:27:58,857] Trial 141 finished with value: 0.4211944311063681 and parameters: {'rf_n_estimators': 954, 'rf_max_depth': 32, 'min_samples_split': 30, 'min_samples_leaf': 5}. Best is trial 119 with value: 0.421522988
0170893.
[I 2022-10-25 06:42:59,283] Trial 142 finished with value: 0.4214053986399998 and parameters: {'rf_n_estimators': 830, 'rf_max_depth': 30, 'min_samples_split': 33, 'min_samples_leaf': 3}. Best is trial 119 with value: 0.421522988
0170893.
[I 2022-10-25 06:57:24,416] Trial 143 finished with value: 0.42136043897734365 and parameters: {'rf_n_estimators': 801, 'rf_max_depth': 30, 'min_samples_split': 35, 'min_samples_leaf': 3}. Best is trial 119 with value: 0.42152298
80170893.
[I 2022-10-25 07:11:49,228] Trial 144 finished with value: 0.4212912688118145 and parameters: {'rf_n_estimators': 806, 'rf_max_depth': 30, 'min_samples_split': 35, 'min_samples_leaf': 3}. Best is trial 119 with value: 0.421522988
0170893.
[I 2022-10-25 07:25:57,730] Trial 145 finished with value: 0.4200392905620773 and parameters: {'rf_n_estimators': 817, 'rf_max_depth': 26, 'min_samples_split': 48, 'min_samples_leaf': 4}. Best is trial 119 with value: 0.421522988
0170893.
[I 2022-10-25 07:39:59,853] Trial 146 finished with value: 0.4205269410902671 and parameters: {'rf_n_estimators': 801, 'rf_max_depth': 30, 'min_samples_split': 35, 'min_samples_leaf': 6}. Best is trial 119 with value: 0.421522988
0170893.
[I 2022-10-25 07:54:44,004] Trial 147 finished with value: 0.4209800053993747 and parameters: {'rf_n_estimators': 831, 'rf_max_depth': 28, 'min_samples_split': 39, 'min_samples_leaf': 3}. Best is trial 119 with value: 0.421522988
0170893.
[I 2022-10-25 08:06:59,367] Trial 148 finished with value: 0.4169335442568496 and parameters: {'rf_n_estimators': 760, 'rf_max_depth': 24, 'min_samples_split': 91, 'min_samples_leaf': 4}. Best is trial 119 with value: 0.421522988
0170893.
[I 2022-10-25 08:21:52,782] Trial 149 finished with value: 0.4208658721622364 and parameters: {'rf_n_estimators': 837, 'rf_max_depth': 30, 'min_samples_split': 33, 'min_samples_leaf': 6}. Best is trial 119 with value: 0.421522988
0170893.
[I 2022-10-25 08:37:54,557] Trial 150 finished with value: 0.42115292877978705 and parameters: {'rf_n_estimators': 902, 'rf_max_depth': 26, 'min_samples_split': 37, 'min_samples_leaf': 2}. Best is trial 119 with value: 0.42152298
80170893.
[I 2022-10-25 08:50:31,518] Trial 151 finished with value: 0.42129127024716306 and parameters: {'rf_n_estimators': 686, 'rf_max_depth': 32, 'min_samples_split': 29, 'min_samples_leaf': 3}. Best is trial 119 with value: 0.42152298
80170893.
[I 2022-10-25 09:03:45,077] Trial 152 finished with value: 0.4208624146467428 and parameters: {'rf_n_estimators': 713, 'rf_max_depth': 30, 'min_samples_split': 25, 'min_samples_leaf': 4}. Best is trial 119 with value: 0.421522988
0170893.
[I 2022-10-25 09:15:46,183] Trial 153 finished with value: 0.42135351981972907 and parameters: {'rf_n_estimators': 662, 'rf_max_depth': 28, 'min_samples_split': 33, 'min_samples_leaf': 3}. Best is trial 119 with value: 0.42152298
80170893.
[I 2022-10-25 09:28:07,433] Trial 154 finished with value: 0.4212359303828334 and parameters: {'rf_n_estimators': 683, 'rf_max_depth': 30, 'min_samples_split': 33, 'min_samples_leaf': 3}. Best is trial 119 with value: 0.421522988
0170893.
[I 2022-10-25 09:39:21,452] Trial 155 finished with value: 0.4201672576289803 and parameters: {'rf_n_estimators': 655, 'rf_max_depth': 27, 'min_samples_split': 44, 'min_samples_leaf': 6}. Best is trial 119 with value: 0.421522988
0170893.
[I 2022-10-25 09:50:36,380] Trial 156 finished with value: 0.42074482526965323 and parameters: {'rf_n_estimators': 634, 'rf_max_depth': 32, 'min_samples_split': 35, 'min_samples_leaf': 5}. Best is trial 119 with value: 0.42152298
80170893.
[I 2022-10-25 10:03:37,931] Trial 157 finished with value: 0.4208278314777763 and parameters: {'rf_n_estimators': 689, 'rf_max_depth': 26, 'min_samples_split': 22, 'min_samples_leaf': 3}. Best is trial 119 with value: 0.421522988
0170893.
[I 2022-10-25 10:14:37,865] Trial 158 finished with value: 0.410704766939623 and parameters: {'rf_n_estimators': 733, 'rf_max_depth': 29, 'min_samples_split': 41, 'min_samples_leaf': 49}. Best is trial 119 with value: 0.421522988
0170893.
[I 2022-10-25 10:28:36,728] Trial 159 finished with value: 0.4208831632682702 and parameters: {'rf_n_estimators': 791, 'rf_max_depth': 23, 'min_samples_split': 31, 'min_samples_leaf': 7}. Best is trial 119 with value: 0.421522988
0170893.
[I 2022-10-25 10:41:54,843] Trial 160 finished with value: 0.4209004608931787 and parameters: {'rf_n_estimators': 756, 'rf_max_depth': 30, 'min_samples_split': 38, 'min_samples_leaf': 4}. Best is trial 119 with value: 0.421522988
0170893.
[I 2022-10-25 10:57:48,490] Trial 161 finished with value: 0.4214884012597514 and parameters: {'rf_n_estimators': 855, 'rf_max_depth': 28, 'min_samples_split': 28, 'min_samples_leaf': 2}. Best is trial 119 with value: 0.421522988
0170893.
[I 2022-10-25 11:13:09,047] Trial 162 finished with value: 0.4213881085506713 and parameters: {'rf_n_estimators': 838, 'rf_max_depth': 25, 'min_samples_split': 29, 'min_samples_leaf': 2}. Best is trial 119 with value: 0.421522988
0170893.
[I 2022-10-25 11:30:12,686] Trial 163 finished with value: 0.42142615174699144 and parameters: {'rf_n_estimators': 924, 'rf_max_depth': 25, 'min_samples_split': 29, 'min_samples_leaf': 2}. Best is trial 119 with value: 0.42152298
80170893.
[I 2022-10-25 11:47:23,298] Trial 164 finished with value: 0.4211702228163242 and parameters: {'rf_n_estimators': 916, 'rf_max_depth': 25, 'min_samples_split': 24, 'min_samples_leaf': 2}. Best is trial 119 with value: 0.421522988
0170893.
[I 2022-10-25 11:52:39,367] Trial 165 finished with value: 0.3786340318207187 and parameters: {'rf_n_estimators': 892, 'rf_max_depth': 4, 'min_samples_split': 32, 'min_samples_leaf': 2}. Best is trial 119 with value: 0.4215229880
170893.
Number of finished trials:  166
Best trial:
  Value: 0.4215229880170893
  Params:
    rf_n_estimators: 937
    rf_max_depth: 25
    min_samples_split: 32
    min_samples_leaf: 2

Process finished with exit code 0

