[I 2022-10-22 03:46:33,060] Trial 245 finished with value: 0.7232086580948536 and parameters: {'booster': 'dart', 'lambda': 0.4780139190851279, 'alpha': 0.28083357166116024, 'subsample': 0.9748458055779605, 'colsample_bytree': 0.
974131314550741, 'max_depth': 9, 'min_child_weight': 4, 'eta': 0.9853845707706652, 'gamma': 5.442431907572261e-05, 'grow_policy': 'depthwise', 'sample_type': 'weighted', 'normalize_type': 'tree', 'rate_drop': 1.5419657055554146e-
05, 'skip_drop': 1.955460534495557e-05}. Best is trial 152 with value: 0.7245851441616205.
[I 2022-10-22 03:47:16,747] Trial 246 finished with value: 0.7119131702792423 and parameters: {'booster': 'dart', 'lambda': 0.3630243854382113, 'alpha': 0.23919603134641979, 'subsample': 0.9770007282374122, 'colsample_bytree': 0.
9755813659139805, 'max_depth': 9, 'min_child_weight': 4, 'eta': 0.5112506059707562, 'gamma': 5.583417730485536e-05, 'grow_policy': 'depthwise', 'sample_type': 'weighted', 'normalize_type': 'tree', 'rate_drop': 1.3487620061697152e
-05, 'skip_drop': 0.2704342384133487}. Best is trial 152 with value: 0.7245851441616205.
[I 2022-10-22 03:48:01,231] Trial 247 finished with value: 0.7184255402992634 and parameters: {'booster': 'dart', 'lambda': 0.4867282355715164, 'alpha': 0.23543187550381592, 'subsample': 0.9370666231091347, 'colsample_bytree': 0.
998033799786444, 'max_depth': 9, 'min_child_weight': 5, 'eta': 0.71801590505418, 'gamma': 0.00021741225785676575, 'grow_policy': 'depthwise', 'sample_type': 'weighted', 'normalize_type': 'tree', 'rate_drop': 2.79761475387926e-05,
 'skip_drop': 0.021120948281554995}. Best is trial 152 with value: 0.7245851441616205.
[I 2022-10-22 03:48:45,214] Trial 248 finished with value: 0.7229423561392554 and parameters: {'booster': 'dart', 'lambda': 0.3135462324602856, 'alpha': 0.4228748170249198, 'subsample': 0.9773484858904149, 'colsample_bytree': 0.9
701949794297735, 'max_depth': 9, 'min_child_weight': 4, 'eta': 0.9828928622433655, 'gamma': 3.9169351805892846e-05, 'grow_policy': 'depthwise', 'sample_type': 'weighted', 'normalize_type': 'tree', 'rate_drop': 9.583162209496663e-
06, 'skip_drop': 0.06408309830293958}. Best is trial 152 with value: 0.7245851441616205.
[I 2022-10-22 03:49:28,683] Trial 249 finished with value: 0.7226829731618535 and parameters: {'booster': 'dart', 'lambda': 0.7959448232380316, 'alpha': 0.47242297571828, 'subsample': 0.999926103500457, 'colsample_bytree': 0.9669
299804302833, 'max_depth': 9, 'min_child_weight': 4, 'eta': 0.9918415520579601, 'gamma': 4.1700059417469924e-05, 'grow_policy': 'depthwise', 'sample_type': 'weighted', 'normalize_type': 'tree', 'rate_drop': 7.599695731202231e-06,
 'skip_drop': 0.052759703280123305}. Best is trial 152 with value: 0.7245851441616205.
[I 2022-10-22 03:50:11,895] Trial 250 finished with value: 0.705857311318708 and parameters: {'booster': 'dart', 'lambda': 0.7523765657159118, 'alpha': 0.9834138080852649, 'subsample': 0.9810539204166648, 'colsample_bytree': 0.96
74955395034426, 'max_depth': 9, 'min_child_weight': 4, 'eta': 0.42387676615237535, 'gamma': 4.1103483511632536e-05, 'grow_policy': 'depthwise', 'sample_type': 'weighted', 'normalize_type': 'tree', 'rate_drop': 5.150124911729507e-
06, 'skip_drop': 0.060616405215139314}. Best is trial 152 with value: 0.7245851441616205.
[I 2022-10-22 03:50:55,504] Trial 251 finished with value: 0.7184151599181714 and parameters: {'booster': 'dart', 'lambda': 0.4569995019937133, 'alpha': 0.3755943100436289, 'subsample': 0.9859619454479487, 'colsample_bytree': 0.9
999247859438235, 'max_depth': 9, 'min_child_weight': 4, 'eta': 0.6623956112895697, 'gamma': 6.78864096356936e-05, 'grow_policy': 'depthwise', 'sample_type': 'weighted', 'normalize_type': 'tree', 'rate_drop': 7.596958147926589e-06
, 'skip_drop': 0.6306774410713721}. Best is trial 152 with value: 0.7245851441616205.
[I 2022-10-22 03:51:38,778] Trial 252 finished with value: 0.7124527070436704 and parameters: {'booster': 'dart', 'lambda': 0.265448941682751, 'alpha': 0.6048928172709284, 'subsample': 0.99613826641149, 'colsample_bytree': 0.9724
948458584238, 'max_depth': 9, 'min_child_weight': 4, 'eta': 0.5609230780120399, 'gamma': 3.782444677467912e-05, 'grow_policy': 'depthwise', 'sample_type': 'weighted', 'normalize_type': 'tree', 'rate_drop': 6.1022228934192615e-06,
 'skip_drop': 0.003397841974425846}. Best is trial 152 with value: 0.7245851441616205.
[I 2022-10-22 03:52:23,785] Trial 253 finished with value: 0.7004447691306587 and parameters: {'booster': 'dart', 'lambda': 0.01913694272328524, 'alpha': 0.5110539465125046, 'subsample': 0.9991762055120299, 'colsample_bytree': 0.
9725902597495405, 'max_depth': 9, 'min_child_weight': 4, 'eta': 0.3510068440636711, 'gamma': 0.00010554129477585538, 'grow_policy': 'depthwise', 'sample_type': 'weighted', 'normalize_type': 'tree', 'rate_drop': 1.0006566061147605
e-05, 'skip_drop': 0.4286378725302456}. Best is trial 152 with value: 0.7245851441616205.
[I 2022-10-22 03:53:09,598] Trial 254 finished with value: 0.7184670523144474 and parameters: {'booster': 'dart', 'lambda': 0.9763743199950029, 'alpha': 0.2910309358584644, 'subsample': 0.9725912069175988, 'colsample_bytree': 0.9
848440241305525, 'max_depth': 9, 'min_child_weight': 4, 'eta': 0.7278657438065699, 'gamma': 6.527588519537597e-05, 'grow_policy': 'depthwise', 'sample_type': 'weighted', 'normalize_type': 'tree', 'rate_drop': 1.7468586747867784e-
05, 'skip_drop': 0.06101061926763024}. Best is trial 152 with value: 0.7245851441616205.
[I 2022-10-22 03:53:54,820] Trial 255 finished with value: 0.7233400619245021 and parameters: {'booster': 'dart', 'lambda': 0.45680445313795015, 'alpha': 0.4683367485838315, 'subsample': 0.9729810386003774, 'colsample_bytree': 0.
9639089718622655, 'max_depth': 9, 'min_child_weight': 5, 'eta': 0.980054123531782, 'gamma': 0.00011769156603056904, 'grow_policy': 'depthwise', 'sample_type': 'weighted', 'normalize_type': 'tree', 'rate_drop': 2.0393094044106384e
-05, 'skip_drop': 0.01293017080937459}. Best is trial 152 with value: 0.7245851441616205.
[I 2022-10-22 03:54:02,119] Trial 256 finished with value: 0.3495273336736521 and parameters: {'booster': 'gblinear', 'lambda': 0.1291950916987235, 'alpha': 0.7170255061233938, 'subsample': 0.9665558387006744, 'colsample_bytree':
 0.9634920623464065}. Best is trial 152 with value: 0.7245851441616205.
[I 2022-10-22 03:54:47,580] Trial 257 finished with value: 0.7088973541840536 and parameters: {'booster': 'dart', 'lambda': 0.008219421584360068, 'alpha': 0.4776156494186003, 'subsample': 0.9825800429213088, 'colsample_bytree': 0
.9849715529544254, 'max_depth': 9, 'min_child_weight': 5, 'eta': 0.46002750733268827, 'gamma': 0.00011852011059816712, 'grow_policy': 'depthwise', 'sample_type': 'weighted', 'normalize_type': 'tree', 'rate_drop': 2.31415994049154
36e-05, 'skip_drop': 0.09975325221391786}. Best is trial 152 with value: 0.7245851441616205.
[I 2022-10-22 03:55:15,302] Trial 258 finished with value: 0.7037822029438802 and parameters: {'booster': 'gbtree', 'lambda': 0.34030768811471035, 'alpha': 0.39059623765702456, 'subsample': 0.9720879993453122, 'colsample_bytree':
 0.9566435611101226, 'max_depth': 7, 'min_child_weight': 5, 'eta': 0.7160083913911935, 'gamma': 4.671136233456866e-05, 'grow_policy': 'depthwise'}. Best is trial 152 with value: 0.7245851441616205.
[I 2022-10-22 03:56:01,668] Trial 259 finished with value: 0.7230391858306724 and parameters: {'booster': 'dart', 'lambda': 0.4832858044330977, 'alpha': 0.2330890754040305, 'subsample': 0.9469408756465112, 'colsample_bytree': 0.9
994628929660526, 'max_depth': 9, 'min_child_weight': 4, 'eta': 0.968403531458718, 'gamma': 7.791007998282613e-05, 'grow_policy': 'depthwise', 'sample_type': 'weighted', 'normalize_type': 'tree', 'rate_drop': 7.902965343795738e-06
, 'skip_drop': 0.011360506879049319}. Best is trial 152 with value: 0.7245851441616205.
[I 2022-10-22 03:56:48,229] Trial 260 finished with value: 0.7131720671483384 and parameters: {'booster': 'dart', 'lambda': 0.2355726219423696, 'alpha': 0.20782779374246935, 'subsample': 0.9312936081531764, 'colsample_bytree': 0.
9886698706155489, 'max_depth': 9, 'min_child_weight': 4, 'eta': 0.5334911271856567, 'gamma': 8.581892989059375e-05, 'grow_policy': 'depthwise', 'sample_type': 'weighted', 'normalize_type': 'tree', 'rate_drop': 1.5708978011178705e
-05, 'skip_drop': 0.015022803378042312}. Best is trial 152 with value: 0.7245851441616205.
[I 2022-10-22 03:57:34,638] Trial 261 finished with value: 0.7229319725286291 and parameters: {'booster': 'dart', 'lambda': 0.46076033566878155, 'alpha': 0.30150694107235265, 'subsample': 0.9498190758980426, 'colsample_bytree': 0
.9977972541560718, 'max_depth': 9, 'min_child_weight': 4, 'eta': 0.9983226517780253, 'gamma': 0.0001232953480199882, 'grow_policy': 'depthwise', 'sample_type': 'weighted', 'normalize_type': 'tree', 'rate_drop': 9.515739229604348e
-06, 'skip_drop': 0.028580898586446555}. Best is trial 152 with value: 0.7245851441616205.
[I 2022-10-22 03:58:20,409] Trial 262 finished with value: 0.7016483211715113 and parameters: {'booster': 'dart', 'lambda': 0.4315599529869165, 'alpha': 0.23714172486150048, 'subsample': 0.9578786895773131, 'colsample_bytree': 0.
9969666320725792, 'max_depth': 9, 'min_child_weight': 4, 'eta': 0.3433606196411102, 'gamma': 7.643483117117694e-05, 'grow_policy': 'depthwise', 'sample_type': 'weighted', 'normalize_type': 'tree', 'rate_drop': 1.0565266612626924e
-05, 'skip_drop': 0.014105694336815468}. Best is trial 152 with value: 0.7245851441616205.
[I 2022-10-22 03:59:06,718] Trial 263 finished with value: 0.7217249664410419 and parameters: {'booster': 'dart', 'lambda': 0.16570014991281015, 'alpha': 0.18293075128844669, 'subsample': 0.9446353669246084, 'colsample_bytree': 0
.9998253410190883, 'max_depth': 9, 'min_child_weight': 5, 'eta': 0.998568649180892, 'gamma': 0.0001980975618030626, 'grow_policy': 'depthwise', 'sample_type': 'weighted', 'normalize_type': 'forest', 'rate_drop': 3.997516241889343
e-06, 'skip_drop': 0.032130095807888594}. Best is trial 152 with value: 0.7245851441616205.
[I 2022-10-22 03:59:52,795] Trial 264 finished with value: 0.7126532904882262 and parameters: {'booster': 'dart', 'lambda': 0.3178403532201344, 'alpha': 0.3235522611790972, 'subsample': 0.9623272741265994, 'colsample_bytree': 0.9
794254198716277, 'max_depth': 9, 'min_child_weight': 4, 'eta': 0.5662290824487743, 'gamma': 5.8390056231146673e-05, 'grow_policy': 'depthwise', 'sample_type': 'weighted', 'normalize_type': 'tree', 'rate_drop': 7.020257853515426e-
06, 'skip_drop': 0.004777058392231308}. Best is trial 152 with value: 0.7245851441616205.
[I 2022-10-22 04:00:41,230] Trial 265 finished with value: 0.7183425406100153 and parameters: {'booster': 'dart', 'lambda': 0.47257472807505785, 'alpha': 0.2775928552835087, 'subsample': 0.9241621976429609, 'colsample_bytree': 0.
9822786764592732, 'max_depth': 9, 'min_child_weight': 4, 'eta': 0.7129324301669723, 'gamma': 0.00011307120682375184, 'grow_policy': 'lossguide', 'sample_type': 'weighted', 'normalize_type': 'tree', 'rate_drop': 1.533216945043634e
-05, 'skip_drop': 0.021012863382147962}. Best is trial 152 with value: 0.7245851441616205.
[I 2022-10-22 04:01:26,889] Trial 266 finished with value: 0.7240179531342494 and parameters: {'booster': 'dart', 'lambda': 0.23310264062640745, 'alpha': 0.6484832664958835, 'subsample': 0.971832956933178, 'colsample_bytree': 0.9
996109363064142, 'max_depth': 9, 'min_child_weight': 4, 'eta': 0.9902542473163595, 'gamma': 0.0001585574092866485, 'grow_policy': 'depthwise', 'sample_type': 'weighted', 'normalize_type': 'tree', 'rate_drop': 9.265419989698352e-0
6, 'skip_drop': 0.009711327454311856}. Best is trial 152 with value: 0.7245851441616205.
[I 2022-10-22 04:02:12,512] Trial 267 finished with value: 0.7119650415639329 and parameters: {'booster': 'dart', 'lambda': 0.08793006607139772, 'alpha': 0.8022721663132644, 'subsample': 0.9776105450557182, 'colsample_bytree': 0.
9991068351875829, 'max_depth': 9, 'min_child_weight': 4, 'eta': 0.526908407673606, 'gamma': 0.00015614995021954371, 'grow_policy': 'depthwise', 'sample_type': 'weighted', 'normalize_type': 'tree', 'rate_drop': 1.0547601626154878e
-05, 'skip_drop': 0.00658566229539652}. Best is trial 152 with value: 0.7245851441616205.
[I 2022-10-22 04:02:58,351] Trial 268 finished with value: 0.7178618018234724 and parameters: {'booster': 'dart', 'lambda': 0.26526385678528425, 'alpha': 0.5538115111462352, 'subsample': 0.9838988367167327, 'colsample_bytree': 0.
9849787304114458, 'max_depth': 9, 'min_child_weight': 4, 'eta': 0.7271475485325358, 'gamma': 3.245116865173108e-05, 'grow_policy': 'depthwise', 'sample_type': 'weighted', 'normalize_type': 'tree', 'rate_drop': 4.132851792480641e-
05, 'skip_drop': 0.019888740122909396}. Best is trial 152 with value: 0.7245851441616205.
[I 2022-10-22 04:03:44,349] Trial 269 finished with value: 0.7224789151570397 and parameters: {'booster': 'dart', 'lambda': 0.19078344268786218, 'alpha': 0.38083143301283, 'subsample': 0.953191150256249, 'colsample_bytree': 0.970
451272955514, 'max_depth': 9, 'min_child_weight': 4, 'eta': 0.9891565588496276, 'gamma': 7.936136869421345e-05, 'grow_policy': 'depthwise', 'sample_type': 'weighted', 'normalize_type': 'tree', 'rate_drop': 1.848649228543177e-05,
'skip_drop': 0.008189518205874304}. Best is trial 152 with value: 0.7245851441616205.
[I 2022-10-22 04:04:30,409] Trial 270 finished with value: 0.7051829371914201 and parameters: {'booster': 'dart', 'lambda': 0.3688794447237935, 'alpha': 0.1561819957325317, 'subsample': 0.9663370867374832, 'colsample_bytree': 0.9
843440947618332, 'max_depth': 9, 'min_child_weight': 4, 'eta': 0.39161046357178747, 'gamma': 0.00022555853647721738, 'grow_policy': 'depthwise', 'sample_type': 'weighted', 'normalize_type': 'tree', 'rate_drop': 5.412869234255461e
-06, 'skip_drop': 0.01238995049364891}. Best is trial 152 with value: 0.7245851441616205.
[I 2022-10-22 04:05:16,476] Trial 271 finished with value: 0.718425548911355 and parameters: {'booster': 'dart', 'lambda': 0.5061455223671538, 'alpha': 0.25098753818774183, 'subsample': 0.9863674081370942, 'colsample_bytree': 0.9
969721030673095, 'max_depth': 9, 'min_child_weight': 4, 'eta': 0.7122795605698241, 'gamma': 0.000127305275428665, 'grow_policy': 'depthwise', 'sample_type': 'weighted', 'normalize_type': 'tree', 'rate_drop': 2.4690310755375096e-0
5, 'skip_drop': 0.8600991104735803}. Best is trial 152 with value: 0.7245851441616205.
[I 2022-10-22 04:06:01,942] Trial 272 finished with value: 0.6923414698136632 and parameters: {'booster': 'dart', 'lambda': 0.2544474715425079, 'alpha': 0.6193932244999777, 'subsample': 0.940123261265726, 'colsample_bytree': 0.96
24986056327226, 'max_depth': 9, 'min_child_weight': 4, 'eta': 0.2814394175011927, 'gamma': 5.5683888656914076e-05, 'grow_policy': 'depthwise', 'sample_type': 'weighted', 'normalize_type': 'tree', 'rate_drop': 4.9946367909081136e-
05, 'skip_drop': 0.03243763253794843}. Best is trial 152 with value: 0.7245851441616205.
[I 2022-10-22 04:06:47,498] Trial 273 finished with value: 0.7130683097470217 and parameters: {'booster': 'dart', 'lambda': 0.5095493843716795, 'alpha': 0.9958088957999993, 'subsample': 0.971178772081964, 'colsample_bytree': 0.97
34124635818175, 'max_depth': 9, 'min_child_weight': 4, 'eta': 0.5605756637605857, 'gamma': 9.765995307719791e-05, 'grow_policy': 'depthwise', 'sample_type': 'weighted', 'normalize_type': 'tree', 'rate_drop': 1.2876216266886669e-0
5, 'skip_drop': 0.01483766845154491}. Best is trial 152 with value: 0.7245851441616205.
[I 2022-10-22 04:07:33,802] Trial 274 finished with value: 0.7230668598296581 and parameters: {'booster': 'dart', 'lambda': 0.348062391275038, 'alpha': 0.42735024701154084, 'subsample': 0.9493924196330341, 'colsample_bytree': 0.9
859260586581631, 'max_depth': 9, 'min_child_weight': 4, 'eta': 0.9905166962122403, 'gamma': 1.3607371930237258e-05, 'grow_policy': 'depthwise', 'sample_type': 'weighted', 'normalize_type': 'tree', 'rate_drop': 3.099962009889053e-
05, 'skip_drop': 0.10870179484567005}. Best is trial 152 with value: 0.7245851441616205.
[I 2022-10-22 04:08:19,845] Trial 275 finished with value: 0.7088835249593655 and parameters: {'booster': 'dart', 'lambda': 0.13407156034420906, 'alpha': 0.5253418021394728, 'subsample': 0.911220002424696, 'colsample_bytree': 0.9
862089192208322, 'max_depth': 9, 'min_child_weight': 4, 'eta': 0.4745638257682599, 'gamma': 0.0001823269241888113, 'grow_policy': 'depthwise', 'sample_type': 'weighted', 'normalize_type': 'tree', 'rate_drop': 2.9549737048371216e-
05, 'skip_drop': 0.0049106001059788145}. Best is trial 152 with value: 0.7245851441616205.
[I 2022-10-22 04:09:04,399] Trial 276 finished with value: 0.6960870497788324 and parameters: {'booster': 'dart', 'lambda': 0.32750923313446284, 'alpha': 0.3352018597671096, 'subsample': 0.9372096624132615, 'colsample_bytree': 0.
9969201391974759, 'max_depth': 9, 'min_child_weight': 10, 'eta': 0.7289304996235924, 'gamma': 1.1792443562601228e-05, 'grow_policy': 'depthwise', 'sample_type': 'weighted', 'normalize_type': 'tree', 'rate_drop': 0.096081439369420
64, 'skip_drop': 0.08010027634875241}. Best is trial 152 with value: 0.7245851441616205.
[I 2022-10-22 04:09:34,010] Trial 277 finished with value: 0.6162127736829814 and parameters: {'booster': 'dart', 'lambda': 0.04065061701631357, 'alpha': 0.42028927732839, 'subsample': 0.9995545584269027, 'colsample_bytree': 0.56
52610133768526, 'max_depth': 5, 'min_child_weight': 4, 'eta': 0.7127313311161456, 'gamma': 7.023762915230165e-05, 'grow_policy': 'depthwise', 'sample_type': 'weighted', 'normalize_type': 'tree', 'rate_drop': 1.9077342375821088e-0
5, 'skip_drop': 0.044341051499633716}. Best is trial 152 with value: 0.7245851441616205.
[I 2022-10-22 04:09:43,442] Trial 278 finished with value: 0.3738337418138019 and parameters: {'booster': 'gblinear', 'lambda': 0.19948321549881942, 'alpha': 0.005839784926570044, 'subsample': 0.973494638787289, 'colsample_bytree
': 0.975587964691639}. Best is trial 152 with value: 0.7245851441616205.
[I 2022-10-22 04:10:27,950] Trial 279 finished with value: 0.6997599895036786 and parameters: {'booster': 'dart', 'lambda': 0.409557897653243, 'alpha': 0.6681661892080895, 'subsample': 0.31092574946041646, 'colsample_bytree': 0.9
994710913458134, 'max_depth': 9, 'min_child_weight': 4, 'eta': 0.3932854054731322, 'gamma': 0.00013491107358245608, 'grow_policy': 'depthwise', 'sample_type': 'weighted', 'normalize_type': 'tree', 'rate_drop': 3.3250439875343095e
-05, 'skip_drop': 0.41107748459319904}. Best is trial 152 with value: 0.7245851441616205.
[I 2022-10-22 04:11:14,364] Trial 280 finished with value: 0.7223543997446237 and parameters: {'booster': 'dart', 'lambda': 0.2973332656967253, 'alpha': 0.1697092302302461, 'subsample': 0.9476392661908419, 'colsample_bytree': 0.9
625264434769308, 'max_depth': 9, 'min_child_weight': 4, 'eta': 0.9768000178523278, 'gamma': 1.6057223697110645e-05, 'grow_policy': 'depthwise', 'sample_type': 'weighted', 'normalize_type': 'tree', 'rate_drop': 1.0161360548290742e
-05, 'skip_drop': 0.10669092394247527}. Best is trial 152 with value: 0.7245851441616205.
[I 2022-10-22 04:11:48,383] Trial 281 finished with value: 0.711608818847674 and parameters: {'booster': 'gbtree', 'lambda': 0.5130410474668395, 'alpha': 0.28669665104593833, 'subsample': 0.9817094995266962, 'colsample_bytree': 0
.9786222358251094, 'max_depth': 9, 'min_child_weight': 4, 'eta': 0.5377179216050375, 'gamma': 0.0002417706345117959, 'grow_policy': 'depthwise'}. Best is trial 152 with value: 0.7245851441616205.
[I 2022-10-22 04:12:26,851] Trial 282 finished with value: 0.6805895571192857 and parameters: {'booster': 'dart', 'lambda': 0.24131407862296544, 'alpha': 0.20785994808688948, 'subsample': 0.9650847255920327, 'colsample_bytree': 0
.5040568770162097, 'max_depth': 9, 'min_child_weight': 4, 'eta': 0.9903624458217403, 'gamma': 3.463053456759597e-05, 'grow_policy': 'depthwise', 'sample_type': 'weighted', 'normalize_type': 'tree', 'rate_drop': 1.4741632835061843
e-05, 'skip_drop': 0.010929116426440354}. Best is trial 152 with value: 0.7245851441616205.
[I 2022-10-22 04:13:13,010] Trial 283 finished with value: 0.7172946076263733 and parameters: {'booster': 'dart', 'lambda': 0.15821324473708118, 'alpha': 0.40627681809890864, 'subsample': 0.926942019213243, 'colsample_bytree': 0.
959333494111442, 'max_depth': 9, 'min_child_weight': 4, 'eta': 0.6737212789637191, 'gamma': 9.4464823158264e-05, 'grow_policy': 'depthwise', 'sample_type': 'weighted', 'normalize_type': 'tree', 'rate_drop': 2.1057196134765027e-05
, 'skip_drop': 0.022462473007389096}. Best is trial 152 with value: 0.7245851441616205.
[I 2022-10-22 04:13:58,065] Trial 284 finished with value: 0.6902144974504998 and parameters: {'booster': 'dart', 'lambda': 0.3768887922000214, 'alpha': 0.7100311737899978, 'subsample': 0.9862394191883026, 'colsample_bytree': 0.9
849463790212435, 'max_depth': 9, 'min_child_weight': 4, 'eta': 0.26237017470388113, 'gamma': 5.027826998353055e-05, 'grow_policy': 'depthwise', 'sample_type': 'weighted', 'normalize_type': 'tree', 'rate_drop': 4.0530463824947776e
-05, 'skip_drop': 0.16107771560302553}. Best is trial 152 with value: 0.7245851441616205.
[I 2022-10-22 04:14:44,266] Trial 285 finished with value: 0.7116295689045501 and parameters: {'booster': 'dart', 'lambda': 0.5748083091232769, 'alpha': 0.26469448546589613, 'subsample': 0.9561155310906465, 'colsample_bytree': 0.
9994347628699949, 'max_depth': 9, 'min_child_weight': 3, 'eta': 0.49141369155169673, 'gamma': 0.006981431458272786, 'grow_policy': 'depthwise', 'sample_type': 'weighted', 'normalize_type': 'forest', 'rate_drop': 7.94415979164924e
-06, 'skip_drop': 0.009977566679564679}. Best is trial 152 with value: 0.7245851441616205.
