[I 2022-10-22 02:17:38,569] Trial 125 finished with value: 0.7172600232612829 and parameters: {'booster': 'gbtree', 'lambda': 5.144864161703388e-07, 'alpha': 0.0672254829340382, 'subsample': 0.8555918357894811, 'colsample_bytree'
: 0.9993276713540105, 'max_depth': 9, 'min_child_weight': 3, 'eta': 0.6853757832396338, 'gamma': 3.15437711688639e-07, 'grow_policy': 'depthwise'}. Best is trial 88 with value: 0.7227002695308321.
[I 2022-10-22 02:18:23,925] Trial 126 finished with value: 0.7007387215814095 and parameters: {'booster': 'dart', 'lambda': 1.4282474656484326e-06, 'alpha': 0.09621935591811313, 'subsample': 0.8994467992339475, 'colsample_bytree'
: 0.9588595900095805, 'max_depth': 9, 'min_child_weight': 2, 'eta': 0.3731051837986358, 'gamma': 6.874971882717977e-06, 'grow_policy': 'depthwise', 'sample_type': 'uniform', 'normalize_type': 'tree', 'rate_drop': 0.00754687795237
3748, 'skip_drop': 1.2288787176472143e-05}. Best is trial 88 with value: 0.7227002695308321.
[I 2022-10-22 02:19:09,596] Trial 127 finished with value: 0.7024714306634661 and parameters: {'booster': 'dart', 'lambda': 0.00047963674564307937, 'alpha': 0.012166446154756792, 'subsample': 0.8795971224082227, 'colsample_bytree
': 0.8904317312996681, 'max_depth': 9, 'min_child_weight': 3, 'eta': 0.45523832448633517, 'gamma': 2.3448840750733337e-06, 'grow_policy': 'depthwise', 'sample_type': 'uniform', 'normalize_type': 'tree', 'rate_drop': 5.84119941373
5471e-05, 'skip_drop': 2.0516594311473113e-05}. Best is trial 88 with value: 0.7227002695308321.
[I 2022-10-22 02:19:56,771] Trial 128 finished with value: 0.7195737716137673 and parameters: {'booster': 'dart', 'lambda': 0.13284049298496034, 'alpha': 0.004697510927801115, 'subsample': 0.9313120797710778, 'colsample_bytree':
0.9803848805376857, 'max_depth': 9, 'min_child_weight': 2, 'eta': 0.7278174348726112, 'gamma': 3.814987172550617e-06, 'grow_policy': 'depthwise', 'sample_type': 'uniform', 'normalize_type': 'tree', 'rate_drop': 4.200972691140817e
-06, 'skip_drop': 5.54585165676727e-05}. Best is trial 88 with value: 0.7227002695308321.
[I 2022-10-22 02:20:31,157] Trial 129 finished with value: 0.5323129159818842 and parameters: {'booster': 'dart', 'lambda': 0.10611144149671072, 'alpha': 0.04697858851042111, 'subsample': 0.9239146870384627, 'colsample_bytree': 0
.30181509434649545, 'max_depth': 9, 'min_child_weight': 2, 'eta': 0.24779324045627, 'gamma': 1.1228059489863282e-05, 'grow_policy': 'depthwise', 'sample_type': 'uniform', 'normalize_type': 'tree', 'rate_drop': 1.7347150874172415e
-06, 'skip_drop': 6.6277394361472e-05}. Best is trial 88 with value: 0.7227002695308321.
[I 2022-10-22 02:21:17,517] Trial 130 finished with value: 0.7166928299612766 and parameters: {'booster': 'dart', 'lambda': 9.612171409953238e-06, 'alpha': 0.004320123826937227, 'subsample': 0.9371683458844039, 'colsample_bytree'
: 0.9766745542654591, 'max_depth': 9, 'min_child_weight': 3, 'eta': 0.6324816672959493, 'gamma': 1.2496625190766742e-06, 'grow_policy': 'depthwise', 'sample_type': 'uniform', 'normalize_type': 'tree', 'rate_drop': 4.4153832871246
55e-06, 'skip_drop': 0.0001665073711560585}. Best is trial 88 with value: 0.7227002695308321.
[I 2022-10-22 02:22:04,621] Trial 131 finished with value: 0.7191034130887042 and parameters: {'booster': 'dart', 'lambda': 8.311200595128856e-07, 'alpha': 0.01807162058119001, 'subsample': 0.8162053236404302, 'colsample_bytree':
 0.9425696885703434, 'max_depth': 9, 'min_child_weight': 2, 'eta': 0.9961251919608037, 'gamma': 3.9447170899470965e-06, 'grow_policy': 'depthwise', 'sample_type': 'uniform', 'normalize_type': 'tree', 'rate_drop': 6.48642638036857
6e-06, 'skip_drop': 3.9423748793902234e-05}. Best is trial 88 with value: 0.7227002695308321.
[I 2022-10-22 02:22:51,318] Trial 132 finished with value: 0.7068014845087858 and parameters: {'booster': 'dart', 'lambda': 0.005394672704767399, 'alpha': 0.007408115451474953, 'subsample': 0.8493666826894366, 'colsample_bytree':
 0.9085642502761424, 'max_depth': 9, 'min_child_weight': 2, 'eta': 0.4675556400255719, 'gamma': 2.6239050832472094e-06, 'grow_policy': 'depthwise', 'sample_type': 'uniform', 'normalize_type': 'tree', 'rate_drop': 1.54915352503052
03e-05, 'skip_drop': 1.79537736582773e-05}. Best is trial 88 with value: 0.7227002695308321.
[I 2022-10-22 02:23:36,697] Trial 133 finished with value: 0.7163469699832836 and parameters: {'booster': 'dart', 'lambda': 0.05023821204401305, 'alpha': 0.034739443157611176, 'subsample': 0.9058882192899356, 'colsample_bytree':
0.9623534539446877, 'max_depth': 9, 'min_child_weight': 2, 'eta': 0.6971822487008621, 'gamma': 1.7089589665745612e-06, 'grow_policy': 'depthwise', 'sample_type': 'uniform', 'normalize_type': 'tree', 'rate_drop': 0.002062142725055
667, 'skip_drop': 9.567430606914444e-06}. Best is trial 88 with value: 0.7227002695308321.
[I 2022-10-22 02:24:25,635] Trial 134 finished with value: 0.6997668931116836 and parameters: {'booster': 'dart', 'lambda': 2.8771524071047533e-07, 'alpha': 0.025251100090029656, 'subsample': 0.7987449202486808, 'colsample_bytree
': 0.9875792002157782, 'max_depth': 9, 'min_child_weight': 2, 'eta': 0.3236731519359125, 'gamma': 1.893004036110352e-05, 'grow_policy': 'depthwise', 'sample_type': 'uniform', 'normalize_type': 'tree', 'rate_drop': 4.1805976417440
86e-06, 'skip_drop': 6.089088271019257e-05}. Best is trial 88 with value: 0.7227002695308321.
[I 2022-10-22 02:25:14,376] Trial 135 finished with value: 0.7151676255148007 and parameters: {'booster': 'dart', 'lambda': 0.002732732310815163, 'alpha': 0.14423775376231823, 'subsample': 0.7697929644058213, 'colsample_bytree':
0.9487100927217296, 'max_depth': 9, 'min_child_weight': 2, 'eta': 0.7087124590458953, 'gamma': 5.201028411766742e-06, 'grow_policy': 'depthwise', 'sample_type': 'uniform', 'normalize_type': 'tree', 'rate_drop': 2.9981310414001642
e-05, 'skip_drop': 2.770574157247797e-05}. Best is trial 88 with value: 0.7227002695308321.
[I 2022-10-22 02:26:01,817] Trial 136 finished with value: 0.7069156114064677 and parameters: {'booster': 'dart', 'lambda': 3.9380065105801486e-05, 'alpha': 0.06468989778052212, 'subsample': 0.8816185993955205, 'colsample_bytree'
: 0.9198859279854661, 'max_depth': 9, 'min_child_weight': 3, 'eta': 0.4621171066136937, 'gamma': 8.719150834777995e-07, 'grow_policy': 'depthwise', 'sample_type': 'uniform', 'normalize_type': 'tree', 'rate_drop': 1.05499216330424
6e-05, 'skip_drop': 3.0303532057244137e-06}. Best is trial 88 with value: 0.7227002695308321.
[I 2022-10-22 02:26:48,971] Trial 137 finished with value: 0.6779022066705712 and parameters: {'booster': 'dart', 'lambda': 1.529239926973856e-06, 'alpha': 0.0417764398171498, 'subsample': 0.9440351709109317, 'colsample_bytree':
0.9774882267808052, 'max_depth': 9, 'min_child_weight': 2, 'eta': 0.1521131492979753, 'gamma': 3.4267142909951613e-06, 'grow_policy': 'depthwise', 'sample_type': 'uniform', 'normalize_type': 'tree', 'rate_drop': 2.699719581867697
e-06, 'skip_drop': 1.631448229245681e-05}. Best is trial 88 with value: 0.7227002695308321.
[I 2022-10-22 02:27:37,723] Trial 138 finished with value: 0.6905707351183062 and parameters: {'booster': 'dart', 'lambda': 2.683490185431229e-06, 'alpha': 0.0010663918840445774, 'subsample': 0.9231093009442722, 'colsample_bytree
': 0.9592100182779485, 'max_depth': 9, 'min_child_weight': 2, 'eta': 0.248207099810715, 'gamma': 6.188771264575079e-07, 'grow_policy': 'depthwise', 'sample_type': 'uniform', 'normalize_type': 'tree', 'rate_drop': 1.95424210131486
97e-06, 'skip_drop': 6.594334748015934e-06}. Best is trial 88 with value: 0.7227002695308321.
[I 2022-10-22 02:28:24,500] Trial 139 finished with value: 0.723730896576505 and parameters: {'booster': 'dart', 'lambda': 0.3120704394698772, 'alpha': 0.009688852249360967, 'subsample': 0.9773186780225996, 'colsample_bytree': 0.
9964569560947008, 'max_depth': 9, 'min_child_weight': 3, 'eta': 0.9879643669034002, 'gamma': 5.693868288321306e-05, 'grow_policy': 'depthwise', 'sample_type': 'uniform', 'normalize_type': 'tree', 'rate_drop': 2.0668107844269586e-
05, 'skip_drop': 5.093139544033882e-05}. Best is trial 139 with value: 0.723730896576505.
[I 2022-10-22 02:29:11,192] Trial 140 finished with value: 0.7119616019304902 and parameters: {'booster': 'dart', 'lambda': 0.3021247097335928, 'alpha': 0.004705392546949921, 'subsample': 0.9771998563726, 'colsample_bytree': 0.99
85559449697546, 'max_depth': 9, 'min_child_weight': 3, 'eta': 0.5318997536659261, 'gamma': 0.00010100770114037401, 'grow_policy': 'depthwise', 'sample_type': 'uniform', 'normalize_type': 'tree', 'rate_drop': 0.0001325408394330167
2, 'skip_drop': 4.460916496162739e-05}. Best is trial 139 with value: 0.723730896576505.
[I 2022-10-22 02:30:00,265] Trial 141 finished with value: 0.7200129948565611 and parameters: {'booster': 'dart', 'lambda': 0.48513341755062306, 'alpha': 0.010036510120994829, 'subsample': 0.707733689922001, 'colsample_bytree': 0
.9810984441140994, 'max_depth': 9, 'min_child_weight': 3, 'eta': 0.9451903768625709, 'gamma': 6.201374772921609e-05, 'grow_policy': 'depthwise', 'sample_type': 'uniform', 'normalize_type': 'tree', 'rate_drop': 2.0633070960905087e
-05, 'skip_drop': 1.0173117719000964e-05}. Best is trial 139 with value: 0.723730896576505.
[I 2022-10-22 02:30:44,807] Trial 142 finished with value: 0.7236375121403128 and parameters: {'booster': 'dart', 'lambda': 0.3249590987334347, 'alpha': 0.009781674590010062, 'subsample': 0.9692378793786538, 'colsample_bytree': 0
.9803955356996279, 'max_depth': 9, 'min_child_weight': 4, 'eta': 0.9772300830401878, 'gamma': 5.417659707789116e-05, 'grow_policy': 'depthwise', 'sample_type': 'uniform', 'normalize_type': 'tree', 'rate_drop': 5.277383280899319e-
05, 'skip_drop': 1.0953529395600503e-05}. Best is trial 139 with value: 0.723730896576505.
[I 2022-10-22 02:31:31,398] Trial 143 finished with value: 0.7202378005260033 and parameters: {'booster': 'dart', 'lambda': 0.865908189851387, 'alpha': 0.01452531613579799, 'subsample': 0.7093407396808731, 'colsample_bytree': 0.9
864184171912206, 'max_depth': 9, 'min_child_weight': 4, 'eta': 0.9608923063664677, 'gamma': 0.0005318071744107281, 'grow_policy': 'depthwise', 'sample_type': 'uniform', 'normalize_type': 'tree', 'rate_drop': 1.849380035353961e-05
, 'skip_drop': 1.0900482370476477e-05}. Best is trial 139 with value: 0.723730896576505.
[I 2022-10-22 02:32:15,682] Trial 144 finished with value: 0.7242808028372985 and parameters: {'booster': 'dart', 'lambda': 0.7919535034882724, 'alpha': 0.013008605800829761, 'subsample': 0.9673016776136423, 'colsample_bytree': 0
.9826342107598529, 'max_depth': 9, 'min_child_weight': 4, 'eta': 0.9833395257598997, 'gamma': 0.0002606962316869406, 'grow_policy': 'depthwise', 'sample_type': 'uniform', 'normalize_type': 'tree', 'rate_drop': 1.891291297165862e-
05, 'skip_drop': 1.467468592849816e-05}. Best is trial 144 with value: 0.7242808028372985.
[I 2022-10-22 02:33:02,004] Trial 145 finished with value: 0.7070747214108326 and parameters: {'booster': 'dart', 'lambda': 0.9490870112752888, 'alpha': 0.00922895362097679, 'subsample': 0.7254623638908494, 'colsample_bytree': 0.
9902905863915715, 'max_depth': 9, 'min_child_weight': 4, 'eta': 0.4268250258827072, 'gamma': 0.0006601697368260259, 'grow_policy': 'depthwise', 'sample_type': 'uniform', 'normalize_type': 'tree', 'rate_drop': 6.395253148267907e-0
5, 'skip_drop': 1.1386139714408307e-05}. Best is trial 144 with value: 0.7242808028372985.
[I 2022-10-22 02:33:46,976] Trial 146 finished with value: 0.7124457673127262 and parameters: {'booster': 'dart', 'lambda': 0.2834678430425773, 'alpha': 0.016376138674182476, 'subsample': 0.9682433206258133, 'colsample_bytree': 0
.9444178518343797, 'max_depth': 9, 'min_child_weight': 4, 'eta': 0.5575393878097228, 'gamma': 0.00022564746749239662, 'grow_policy': 'depthwise', 'sample_type': 'uniform', 'normalize_type': 'tree', 'rate_drop': 1.8891310996578556
e-05, 'skip_drop': 1.2354283465450444e-05}. Best is trial 144 with value: 0.7242808028372985.
[I 2022-10-22 02:34:10,075] Trial 147 finished with value: 0.6261905677879291 and parameters: {'booster': 'gbtree', 'lambda': 0.5243769829981544, 'alpha': 0.010026483121941503, 'subsample': 0.7117241283122446, 'colsample_bytree':
 0.983541080113277, 'max_depth': 5, 'min_child_weight': 4, 'eta': 0.36203268942016953, 'gamma': 5.513416298892648e-05, 'grow_policy': 'depthwise'}. Best is trial 144 with value: 0.7242808028372985.
[I 2022-10-22 02:34:19,596] Trial 148 finished with value: 0.40247693504583476 and parameters: {'booster': 'gblinear', 'lambda': 0.5300361309820522, 'alpha': 0.015076334558018142, 'subsample': 0.9839609867856307, 'colsample_bytre
e': 0.9553976949370231}. Best is trial 144 with value: 0.7242808028372985.
[I 2022-10-22 02:35:06,907] Trial 149 finished with value: 0.7123074323642251 and parameters: {'booster': 'dart', 'lambda': 0.16527031328533517, 'alpha': 0.003223697022492484, 'subsample': 0.6967427758759965, 'colsample_bytree':
0.99757864851548, 'max_depth': 9, 'min_child_weight': 4, 'eta': 0.5599304740110768, 'gamma': 0.00042784947300682485, 'grow_policy': 'depthwise', 'sample_type': 'uniform', 'normalize_type': 'tree', 'rate_drop': 5.3362925833576737e
-05, 'skip_drop': 7.767833620227213e-06}. Best is trial 144 with value: 0.7242808028372985.
[I 2022-10-22 02:35:54,983] Trial 150 finished with value: 0.7158662506337528 and parameters: {'booster': 'dart', 'lambda': 0.5084152043019726, 'alpha': 0.006927483438300739, 'subsample': 0.648721478951543, 'colsample_bytree': 0.
9162320069684576, 'max_depth': 9, 'min_child_weight': 4, 'eta': 0.9933622584618402, 'gamma': 0.0010343475367304844, 'grow_policy': 'depthwise', 'sample_type': 'uniform', 'normalize_type': 'tree', 'rate_drop': 0.000328302237938950
76, 'skip_drop': 2.8844092833956095e-05}. Best is trial 144 with value: 0.7242808028372985.
[I 2022-10-22 02:36:39,563] Trial 151 finished with value: 0.5324719476401394 and parameters: {'booster': 'dart', 'lambda': 0.3445135151753808, 'alpha': 0.018584721468328503, 'subsample': 0.9516368497846371, 'colsample_bytree': 0
.9672268033004554, 'max_depth': 9, 'min_child_weight': 3, 'eta': 1.793263041537965e-08, 'gamma': 6.075135181834572e-05, 'grow_policy': 'depthwise', 'sample_type': 'uniform', 'normalize_type': 'tree', 'rate_drop': 1.34281997441943
59e-05, 'skip_drop': 2.048177866264647e-05}. Best is trial 144 with value: 0.7242808028372985.
[I 2022-10-22 02:37:27,145] Trial 152 finished with value: 0.7245851441616205 and parameters: {'booster': 'dart', 'lambda': 0.5642581562857996, 'alpha': 0.011964958656080679, 'subsample': 0.9664606774005825, 'colsample_bytree': 0
.973523784845717, 'max_depth': 9, 'min_child_weight': 3, 'eta': 0.9741117119835012, 'gamma': 0.00015275824324089936, 'grow_policy': 'depthwise', 'sample_type': 'uniform', 'normalize_type': 'tree', 'rate_drop': 3.2087168422238625e
-05, 'skip_drop': 3.4557151831426346e-05}. Best is trial 152 with value: 0.7245851441616205.
[I 2022-10-22 02:38:13,904] Trial 153 finished with value: 0.7164403522664531 and parameters: {'booster': 'dart', 'lambda': 0.6418440516060047, 'alpha': 0.012433139706120103, 'subsample': 0.9668141507085954, 'colsample_bytree': 0
.9416732260010907, 'max_depth': 9, 'min_child_weight': 3, 'eta': 0.7060306878692358, 'gamma': 0.0002354165869489154, 'grow_policy': 'depthwise', 'sample_type': 'uniform', 'normalize_type': 'tree', 'rate_drop': 4.01727260957777e-0
5, 'skip_drop': 0.00012361456440862593}. Best is trial 152 with value: 0.7245851441616205.
[I 2022-10-22 02:39:00,309] Trial 154 finished with value: 0.6947278456677519 and parameters: {'booster': 'dart', 'lambda': 0.36910001019006544, 'alpha': 0.04827604551056619, 'subsample': 0.9831144648685899, 'colsample_bytree': 0
.9810362090624747, 'max_depth': 9, 'min_child_weight': 3, 'eta': 0.303093567962975, 'gamma': 0.0001652247377502855, 'grow_policy': 'depthwise', 'sample_type': 'uniform', 'normalize_type': 'tree', 'rate_drop': 2.468578044478314e-0
5, 'skip_drop': 3.418197145660049e-05}. Best is trial 152 with value: 0.7245851441616205.
[I 2022-10-22 02:39:46,867] Trial 155 finished with value: 0.7209329556299677 and parameters: {'booster': 'dart', 'lambda': 0.7331577100987456, 'alpha': 0.08407855558910986, 'subsample': 0.9563589471214203, 'colsample_bytree': 0.
9632673166707081, 'max_depth': 9, 'min_child_weight': 3, 'eta': 0.9986421754321648, 'gamma': 7.780623706070283e-05, 'grow_policy': 'depthwise', 'sample_type': 'uniform', 'normalize_type': 'tree', 'rate_drop': 7.950046929370601e-0
5, 'skip_drop': 7.496313548167415e-05}. Best is trial 152 with value: 0.7245851441616205.
[I 2022-10-22 02:40:33,291] Trial 156 finished with value: 0.7097516029054866 and parameters: {'booster': 'dart', 'lambda': 0.7818692779089128, 'alpha': 0.09862805997444885, 'subsample': 0.9554682431250872, 'colsample_bytree': 0.
9996764167306901, 'max_depth': 9, 'min_child_weight': 4, 'eta': 0.4707113594485722, 'gamma': 0.0003718507563711338, 'grow_policy': 'depthwise', 'sample_type': 'uniform', 'normalize_type': 'tree', 'rate_drop': 7.274996676034697e-0
5, 'skip_drop': 7.860032685078804e-05}. Best is trial 152 with value: 0.7245851441616205.
[I 2022-10-22 02:41:20,044] Trial 157 finished with value: 0.7220742641984859 and parameters: {'booster': 'dart', 'lambda': 0.19449216699272623, 'alpha': 0.07043159124773254, 'subsample': 0.9461122601044076, 'colsample_bytree': 0
.9537196784723346, 'max_depth': 9, 'min_child_weight': 3, 'eta': 0.9896625597921038, 'gamma': 7.506206985868906e-05, 'grow_policy': 'depthwise', 'sample_type': 'uniform', 'normalize_type': 'tree', 'rate_drop': 1.89397936613424e-0
5, 'skip_drop': 0.00024292951465469163}. Best is trial 152 with value: 0.7245851441616205.
[I 2022-10-22 02:42:06,763] Trial 158 finished with value: 0.7192002494186082 and parameters: {'booster': 'dart', 'lambda': 0.07272217951059913, 'alpha': 0.06381358975252767, 'subsample': 0.9492218357067943, 'colsample_bytree': 0
.9296506616330816, 'max_depth': 9, 'min_child_weight': 3, 'eta': 0.9850098099050361, 'gamma': 3.227306587970992e-05, 'grow_policy': 'depthwise', 'sample_type': 'uniform', 'normalize_type': 'tree', 'rate_drop': 1.418460240703174e-
05, 'skip_drop': 0.0004536329240398623}. Best is trial 152 with value: 0.7245851441616205.
[I 2022-10-22 02:42:53,128] Trial 159 finished with value: 0.71244921854857 and parameters: {'booster': 'dart', 'lambda': 0.24141080972942508, 'alpha': 0.14945638234832181, 'subsample': 0.9690216104752708, 'colsample_bytree': 0.9
567794831160505, 'max_depth': 9, 'min_child_weight': 3, 'eta': 0.5826725450271373, 'gamma': 8.939765704430096e-05, 'grow_policy': 'depthwise', 'sample_type': 'uniform', 'normalize_type': 'tree', 'rate_drop': 0.0001052281083535584
3, 'skip_drop': 0.00023456014960727853}. Best is trial 152 with value: 0.7245851441616205.
[I 2022-10-22 02:43:39,465] Trial 160 finished with value: 0.6884990725967649 and parameters: {'booster': 'dart', 'lambda': 0.4073006006275933, 'alpha': 0.10993616689475998, 'subsample': 0.9366024991258012, 'colsample_bytree': 0.
9435265757104145, 'max_depth': 9, 'min_child_weight': 4, 'eta': 0.2374773319678834, 'gamma': 0.002174795558818789, 'grow_policy': 'depthwise', 'sample_type': 'uniform', 'normalize_type': 'tree', 'rate_drop': 6.375142095808586e-06
, 'skip_drop': 8.463801998126839e-05}. Best is trial 152 with value: 0.7245851441616205.
[I 2022-10-22 02:44:25,737] Trial 161 finished with value: 0.7174917448588054 and parameters: {'booster': 'dart', 'lambda': 0.20069553667870202, 'alpha': 0.07978976617296642, 'subsample': 0.9897154842083136, 'colsample_bytree': 0
.9644673008572895, 'max_depth': 9, 'min_child_weight': 3, 'eta': 0.7197636666966017, 'gamma': 0.00013154369704134386, 'grow_policy': 'depthwise', 'sample_type': 'uniform', 'normalize_type': 'tree', 'rate_drop': 2.0014531007183752
e-05, 'skip_drop': 9.925131910852208e-06}. Best is trial 152 with value: 0.7245851441616205.
[I 2022-10-22 02:45:13,970] Trial 162 finished with value: 0.7233781316149647 and parameters: {'booster': 'dart', 'lambda': 0.5788306750344445, 'alpha': 0.04415667347498974, 'subsample': 0.9611857805079403, 'colsample_bytree': 0.
9858121453311368, 'max_depth': 9, 'min_child_weight': 3, 'eta': 0.9384827692259292, 'gamma': 6.553545299197603e-05, 'grow_policy': 'depthwise', 'sample_type': 'uniform', 'normalize_type': 'tree', 'rate_drop': 3.604834560028443e-0
5, 'skip_drop': 4.0448076132983215e-05}. Best is trial 152 with value: 0.7245851441616205.
[I 2022-10-22 02:46:01,142] Trial 163 finished with value: 0.7094334048456288 and parameters: {'booster': 'dart', 'lambda': 0.8585851489975144, 'alpha': 0.04453511583518475, 'subsample': 0.9638845605503896, 'colsample_bytree': 0.
9544718073921427, 'max_depth': 9, 'min_child_weight': 3, 'eta': 0.4683353810105935, 'gamma': 7.741991285539076e-05, 'grow_policy': 'depthwise', 'sample_type': 'uniform', 'normalize_type': 'tree', 'rate_drop': 3.240218983157284e-0
5, 'skip_drop': 0.0001465270179116315}. Best is trial 152 with value: 0.7245851441616205.
[I 2022-10-22 02:46:47,727] Trial 164 finished with value: 0.6993449537383746 and parameters: {'booster': 'dart', 'lambda': 0.9800692001410871, 'alpha': 0.02130930383303344, 'subsample': 0.9107417383963783, 'colsample_bytree': 0.
9215866367203182, 'max_depth': 9, 'min_child_weight': 3, 'eta': 0.3558340533834394, 'gamma': 4.502570182307235e-05, 'grow_policy': 'depthwise', 'sample_type': 'uniform', 'normalize_type': 'tree', 'rate_drop': 4.391237805551316e-0
5, 'skip_drop': 4.2817973583379904e-05}. Best is trial 152 with value: 0.7245851441616205.
