[I 2022-10-22 01:44:23,725] Trial 84 finished with value: 0.3954458738885542 and parameters: {'booster': 'gblinear', 'lambda': 1.9504126574398317e-06, 'alpha': 0.2434176450815322, 'subsample': 0.9776307122823744, 'colsample_bytre
e': 0.9037476247850276}. Best is trial 82 with value: 0.7101596988202343.
[I 2022-10-22 01:45:12,619] Trial 85 finished with value: 0.7213445219783463 and parameters: {'booster': 'dart', 'lambda': 7.811893541875499e-07, 'alpha': 0.08522289840575774, 'subsample': 0.9988601470717048, 'colsample_bytree':
0.9383007231030317, 'max_depth': 9, 'min_child_weight': 5, 'eta': 0.9955943749014341, 'gamma': 1.0782755223884136e-06, 'grow_policy': 'depthwise', 'sample_type': 'uniform', 'normalize_type': 'tree', 'rate_drop': 7.426748971331169
e-07, 'skip_drop': 8.288480086694171e-05}. Best is trial 85 with value: 0.7213445219783463.
[I 2022-10-22 01:46:11,045] Trial 86 finished with value: 0.7208119065843617 and parameters: {'booster': 'dart', 'lambda': 6.093024160820573e-07, 'alpha': 0.08824761750896304, 'subsample': 0.890159258880307, 'colsample_bytree': 0
.932851125121662, 'max_depth': 9, 'min_child_weight': 5, 'eta': 0.976274947973165, 'gamma': 3.898018704779354e-06, 'grow_policy': 'depthwise', 'sample_type': 'uniform', 'normalize_type': 'tree', 'rate_drop': 3.1896103099530526e-0
6, 'skip_drop': 7.785041593772169e-05}. Best is trial 85 with value: 0.7213445219783463.
[I 2022-10-22 01:47:08,119] Trial 87 finished with value: 0.6913142961568568 and parameters: {'booster': 'dart', 'lambda': 1.0479193234146314e-06, 'alpha': 0.08049912832697796, 'subsample': 0.8897886210585388, 'colsample_bytree':
 0.9598311550447495, 'max_depth': 9, 'min_child_weight': 4, 'eta': 0.25001699423481444, 'gamma': 3.2782127738022248e-06, 'grow_policy': 'depthwise', 'sample_type': 'uniform', 'normalize_type': 'tree', 'rate_drop': 3.3773946876231
913e-06, 'skip_drop': 7.414772157762664e-05}. Best is trial 85 with value: 0.7213445219783463.
[I 2022-10-22 01:48:04,801] Trial 88 finished with value: 0.7227002695308321 and parameters: {'booster': 'dart', 'lambda': 6.484123058198735e-07, 'alpha': 0.0498343420658238, 'subsample': 0.9631256232257818, 'colsample_bytree': 0
.9730279426882038, 'max_depth': 9, 'min_child_weight': 5, 'eta': 0.9722377252913788, 'gamma': 1.2919313956104053e-06, 'grow_policy': 'depthwise', 'sample_type': 'uniform', 'normalize_type': 'tree', 'rate_drop': 9.192354997439088e
-06, 'skip_drop': 2.014348900175956e-05}. Best is trial 88 with value: 0.7227002695308321.
[I 2022-10-22 01:48:56,765] Trial 89 finished with value: 0.7214932373677457 and parameters: {'booster': 'dart', 'lambda': 5.958107097431102e-06, 'alpha': 0.029965407007787662, 'subsample': 0.9622406528391523, 'colsample_bytree':
 0.9351362441158406, 'max_depth': 9, 'min_child_weight': 3, 'eta': 0.9436478699203552, 'gamma': 1.470119578403905e-06, 'grow_policy': 'depthwise', 'sample_type': 'uniform', 'normalize_type': 'tree', 'rate_drop': 8.91399473601549e
-06, 'skip_drop': 2.316333635618919e-05}. Best is trial 88 with value: 0.7227002695308321.
[I 2022-10-22 01:49:51,960] Trial 90 finished with value: 0.7212303935257033 and parameters: {'booster': 'dart', 'lambda': 6.61038465319854e-07, 'alpha': 0.02666929893409903, 'subsample': 0.8591025482769656, 'colsample_bytree': 0
.9668239073931659, 'max_depth': 9, 'min_child_weight': 3, 'eta': 0.992477500232366, 'gamma': 2.1130745319905595e-06, 'grow_policy': 'depthwise', 'sample_type': 'uniform', 'normalize_type': 'tree', 'rate_drop': 8.626723766146359e-
06, 'skip_drop': 2.2753063642948405e-05}. Best is trial 88 with value: 0.7227002695308321.
[I 2022-10-22 01:50:46,404] Trial 91 finished with value: 0.7210678374886335 and parameters: {'booster': 'dart', 'lambda': 6.614297446663912e-07, 'alpha': 0.041140226569296445, 'subsample': 0.9177852805362516, 'colsample_bytree':
 0.933165903612964, 'max_depth': 9, 'min_child_weight': 3, 'eta': 0.9454430469868046, 'gamma': 2.1678224542417065e-06, 'grow_policy': 'depthwise', 'sample_type': 'uniform', 'normalize_type': 'tree', 'rate_drop': 6.663889421257259
e-06, 'skip_drop': 1.8996226263331112e-05}. Best is trial 88 with value: 0.7227002695308321.
[I 2022-10-22 01:51:39,192] Trial 92 finished with value: 0.7223025340219088 and parameters: {'booster': 'dart', 'lambda': 8.242711888028414e-07, 'alpha': 0.026659171469570416, 'subsample': 0.8589318200694905, 'colsample_bytree':
 0.9723646259315907, 'max_depth': 9, 'min_child_weight': 2, 'eta': 0.9470393381231114, 'gamma': 2.133691361043222e-06, 'grow_policy': 'depthwise', 'sample_type': 'uniform', 'normalize_type': 'tree', 'rate_drop': 3.497086699983351
e-05, 'skip_drop': 2.4220751936952623e-05}. Best is trial 88 with value: 0.7227002695308321.
[I 2022-10-22 01:52:34,020] Trial 93 finished with value: 0.719781277744503 and parameters: {'booster': 'dart', 'lambda': 6.611827001200129e-07, 'alpha': 0.025766361300105782, 'subsample': 0.8253008628058027, 'colsample_bytree':
0.9688216612124565, 'max_depth': 9, 'min_child_weight': 2, 'eta': 0.9795506061546877, 'gamma': 1.433944434699585e-06, 'grow_policy': 'depthwise', 'sample_type': 'uniform', 'normalize_type': 'tree', 'rate_drop': 9.053642036819396e
-06, 'skip_drop': 2.0466441918195546e-05}. Best is trial 88 with value: 0.7227002695308321.
[I 2022-10-22 01:53:26,421] Trial 94 finished with value: 0.7195011356794903 and parameters: {'booster': 'dart', 'lambda': 4.149028570773072e-06, 'alpha': 0.027365394903488167, 'subsample': 0.828940124201851, 'colsample_bytree':
0.9683535396930446, 'max_depth': 9, 'min_child_weight': 2, 'eta': 0.7676644677619208, 'gamma': 1.8864647215664424e-06, 'grow_policy': 'depthwise', 'sample_type': 'uniform', 'normalize_type': 'tree', 'rate_drop': 2.939942701460170
2e-05, 'skip_drop': 2.2074278210021334e-05}. Best is trial 88 with value: 0.7227002695308321.
[I 2022-10-22 01:54:18,930] Trial 95 finished with value: 0.7182941239103149 and parameters: {'booster': 'dart', 'lambda': 7.5209545595198145e-06, 'alpha': 0.019276744245216554, 'subsample': 0.7991343898938876, 'colsample_bytree'
: 0.9690557683045967, 'max_depth': 9, 'min_child_weight': 2, 'eta': 0.980333680058397, 'gamma': 1.8297792517569398e-06, 'grow_policy': 'depthwise', 'sample_type': 'uniform', 'normalize_type': 'tree', 'rate_drop': 4.27779944845638
6e-05, 'skip_drop': 1.8830866601562135e-05}. Best is trial 88 with value: 0.7227002695308321.
[I 2022-10-22 01:55:12,737] Trial 96 finished with value: 0.7199714983311806 and parameters: {'booster': 'dart', 'lambda': 6.406929173469705e-06, 'alpha': 0.02492658119163221, 'subsample': 0.8159232869087364, 'colsample_bytree':
0.9726493085394887, 'max_depth': 9, 'min_child_weight': 2, 'eta': 0.8535590030077301, 'gamma': 2.0365469847040543e-06, 'grow_policy': 'depthwise', 'sample_type': 'uniform', 'normalize_type': 'tree', 'rate_drop': 3.948940718568248
4e-05, 'skip_drop': 2.087502557835997e-05}. Best is trial 88 with value: 0.7227002695308321.
[I 2022-10-22 01:55:49,881] Trial 97 finished with value: 0.6884644822510555 and parameters: {'booster': 'gbtree', 'lambda': 4.183668032586914e-06, 'alpha': 0.03915675622694961, 'subsample': 0.8286445894863758, 'colsample_bytree'
: 0.9332149059537819, 'max_depth': 9, 'min_child_weight': 2, 'eta': 0.2576008895979875, 'gamma': 9.049494072229754e-06, 'grow_policy': 'depthwise'}. Best is trial 88 with value: 0.7227002695308321.
[I 2022-10-22 01:56:00,355] Trial 98 finished with value: 0.44595036261049587 and parameters: {'booster': 'gblinear', 'lambda': 7.432537758059749e-07, 'alpha': 0.009222290529346207, 'subsample': 0.8557687766713109, 'colsample_byt
ree': 0.9763996011245293}. Best is trial 88 with value: 0.7227002695308321.
[I 2022-10-22 01:56:30,437] Trial 99 finished with value: 0.6128822525084998 and parameters: {'booster': 'dart', 'lambda': 1.108190523386593e-05, 'alpha': 0.03616294143964596, 'subsample': 0.7694914359604197, 'colsample_bytree':
0.9998204498679972, 'max_depth': 3, 'min_child_weight': 3, 'eta': 0.8939911332702567, 'gamma': 4.980067420397151e-06, 'grow_policy': 'depthwise', 'sample_type': 'uniform', 'normalize_type': 'tree', 'rate_drop': 1.131959332730112e
-05, 'skip_drop': 2.095836688709407e-05}. Best is trial 88 with value: 0.7227002695308321.
[I 2022-10-22 01:57:21,633] Trial 100 finished with value: 0.6262528458282418 and parameters: {'booster': 'dart', 'lambda': 2.1759724548058713e-05, 'alpha': 0.10046054610689842, 'subsample': 0.8144724783408449, 'colsample_bytree'
: 0.9320170985306463, 'max_depth': 9, 'min_child_weight': 2, 'eta': 3.4693686938549963e-06, 'gamma': 4.053100999793571e-07, 'grow_policy': 'depthwise', 'sample_type': 'uniform', 'normalize_type': 'tree', 'rate_drop': 3.5339008526
28999e-05, 'skip_drop': 4.2871280940658666e-05}. Best is trial 88 with value: 0.7227002695308321.
[I 2022-10-22 01:58:15,743] Trial 101 finished with value: 0.7210782257043364 and parameters: {'booster': 'dart', 'lambda': 6.302558702342942e-06, 'alpha': 0.02055653991078775, 'subsample': 0.8120728375284457, 'colsample_bytree':
 0.9703389909155884, 'max_depth': 9, 'min_child_weight': 2, 'eta': 0.9136428911862591, 'gamma': 1.5217117569488212e-06, 'grow_policy': 'depthwise', 'sample_type': 'uniform', 'normalize_type': 'tree', 'rate_drop': 4.17508721038721
1e-05, 'skip_drop': 1.6315378160330892e-05}. Best is trial 88 with value: 0.7227002695308321.
[I 2022-10-22 01:59:08,764] Trial 102 finished with value: 0.6963222175884785 and parameters: {'booster': 'dart', 'lambda': 5.900916342561402e-06, 'alpha': 0.0043755979960160415, 'subsample': 0.8420444118695434, 'colsample_bytree
': 0.9510919206222471, 'max_depth': 9, 'min_child_weight': 2, 'eta': 0.28969510105132784, 'gamma': 1.9832410677882047e-06, 'grow_policy': 'depthwise', 'sample_type': 'uniform', 'normalize_type': 'tree', 'rate_drop': 7.85173498043
6184e-06, 'skip_drop': 3.148708027701026e-05}. Best is trial 88 with value: 0.7227002695308321.
[I 2022-10-22 02:00:03,369] Trial 103 finished with value: 0.7185327666390562 and parameters: {'booster': 'dart', 'lambda': 3.2064248473884607e-06, 'alpha': 0.00988123043916298, 'subsample': 0.752397889655304, 'colsample_bytree':
 0.9825897389183905, 'max_depth': 9, 'min_child_weight': 3, 'eta': 0.7256981141310144, 'gamma': 2.2896063385152976e-06, 'grow_policy': 'depthwise', 'sample_type': 'uniform', 'normalize_type': 'tree', 'rate_drop': 4.67524337578337
24e-05, 'skip_drop': 1.5008098388844788e-05}. Best is trial 88 with value: 0.7227002695308321.
[I 2022-10-22 02:00:54,655] Trial 104 finished with value: 0.7187298972330012 and parameters: {'booster': 'dart', 'lambda': 1.2490007024838873e-06, 'alpha': 0.0321001742945288, 'subsample': 0.8674919425121889, 'colsample_bytree':
 0.9309196875704315, 'max_depth': 9, 'min_child_weight': 2, 'eta': 0.9799298168326539, 'gamma': 4.8572754367481405e-06, 'grow_policy': 'depthwise', 'sample_type': 'uniform', 'normalize_type': 'tree', 'rate_drop': 0.00010990967237
00323, 'skip_drop': 4.164758921417695e-06}. Best is trial 88 with value: 0.7227002695308321.
[I 2022-10-22 02:01:47,220] Trial 105 finished with value: 0.6784106182001699 and parameters: {'booster': 'dart', 'lambda': 7.030019802520138e-07, 'alpha': 0.0018168808578454525, 'subsample': 0.8042905627208823, 'colsample_bytree
': 0.9629437387303407, 'max_depth': 9, 'min_child_weight': 3, 'eta': 0.15671471766767273, 'gamma': 1.4296245111984718e-06, 'grow_policy': 'depthwise', 'sample_type': 'uniform', 'normalize_type': 'tree', 'rate_drop': 2.34762924885
3004e-05, 'skip_drop': 1.4310497019896146e-05}. Best is trial 88 with value: 0.7227002695308321.
[I 2022-10-22 02:02:41,162] Trial 106 finished with value: 0.6929052027872847 and parameters: {'booster': 'dart', 'lambda': 0.00010830458808608688, 'alpha': 0.054469000164444066, 'subsample': 0.8422618315526046, 'colsample_bytree
': 0.9211346248542268, 'max_depth': 9, 'min_child_weight': 2, 'eta': 0.3067038747063936, 'gamma': 4.788134597845643e-07, 'grow_policy': 'depthwise', 'sample_type': 'uniform', 'normalize_type': 'tree', 'rate_drop': 7.0016444360338
08e-06, 'skip_drop': 5.941688236032815e-06}. Best is trial 88 with value: 0.7227002695308321.
[I 2022-10-22 02:03:32,337] Trial 107 finished with value: 0.6238734135924996 and parameters: {'booster': 'dart', 'lambda': 1.4209056076358305e-05, 'alpha': 0.011862350921997647, 'subsample': 0.9179471940276474, 'colsample_bytree
': 0.9507973592520856, 'max_depth': 9, 'min_child_weight': 2, 'eta': 9.603291270782564e-05, 'gamma': 2.9208232384704398e-05, 'grow_policy': 'depthwise', 'sample_type': 'uniform', 'normalize_type': 'tree', 'rate_drop': 0.000190962
29343128858, 'skip_drop': 2.513770091390153e-06}. Best is trial 88 with value: 0.7227002695308321.
[I 2022-10-22 02:04:23,266] Trial 108 finished with value: 0.6298185645958526 and parameters: {'booster': 'dart', 'lambda': 2.653103882863565e-06, 'alpha': 0.007044615590707676, 'subsample': 0.8884406230464361, 'colsample_bytree'
: 0.983625453661188, 'max_depth': 9, 'min_child_weight': 2, 'eta': 0.0018180647586154175, 'gamma': 9.30878949899052e-06, 'grow_policy': 'depthwise', 'sample_type': 'uniform', 'normalize_type': 'tree', 'rate_drop': 2.3449727576345
206e-05, 'skip_drop': 4.910193564141709e-05}. Best is trial 88 with value: 0.7227002695308321.
[I 2022-10-22 02:05:14,610] Trial 109 finished with value: 0.6255023408723138 and parameters: {'booster': 'dart', 'lambda': 2.1652470925093502e-05, 'alpha': 0.022506615813413112, 'subsample': 0.8201689855790484, 'colsample_bytree
': 0.9972797679916912, 'max_depth': 9, 'min_child_weight': 3, 'eta': 2.0097042653318664e-07, 'gamma': 6.749858443137625e-07, 'grow_policy': 'depthwise', 'sample_type': 'uniform', 'normalize_type': 'tree', 'rate_drop': 7.953056643
273139e-05, 'skip_drop': 2.337596710385827e-05}. Best is trial 88 with value: 0.7227002695308321.
[I 2022-10-22 02:06:09,649] Trial 110 finished with value: 0.7181661625848063 and parameters: {'booster': 'dart', 'lambda': 5.987592748693166e-07, 'alpha': 0.12424403727647411, 'subsample': 0.7424616992371708, 'colsample_bytree':
 0.9703989541886777, 'max_depth': 9, 'min_child_weight': 3, 'eta': 0.7197101000644978, 'gamma': 0.00015392301408612738, 'grow_policy': 'depthwise', 'sample_type': 'uniform', 'normalize_type': 'tree', 'rate_drop': 5.21064860351484
8e-06, 'skip_drop': 3.21136711253105e-05}. Best is trial 88 with value: 0.7227002695308321.
[I 2022-10-22 02:07:00,951] Trial 111 finished with value: 0.7192832398378968 and parameters: {'booster': 'dart', 'lambda': 1.3013155378004517e-06, 'alpha': 0.03200487795847248, 'subsample': 0.8648243643822848, 'colsample_bytree'
: 0.9306005171771563, 'max_depth': 9, 'min_child_weight': 2, 'eta': 0.8921063185964953, 'gamma': 4.0886155666561575e-06, 'grow_policy': 'depthwise', 'sample_type': 'uniform', 'normalize_type': 'tree', 'rate_drop': 9.7056699858073
43e-06, 'skip_drop': 5.806576345440273e-06}. Best is trial 88 with value: 0.7227002695308321.
[I 2022-10-22 02:07:49,141] Trial 112 finished with value: 0.7160737448032503 and parameters: {'booster': 'dart', 'lambda': 1.3514244227739992e-06, 'alpha': 0.059748903787766344, 'subsample': 0.8733303429767627, 'colsample_bytree
': 0.9435189879556548, 'max_depth': 9, 'min_child_weight': 2, 'eta': 0.6860431273507688, 'gamma': 2.330786454298112e-06, 'grow_policy': 'depthwise', 'sample_type': 'uniform', 'normalize_type': 'tree', 'rate_drop': 1.0144995569033
564e-05, 'skip_drop': 1.5397243871428804e-05}. Best is trial 88 with value: 0.7227002695308321.
[I 2022-10-22 02:08:37,499] Trial 113 finished with value: 0.7162916289228303 and parameters: {'booster': 'dart', 'lambda': 9.675205390175437e-07, 'alpha': 0.030257985015539987, 'subsample': 0.851250311789053, 'colsample_bytree':
 0.8958618750031543, 'max_depth': 9, 'min_child_weight': 2, 'eta': 0.9769793384921682, 'gamma': 3.84945275751241e-06, 'grow_policy': 'depthwise', 'sample_type': 'uniform', 'normalize_type': 'tree', 'rate_drop': 2.2170595053695652
e-05, 'skip_drop': 5.316962502886404e-06}. Best is trial 88 with value: 0.7227002695308321.
[I 2022-10-22 02:09:26,052] Trial 114 finished with value: 0.6980791209061243 and parameters: {'booster': 'dart', 'lambda': 7.934562322172039e-06, 'alpha': 0.016906832297945068, 'subsample': 0.7774049100168205, 'colsample_bytree'
: 0.9188740390557084, 'max_depth': 9, 'min_child_weight': 3, 'eta': 0.3481149014916334, 'gamma': 1.4781888469127115e-06, 'grow_policy': 'depthwise', 'sample_type': 'uniform', 'normalize_type': 'tree', 'rate_drop': 7.3455753627718
09e-05, 'skip_drop': 5.465414003776994e-05}. Best is trial 88 with value: 0.7227002695308321.
[I 2022-10-22 02:10:12,433] Trial 115 finished with value: 0.6812396632101452 and parameters: {'booster': 'dart', 'lambda': 3.345604559719548e-06, 'alpha': 0.08089021441320222, 'subsample': 0.8914455968146049, 'colsample_bytree':
 0.9537912129470879, 'max_depth': 9, 'min_child_weight': 2, 'eta': 0.1764203868497929, 'gamma': 1.3848235297934357e-05, 'grow_policy': 'depthwise', 'sample_type': 'uniform', 'normalize_type': 'tree', 'rate_drop': 5.33205429982344
e-06, 'skip_drop': 2.0196156519400247e-06}. Best is trial 88 with value: 0.7227002695308321.
[I 2022-10-22 02:11:00,609] Trial 116 finished with value: 0.6684016810979543 and parameters: {'booster': 'dart', 'lambda': 6.05194207152669e-07, 'alpha': 0.04429849354073096, 'subsample': 0.9174115632231956, 'colsample_bytree':
0.9742862695377618, 'max_depth': 9, 'min_child_weight': 3, 'eta': 0.09137235000485545, 'gamma': 7.512590004939307e-06, 'grow_policy': 'depthwise', 'sample_type': 'uniform', 'normalize_type': 'tree', 'rate_drop': 2.718398071811885
7e-06, 'skip_drop': 1.2411660511803735e-05}. Best is trial 88 with value: 0.7227002695308321.
[I 2022-10-22 02:11:50,416] Trial 117 finished with value: 0.6935000647635257 and parameters: {'booster': 'dart', 'lambda': 1.9130939359845507e-07, 'alpha': 0.025836557319726748, 'subsample': 0.8274872513474356, 'colsample_bytree
': 0.8631537283664512, 'max_depth': 9, 'min_child_weight': 2, 'eta': 0.333577796436535, 'gamma': 1.0729014744835908e-06, 'grow_policy': 'depthwise', 'sample_type': 'uniform', 'normalize_type': 'tree', 'rate_drop': 1.7200205773586
67e-05, 'skip_drop': 6.0898886542968e-06}. Best is trial 88 with value: 0.7227002695308321.
[I 2022-10-22 02:12:39,127] Trial 118 finished with value: 0.7136424311157649 and parameters: {'booster': 'dart', 'lambda': 2.1023316219039883e-06, 'alpha': 0.12997931905008567, 'subsample': 0.9029673251922249, 'colsample_bytree'
: 0.9275510605098103, 'max_depth': 9, 'min_child_weight': 3, 'eta': 0.658729157592048, 'gamma': 2.312566188570054e-06, 'grow_policy': 'depthwise', 'sample_type': 'uniform', 'normalize_type': 'tree', 'rate_drop': 3.183444218419114
e-05, 'skip_drop': 2.487456403373169e-05}. Best is trial 88 with value: 0.7227002695308321.
[I 2022-10-22 02:12:49,306] Trial 119 finished with value: 0.4509203491548087 and parameters: {'booster': 'gblinear', 'lambda': 9.230514772914678e-07, 'alpha': 0.0065757007292260115, 'subsample': 0.8675836954539493, 'colsample_by
tree': 0.9416885949320042}. Best is trial 88 with value: 0.7227002695308321.
[I 2022-10-22 02:13:39,715] Trial 120 finished with value: 0.6828305797085947 and parameters: {'booster': 'dart', 'lambda': 5.7615735623087414e-06, 'alpha': 0.014747022052480754, 'subsample': 0.8094187139324499, 'colsample_bytree
': 0.9050642553345911, 'max_depth': 9, 'min_child_weight': 2, 'eta': 0.2207632221485354, 'gamma': 5.945809698520005e-07, 'grow_policy': 'depthwise', 'sample_type': 'uniform', 'normalize_type': 'tree', 'rate_drop': 1.3957034944069
318e-05, 'skip_drop': 0.00018630116376598479}. Best is trial 88 with value: 0.7227002695308321.
[I 2022-10-22 02:14:30,340] Trial 121 finished with value: 0.7187125948235974 and parameters: {'booster': 'dart', 'lambda': 1.1745853213650752e-06, 'alpha': 0.02533167192704257, 'subsample': 0.8679629856364386, 'colsample_bytree'
: 0.9335878509895398, 'max_depth': 9, 'min_child_weight': 2, 'eta': 0.9953188787536908, 'gamma': 4.680568512433691e-06, 'grow_policy': 'depthwise', 'sample_type': 'uniform', 'normalize_type': 'tree', 'rate_drop': 0.00016829419625
925796, 'skip_drop': 4.379408995097683e-06}. Best is trial 88 with value: 0.7227002695308321.
[I 2022-10-22 02:15:22,268] Trial 122 finished with value: 0.7200233759553275 and parameters: {'booster': 'dart', 'lambda': 1.39395638459495e-06, 'alpha': 0.002237304283551303, 'subsample': 0.831907941205265, 'colsample_bytree':
0.9852673904967557, 'max_depth': 9, 'min_child_weight': 2, 'eta': 0.7230049651322872, 'gamma': 6.369608961606403e-06, 'grow_policy': 'depthwise', 'sample_type': 'uniform', 'normalize_type': 'tree', 'rate_drop': 0.0007565798163582
523, 'skip_drop': 7.178749303378901e-06}. Best is trial 88 with value: 0.7227002695308321.
[I 2022-10-22 02:16:13,708] Trial 123 finished with value: 0.7043597829046284 and parameters: {'booster': 'dart', 'lambda': 2.247596904956642e-06, 'alpha': 0.0014738086291965573, 'subsample': 0.8365503579510316, 'colsample_bytree
': 0.9873692463182955, 'max_depth': 9, 'min_child_weight': 2, 'eta': 0.3875897399885193, 'gamma': 1.5314074438525961e-06, 'grow_policy': 'depthwise', 'sample_type': 'uniform', 'normalize_type': 'tree', 'rate_drop': 0.000564812614
1901925, 'skip_drop': 3.553336775013981e-05}. Best is trial 88 with value: 0.7227002695308321.
[I 2022-10-22 02:17:03,177] Trial 124 finished with value: 0.7181384955831447 and parameters: {'booster': 'dart', 'lambda': 3.973736078225917e-06, 'alpha': 0.002906094370972461, 'subsample': 0.7885363534716381, 'colsample_bytree'
: 0.9668782785011006, 'max_depth': 9, 'min_child_weight': 2, 'eta': 0.6860389473663717, 'gamma': 9.443145930066197e-07, 'grow_policy': 'depthwise', 'sample_type': 'uniform', 'normalize_type': 'tree', 'rate_drop': 8.35964367847831
8e-06, 'skip_drop': 7.79556162081025e-06}. Best is trial 88 with value: 0.7227002695308321.
