[I 2022-10-22 02:47:34,615] Trial 165 finished with value: 0.7224823718352467 and parameters: {'booster': 'dart', 'lambda': 0.6581423105206863, 'alpha': 0.03250771404636305, 'subsample': 0.9791588783051723, 'colsample_bytree': 0.
9730844711772841, 'max_depth': 9, 'min_child_weight': 3, 'eta': 0.9922589578016936, 'gamma': 0.00034026759229645255, 'grow_policy': 'depthwise', 'sample_type': 'uniform', 'normalize_type': 'tree', 'rate_drop': 8.681463413990724e-
05, 'skip_drop': 5.9293394269921456e-05}. Best is trial 152 with value: 0.7245851441616205.
[I 2022-10-22 02:48:20,914] Trial 166 finished with value: 0.7220535123474241 and parameters: {'booster': 'dart', 'lambda': 0.5757165931626381, 'alpha': 0.03547302024708518, 'subsample': 0.9826373610706712, 'colsample_bytree': 0.
9396810657777666, 'max_depth': 9, 'min_child_weight': 4, 'eta': 0.9871495554975634, 'gamma': 0.00032608065495917394, 'grow_policy': 'depthwise', 'sample_type': 'uniform', 'normalize_type': 'tree', 'rate_drop': 9.828740449103424e-
05, 'skip_drop': 5.40780463779001e-05}. Best is trial 152 with value: 0.7245851441616205.
[I 2022-10-22 02:49:07,460] Trial 167 finished with value: 0.7109517081361536 and parameters: {'booster': 'dart', 'lambda': 0.17770309854231633, 'alpha': 0.062342635836107586, 'subsample': 0.980889802378166, 'colsample_bytree': 0
.9046618835745374, 'max_depth': 9, 'min_child_weight': 3, 'eta': 0.553909809206692, 'gamma': 0.0003425821019510404, 'grow_policy': 'depthwise', 'sample_type': 'uniform', 'normalize_type': 'tree', 'rate_drop': 8.541911427597997e-0
5, 'skip_drop': 0.00010881313077994649}. Best is trial 152 with value: 0.7245851441616205.
[I 2022-10-22 02:49:53,559] Trial 168 finished with value: 0.7219255366086234 and parameters: {'booster': 'dart', 'lambda': 0.6437718164618156, 'alpha': 0.03540460377385738, 'subsample': 0.9947412582618066, 'colsample_bytree': 0.
9331664343369686, 'max_depth': 9, 'min_child_weight': 3, 'eta': 0.9814066155839686, 'gamma': 0.0001332645606646018, 'grow_policy': 'depthwise', 'sample_type': 'uniform', 'normalize_type': 'tree', 'rate_drop': 0.000146100768910551
55, 'skip_drop': 6.770857572489814e-05}. Best is trial 152 with value: 0.7245851441616205.
[I 2022-10-22 02:50:39,191] Trial 169 finished with value: 0.6995040237922041 and parameters: {'booster': 'dart', 'lambda': 0.584405712595741, 'alpha': 0.032937545557792214, 'subsample': 0.9998016996192937, 'colsample_bytree': 0.
8832032266045436, 'max_depth': 9, 'min_child_weight': 3, 'eta': 0.4103990739675668, 'gamma': 0.00015421528481504294, 'grow_policy': 'depthwise', 'sample_type': 'uniform', 'normalize_type': 'tree', 'rate_drop': 0.00016897021068187
05, 'skip_drop': 4.85248132466599e-05}. Best is trial 152 with value: 0.7245851441616205.
[I 2022-10-22 02:51:25,199] Trial 170 finished with value: 0.6125848245405919 and parameters: {'booster': 'dart', 'lambda': 0.25209283696593526, 'alpha': 0.0373009333532595, 'subsample': 0.9804728850729926, 'colsample_bytree': 0.
9382647286962592, 'max_depth': 9, 'min_child_weight': 3, 'eta': 1.864781854540937e-05, 'gamma': 0.0002460585893829105, 'grow_policy': 'depthwise', 'sample_type': 'uniform', 'normalize_type': 'tree', 'rate_drop': 0.000138007794937
5773, 'skip_drop': 6.42896769657797e-05}. Best is trial 152 with value: 0.7245851441616205.
[I 2022-10-22 02:52:11,966] Trial 171 finished with value: 0.7227521315455631 and parameters: {'booster': 'dart', 'lambda': 0.42389732881542774, 'alpha': 0.18182862965761132, 'subsample': 0.9564555551701912, 'colsample_bytree': 0
.9687043855166748, 'max_depth': 9, 'min_child_weight': 3, 'eta': 0.989636320894864, 'gamma': 0.0001136491542289138, 'grow_policy': 'depthwise', 'sample_type': 'uniform', 'normalize_type': 'tree', 'rate_drop': 5.851398155079148e-0
5, 'skip_drop': 2.9300128098731235e-05}. Best is trial 152 with value: 0.7245851441616205.
[I 2022-10-22 02:52:58,782] Trial 172 finished with value: 0.7150846063885407 and parameters: {'booster': 'dart', 'lambda': 0.3356376112846315, 'alpha': 0.04814173581263383, 'subsample': 0.9597008504352198, 'colsample_bytree': 0.
9624279093442956, 'max_depth': 9, 'min_child_weight': 3, 'eta': 0.6531303200523427, 'gamma': 0.00011082423441530067, 'grow_policy': 'depthwise', 'sample_type': 'uniform', 'normalize_type': 'tree', 'rate_drop': 9.955037518598254e-
05, 'skip_drop': 3.0659858165623015e-05}. Best is trial 152 with value: 0.7245851441616205.
[I 2022-10-22 02:53:45,447] Trial 173 finished with value: 0.717152814384898 and parameters: {'booster': 'dart', 'lambda': 0.11082538934504324, 'alpha': 0.19984841301327527, 'subsample': 0.942097456154159, 'colsample_bytree': 0.9
51094843298202, 'max_depth': 9, 'min_child_weight': 3, 'eta': 0.6882449687471809, 'gamma': 0.000215510381073914, 'grow_policy': 'depthwise', 'sample_type': 'uniform', 'normalize_type': 'tree', 'rate_drop': 0.0002415408587559898,
'skip_drop': 0.0002179788448036001}. Best is trial 152 with value: 0.7245851441616205.
[I 2022-10-22 02:54:32,375] Trial 174 finished with value: 0.712501110645815 and parameters: {'booster': 'dart', 'lambda': 0.5406013428843857, 'alpha': 0.020181012652854106, 'subsample': 0.9669307911717846, 'colsample_bytree': 0.
9731913332239255, 'max_depth': 9, 'min_child_weight': 3, 'eta': 0.5293234433358368, 'gamma': 3.259541762360402e-05, 'grow_policy': 'depthwise', 'sample_type': 'uniform', 'normalize_type': 'tree', 'rate_drop': 3.5119878790542154e-
05, 'skip_drop': 3.8648168370898116e-05}. Best is trial 152 with value: 0.7245851441616205.
[I 2022-10-22 02:55:18,363] Trial 175 finished with value: 0.7210816851336281 and parameters: {'booster': 'dart', 'lambda': 0.633751432055652, 'alpha': 0.07643685975030368, 'subsample': 0.9976420455109781, 'colsample_bytree': 0.9
191617780279329, 'max_depth': 9, 'min_child_weight': 3, 'eta': 0.9902733981683732, 'gamma': 6.860636054614775e-05, 'grow_policy': 'depthwise', 'sample_type': 'weighted', 'normalize_type': 'tree', 'rate_drop': 5.4061813121802566e-
05, 'skip_drop': 5.964541670441911e-05}. Best is trial 152 with value: 0.7245851441616205.
[I 2022-10-22 02:56:04,655] Trial 176 finished with value: 0.7137288872439953 and parameters: {'booster': 'dart', 'lambda': 0.41283688826302123, 'alpha': 0.029626086734831157, 'subsample': 0.9880492882269808, 'colsample_bytree':
0.9151294102044357, 'max_depth': 9, 'min_child_weight': 3, 'eta': 0.6899009979219951, 'gamma': 0.0006132408612451432, 'grow_policy': 'depthwise', 'sample_type': 'uniform', 'normalize_type': 'tree', 'rate_drop': 4.887667454440259e
-05, 'skip_drop': 2.7354547565353122e-05}. Best is trial 152 with value: 0.7245851441616205.
[I 2022-10-22 02:56:50,883] Trial 177 finished with value: 0.7220569752454749 and parameters: {'booster': 'dart', 'lambda': 0.22477472153572434, 'alpha': 0.051194538164037275, 'subsample': 0.9976841001079805, 'colsample_bytree':
0.9378970568865647, 'max_depth': 9, 'min_child_weight': 4, 'eta': 0.9898367764029997, 'gamma': 0.00030993618239887174, 'grow_policy': 'depthwise', 'sample_type': 'weighted', 'normalize_type': 'tree', 'rate_drop': 5.49803419642492
95e-05, 'skip_drop': 1.611639291958831e-05}. Best is trial 152 with value: 0.7245851441616205.
[I 2022-10-22 02:56:58,304] Trial 178 finished with value: 0.380985727260975 and parameters: {'booster': 'gblinear', 'lambda': 0.25572247999760817, 'alpha': 0.291002326055003, 'subsample': 0.9919258736331191, 'colsample_bytree':
0.9476377616742602}. Best is trial 152 with value: 0.7245851441616205.
[I 2022-10-22 02:57:43,798] Trial 179 finished with value: 0.6984353685615647 and parameters: {'booster': 'dart', 'lambda': 0.37405448568901484, 'alpha': 0.15931239388345128, 'subsample': 0.9984295373503256, 'colsample_bytree': 0
.897193401581584, 'max_depth': 9, 'min_child_weight': 4, 'eta': 0.3676340251756266, 'gamma': 0.00018135234086334796, 'grow_policy': 'depthwise', 'sample_type': 'weighted', 'normalize_type': 'tree', 'rate_drop': 5.868556270766274e
-05, 'skip_drop': 1.5608222713317562e-05}. Best is trial 152 with value: 0.7245851441616205.
[I 2022-10-22 02:58:17,430] Trial 180 finished with value: 0.6355354906902317 and parameters: {'booster': 'gbtree', 'lambda': 0.15173081702741723, 'alpha': 0.061884942919949934, 'subsample': 0.973842042110678, 'colsample_bytree':
 0.9264293289902715, 'max_depth': 9, 'min_child_weight': 4, 'eta': 0.006748894277646095, 'gamma': 0.0003469574093343416, 'grow_policy': 'depthwise'}. Best is trial 152 with value: 0.7245851441616205.
[I 2022-10-22 02:59:04,046] Trial 181 finished with value: 0.7220327686300043 and parameters: {'booster': 'dart', 'lambda': 0.6530010375991503, 'alpha': 0.042924155784810195, 'subsample': 0.9444535504029654, 'colsample_bytree': 0
.9361239360019252, 'max_depth': 9, 'min_child_weight': 4, 'eta': 0.9980192377468858, 'gamma': 4.209887519304939e-05, 'grow_policy': 'depthwise', 'sample_type': 'weighted', 'normalize_type': 'tree', 'rate_drop': 2.6341831203828796
e-05, 'skip_drop': 4.8180425578867356e-05}. Best is trial 152 with value: 0.7245851441616205.
[I 2022-10-22 02:59:50,949] Trial 182 finished with value: 0.723028812566517 and parameters: {'booster': 'dart', 'lambda': 0.5696502717620499, 'alpha': 0.02411427673384114, 'subsample': 0.9452789329020963, 'colsample_bytree': 0.9
734002508540361, 'max_depth': 9, 'min_child_weight': 4, 'eta': 0.9833308801460924, 'gamma': 0.00010498434985920035, 'grow_policy': 'depthwise', 'sample_type': 'weighted', 'normalize_type': 'tree', 'rate_drop': 2.7227569126605437e
-05, 'skip_drop': 5.756769536388363e-05}. Best is trial 152 with value: 0.7245851441616205.
[I 2022-10-22 03:00:37,486] Trial 183 finished with value: 0.7211923476381046 and parameters: {'booster': 'dart', 'lambda': 0.6691513120776674, 'alpha': 0.03500555830478621, 'subsample': 0.9399046943191751, 'colsample_bytree': 0.
9413000962506198, 'max_depth': 9, 'min_child_weight': 4, 'eta': 0.9985345273147501, 'gamma': 0.00012005578010460468, 'grow_policy': 'depthwise', 'sample_type': 'weighted', 'normalize_type': 'tree', 'rate_drop': 2.793925222198285e
-05, 'skip_drop': 4.9309245313189275e-05}. Best is trial 152 with value: 0.7245851441616205.
[I 2022-10-22 03:01:23,962] Trial 184 finished with value: 0.7122071338539446 and parameters: {'booster': 'dart', 'lambda': 0.9905650203539607, 'alpha': 0.03344518268508468, 'subsample': 0.9375998821030026, 'colsample_bytree': 0.
9988108760421975, 'max_depth': 9, 'min_child_weight': 4, 'eta': 0.6061155947485728, 'gamma': 0.00011732749140023955, 'grow_policy': 'depthwise', 'sample_type': 'weighted', 'normalize_type': 'tree', 'rate_drop': 2.757008722443594e
-05, 'skip_drop': 0.00011881541289371048}. Best is trial 152 with value: 0.7245851441616205.
[I 2022-10-22 03:02:12,849] Trial 185 finished with value: 0.709236287468852 and parameters: {'booster': 'dart', 'lambda': 0.22125412607495507, 'alpha': 0.02372316300878, 'subsample': 0.9466460245332471, 'colsample_bytree': 0.974
3533191364023, 'max_depth': 9, 'min_child_weight': 4, 'eta': 0.4813551722642147, 'gamma': 0.0002765794834626114, 'grow_policy': 'depthwise', 'sample_type': 'weighted', 'normalize_type': 'tree', 'rate_drop': 2.8533628442678477e-05
, 'skip_drop': 4.090463955326795e-05}. Best is trial 152 with value: 0.7245851441616205.
[I 2022-10-22 03:02:59,834] Trial 186 finished with value: 0.7151434044860381 and parameters: {'booster': 'dart', 'lambda': 0.4083155969429315, 'alpha': 0.054337251758301876, 'subsample': 0.9724870369521575, 'colsample_bytree': 0
.9431603313772869, 'max_depth': 9, 'min_child_weight': 4, 'eta': 0.7091511900387312, 'gamma': 4.805845417058014e-05, 'grow_policy': 'depthwise', 'sample_type': 'weighted', 'normalize_type': 'tree', 'rate_drop': 0.0001149825028197
0711, 'skip_drop': 5.985740556124076e-05}. Best is trial 152 with value: 0.7245851441616205.
[I 2022-10-22 03:03:46,144] Trial 187 finished with value: 0.7224339528629111 and parameters: {'booster': 'dart', 'lambda': 0.7016946092266135, 'alpha': 0.11497191981135901, 'subsample': 0.9550229958873672, 'colsample_bytree': 0.
9560238511231991, 'max_depth': 9, 'min_child_weight': 4, 'eta': 0.9949576705450268, 'gamma': 0.0007883152231050511, 'grow_policy': 'depthwise', 'sample_type': 'weighted', 'normalize_type': 'tree', 'rate_drop': 1.2651765389873606e
-05, 'skip_drop': 3.090799266785233e-05}. Best is trial 152 with value: 0.7245851441616205.
[I 2022-10-22 03:04:32,568] Trial 188 finished with value: 0.6982935588135806 and parameters: {'booster': 'dart', 'lambda': 0.07349486033343387, 'alpha': 0.09985975243714049, 'subsample': 0.9584296785772279, 'colsample_bytree': 0
.9606889288831174, 'max_depth': 9, 'min_child_weight': 4, 'eta': 0.3198034839558139, 'gamma': 0.0006903293605623068, 'grow_policy': 'depthwise', 'sample_type': 'weighted', 'normalize_type': 'tree', 'rate_drop': 1.1581263625509716
e-05, 'skip_drop': 3.2913598172774844e-05}. Best is trial 152 with value: 0.7245851441616205.
[I 2022-10-22 03:05:18,864] Trial 189 finished with value: 0.7103706683872765 and parameters: {'booster': 'dart', 'lambda': 0.2777881285754953, 'alpha': 0.11876623737560789, 'subsample': 0.9777443644292041, 'colsample_bytree': 0.
9772556820892239, 'max_depth': 9, 'min_child_weight': 4, 'eta': 0.5201576290563454, 'gamma': 0.0008509084756371714, 'grow_policy': 'depthwise', 'sample_type': 'weighted', 'normalize_type': 'tree', 'rate_drop': 1.5658459707474857e
-05, 'skip_drop': 2.667028898641488e-05}. Best is trial 152 with value: 0.7245851441616205.
[I 2022-10-22 03:06:05,930] Trial 190 finished with value: 0.7172565646692777 and parameters: {'booster': 'dart', 'lambda': 0.4825947782074264, 'alpha': 0.013373676834551115, 'subsample': 0.921349639787436, 'colsample_bytree': 0.
9987914051446436, 'max_depth': 9, 'min_child_weight': 4, 'eta': 0.6872679095945601, 'gamma': 0.0011682313430330157, 'grow_policy': 'depthwise', 'sample_type': 'weighted', 'normalize_type': 'tree', 'rate_drop': 0.00030442013109527
86, 'skip_drop': 9.492901310877086e-05}. Best is trial 152 with value: 0.7245851441616205.
[I 2022-10-22 03:06:52,708] Trial 191 finished with value: 0.722696809084835 and parameters: {'booster': 'dart', 'lambda': 0.6807300188470732, 'alpha': 0.04940628067946631, 'subsample': 0.9444890457476444, 'colsample_bytree': 0.9
384377882207058, 'max_depth': 9, 'min_child_weight': 4, 'eta': 0.9396638200111215, 'gamma': 0.0001272102853176951, 'grow_policy': 'depthwise', 'sample_type': 'weighted', 'normalize_type': 'tree', 'rate_drop': 2.3888023679037893e-
05, 'skip_drop': 4.9442184046730755e-05}. Best is trial 152 with value: 0.7245851441616205.
[I 2022-10-22 03:07:39,110] Trial 192 finished with value: 0.7154062552655986 and parameters: {'booster': 'dart', 'lambda': 0.6562701499727228, 'alpha': 0.046972294888571235, 'subsample': 0.9621902955111091, 'colsample_bytree': 0
.953568825976786, 'max_depth': 9, 'min_child_weight': 4, 'eta': 0.7011499061804046, 'gamma': 0.0004620356913527361, 'grow_policy': 'depthwise', 'sample_type': 'weighted', 'normalize_type': 'tree', 'rate_drop': 4.07639844465499e-0
5, 'skip_drop': 2.3196623973860224e-05}. Best is trial 152 with value: 0.7245851441616205.
[I 2022-10-22 03:08:25,741] Trial 193 finished with value: 0.723557972358806 and parameters: {'booster': 'dart', 'lambda': 0.3669931423285459, 'alpha': 0.022337372412911036, 'subsample': 0.9805450512849554, 'colsample_bytree': 0.
9811562223482576, 'max_depth': 9, 'min_child_weight': 4, 'eta': 0.9933771007477644, 'gamma': 0.001570436710856807, 'grow_policy': 'depthwise', 'sample_type': 'weighted', 'normalize_type': 'tree', 'rate_drop': 6.78509876284137e-05
, 'skip_drop': 4.0643109201176886e-05}. Best is trial 152 with value: 0.7245851441616205.
[I 2022-10-22 03:09:12,314] Trial 194 finished with value: 0.7073894389896195 and parameters: {'booster': 'dart', 'lambda': 0.4016299033242338, 'alpha': 0.021456320372452844, 'subsample': 0.9831117252517003, 'colsample_bytree': 0
.9786340585133876, 'max_depth': 9, 'min_child_weight': 4, 'eta': 0.44727025425950334, 'gamma': 0.00265394613344544, 'grow_policy': 'depthwise', 'sample_type': 'weighted', 'normalize_type': 'tree', 'rate_drop': 6.766602973587491e-
05, 'skip_drop': 0.00014894869307566276}. Best is trial 152 with value: 0.7245851441616205.
[I 2022-10-22 03:09:46,533] Trial 195 finished with value: 0.5523171015659816 and parameters: {'booster': 'dart', 'lambda': 0.20138221320277896, 'alpha': 0.0693223777867472, 'subsample': 0.9504785404186371, 'colsample_bytree': 0.
22037696414690205, 'max_depth': 9, 'min_child_weight': 4, 'eta': 0.9954339677164891, 'gamma': 0.0016523824500858297, 'grow_policy': 'depthwise', 'sample_type': 'weighted', 'normalize_type': 'tree', 'rate_drop': 9.205804219019164e
-05, 'skip_drop': 4.3513130696635224e-05}. Best is trial 152 with value: 0.7245851441616205.
[I 2022-10-22 03:10:32,462] Trial 196 finished with value: 0.7150569447694363 and parameters: {'booster': 'dart', 'lambda': 0.6123633339824233, 'alpha': 0.21338689784667925, 'subsample': 0.972251299359429, 'colsample_bytree': 0.9
381343951179281, 'max_depth': 9, 'min_child_weight': 4, 'eta': 0.668861624916995, 'gamma': 0.00017250976514587377, 'grow_policy': 'depthwise', 'sample_type': 'weighted', 'normalize_type': 'tree', 'rate_drop': 2.13493480796727e-05
, 'skip_drop': 7.181736674586624e-05}. Best is trial 152 with value: 0.7245851441616205.
[I 2022-10-22 03:11:10,900] Trial 197 finished with value: 0.6455064572606488 and parameters: {'booster': 'dart', 'lambda': 0.9944418463339051, 'alpha': 0.03369520793930465, 'subsample': 0.9284118929717649, 'colsample_bytree': 0.
47187008106978806, 'max_depth': 9, 'min_child_weight': 4, 'eta': 0.44570336069728406, 'gamma': 0.004765196417554318, 'grow_policy': 'depthwise', 'sample_type': 'weighted', 'normalize_type': 'tree', 'rate_drop': 5.191553278159907e
-05, 'skip_drop': 3.6201035090586145e-05}. Best is trial 152 with value: 0.7245851441616205.
[I 2022-10-22 03:11:59,945] Trial 198 finished with value: 0.7224028380343588 and parameters: {'booster': 'dart', 'lambda': 0.30168208282128484, 'alpha': 0.045138905753990106, 'subsample': 0.9521504607837381, 'colsample_bytree':
0.985741620099074, 'max_depth': 9, 'min_child_weight': 4, 'eta': 0.9963870696902641, 'gamma': 2.4689574511124746e-05, 'grow_policy': 'depthwise', 'sample_type': 'weighted', 'normalize_type': 'tree', 'rate_drop': 3.534650274889416
e-05, 'skip_drop': 9.286467288739348e-05}. Best is trial 152 with value: 0.7245851441616205.
[I 2022-10-22 03:12:27,460] Trial 199 finished with value: 0.5882610695550388 and parameters: {'booster': 'dart', 'lambda': 0.30457085995483835, 'alpha': 0.0075126446715791505, 'subsample': 0.9475541928259475, 'colsample_bytree':
 0.9881224199412142, 'max_depth': 3, 'min_child_weight': 4, 'eta': 0.7016453764419908, 'gamma': 3.9103583997020794e-05, 'grow_policy': 'depthwise', 'sample_type': 'weighted', 'normalize_type': 'tree', 'rate_drop': 1.3248759721471
023e-05, 'skip_drop': 0.00040952362953498785}. Best is trial 152 with value: 0.7245851441616205.
[I 2022-10-22 03:13:14,115] Trial 200 finished with value: 0.7008009850290118 and parameters: {'booster': 'dart', 'lambda': 0.4290473862902404, 'alpha': 0.017649386896295305, 'subsample': 0.9296289438013758, 'colsample_bytree': 0
.96893526117711, 'max_depth': 9, 'min_child_weight': 4, 'eta': 0.3508008531586413, 'gamma': 8.056053349138449e-05, 'grow_policy': 'depthwise', 'sample_type': 'weighted', 'normalize_type': 'tree', 'rate_drop': 3.391613486131968e-0
5, 'skip_drop': 5.379681119760243e-05}. Best is trial 152 with value: 0.7245851441616205.
[I 2022-10-22 03:14:00,090] Trial 201 finished with value: 0.7227901791077352 and parameters: {'booster': 'dart', 'lambda': 0.6417889107710669, 'alpha': 0.06381856798635145, 'subsample': 0.9820537732363269, 'colsample_bytree': 0.
9554749362678483, 'max_depth': 9, 'min_child_weight': 4, 'eta': 0.9953220319853585, 'gamma': 0.0002994923223192694, 'grow_policy': 'depthwise', 'sample_type': 'weighted', 'normalize_type': 'tree', 'rate_drop': 2.4534583161129537e
-05, 'skip_drop': 8.249387631742562e-05}. Best is trial 152 with value: 0.7245851441616205.
[I 2022-10-22 03:14:46,470] Trial 202 finished with value: 0.7223924383358673 and parameters: {'booster': 'dart', 'lambda': 0.576347417237509, 'alpha': 0.047811482005461266, 'subsample': 0.9642631813086034, 'colsample_bytree': 0.
9570307434767489, 'max_depth': 9, 'min_child_weight': 4, 'eta': 0.9990126623349931, 'gamma': 2.223785756181661e-05, 'grow_policy': 'depthwise', 'sample_type': 'weighted', 'normalize_type': 'tree', 'rate_drop': 1.8575712333583484e
-05, 'skip_drop': 0.00011901456452305215}. Best is trial 152 with value: 0.7245851441616205.
[I 2022-10-22 03:15:32,939] Trial 203 finished with value: 0.7227383049523475 and parameters: {'booster': 'dart', 'lambda': 0.5171406929060612, 'alpha': 0.05143799082797829, 'subsample': 0.9799441129196842, 'colsample_bytree': 0.
9852477843362502, 'max_depth': 9, 'min_child_weight': 4, 'eta': 0.994905863677275, 'gamma': 2.42680057939837e-05, 'grow_policy': 'depthwise', 'sample_type': 'weighted', 'normalize_type': 'tree', 'rate_drop': 2.156590254556706e-05
, 'skip_drop': 0.000307355043506093}. Best is trial 152 with value: 0.7245851441616205.
[I 2022-10-22 03:16:19,375] Trial 204 finished with value: 0.7122624808950171 and parameters: {'booster': 'dart', 'lambda': 0.3659683440110666, 'alpha': 0.052133088435477204, 'subsample': 0.9642313474842055, 'colsample_bytree': 0
.9844912228581649, 'max_depth': 9, 'min_child_weight': 4, 'eta': 0.5717743517489607, 'gamma': 0.0003039225116089438, 'grow_policy': 'depthwise', 'sample_type': 'weighted', 'normalize_type': 'tree', 'rate_drop': 2.229398727626258e
-05, 'skip_drop': 0.00021912141644230237}. Best is trial 152 with value: 0.7245851441616205.
