[I 2022-10-22 04:15:24,081] Trial 286 finished with value: 0.703757988972248 and parameters: {'booster': 'dart', 'lambda': 0.3568579958839923, 'alpha': 0.1498707576864661, 'subsample': 0.9695470237849664, 'colsample_bytree': 0.96
69135932212153, 'max_depth': 7, 'min_child_weight': 4, 'eta': 0.7183308126082105, 'gamma': 0.000147547492360517, 'grow_policy': 'depthwise', 'sample_type': 'weighted', 'normalize_type': 'tree', 'rate_drop': 2.7294017754474428e-05
, 'skip_drop': 1.1780249430072705e-05}. Best is trial 152 with value: 0.7245851441616205.
[I 2022-10-22 04:16:10,191] Trial 287 finished with value: 0.723862327498358 and parameters: {'booster': 'dart', 'lambda': 0.719478854965003, 'alpha': 0.47555128069039243, 'subsample': 0.9875364133715789, 'colsample_bytree': 0.99
97868866484059, 'max_depth': 9, 'min_child_weight': 4, 'eta': 0.9942539531048715, 'gamma': 7.707767857159966e-05, 'grow_policy': 'lossguide', 'sample_type': 'weighted', 'normalize_type': 'tree', 'rate_drop': 1.4502726504489907e-0
5, 'skip_drop': 0.0035372907292648675}. Best is trial 152 with value: 0.7245851441616205.
[I 2022-10-22 04:16:56,008] Trial 288 finished with value: 0.7220535177897873 and parameters: {'booster': 'dart', 'lambda': 0.707856265665785, 'alpha': 0.49713775124152687, 'subsample': 0.9486390974404189, 'colsample_bytree': 0.9
830303229764152, 'max_depth': 9, 'min_child_weight': 4, 'eta': 0.9902759705222184, 'gamma': 9.576977782427211e-05, 'grow_policy': 'lossguide', 'sample_type': 'weighted', 'normalize_type': 'tree', 'rate_drop': 1.2723553592276876e-
05, 'skip_drop': 0.004035022402123685}. Best is trial 152 with value: 0.7245851441616205.
[I 2022-10-22 04:17:41,132] Trial 289 finished with value: 0.703384499790106 and parameters: {'booster': 'dart', 'lambda': 0.934888511610441, 'alpha': 0.36823442952215335, 'subsample': 0.9986417755289706, 'colsample_bytree': 0.99
81473914386112, 'max_depth': 9, 'min_child_weight': 5, 'eta': 0.40627484174572775, 'gamma': 6.917965226165397e-05, 'grow_policy': 'depthwise', 'sample_type': 'weighted', 'normalize_type': 'tree', 'rate_drop': 6.3581563670375254e-
06, 'skip_drop': 0.0029443377524382597}. Best is trial 152 with value: 0.7245851441616205.
[I 2022-10-22 04:18:27,053] Trial 290 finished with value: 0.7185258233197407 and parameters: {'booster': 'dart', 'lambda': 0.23159199058495847, 'alpha': 0.6897422700677389, 'subsample': 0.9866071060479844, 'colsample_bytree': 0.
9999190204646173, 'max_depth': 9, 'min_child_weight': 3, 'eta': 0.6865582622133524, 'gamma': 0.00017514209797425462, 'grow_policy': 'lossguide', 'sample_type': 'weighted', 'normalize_type': 'tree', 'rate_drop': 9.706826322106688e
-06, 'skip_drop': 0.00731868765803256}. Best is trial 152 with value: 0.7245851441616205.
[I 2022-10-22 04:19:12,830] Trial 291 finished with value: 0.7124354178514348 and parameters: {'booster': 'dart', 'lambda': 0.43822657058981074, 'alpha': 0.22179757017657709, 'subsample': 0.9651514358662299, 'colsample_bytree': 0
.9553176072451124, 'max_depth': 9, 'min_child_weight': 4, 'eta': 0.5438905422465269, 'gamma': 0.00027754421740295443, 'grow_policy': 'lossguide', 'sample_type': 'weighted', 'normalize_type': 'tree', 'rate_drop': 1.552627321957028
6e-05, 'skip_drop': 0.31496521308511066}. Best is trial 152 with value: 0.7245851441616205.
[I 2022-10-22 04:19:55,705] Trial 292 finished with value: 0.7074966641930945 and parameters: {'booster': 'dart', 'lambda': 0.6648034469931807, 'alpha': 0.9980268971851115, 'subsample': 0.24436624376914573, 'colsample_bytree': 0.
9715261584855099, 'max_depth': 9, 'min_child_weight': 4, 'eta': 0.6984463744539978, 'gamma': 0.00012383537734780227, 'grow_policy': 'lossguide', 'sample_type': 'weighted', 'normalize_type': 'tree', 'rate_drop': 4.334805893824717e
-05, 'skip_drop': 0.03821753799295008}. Best is trial 152 with value: 0.7245851441616205.
[I 2022-10-22 04:20:41,576] Trial 293 finished with value: 0.6990993972943821 and parameters: {'booster': 'dart', 'lambda': 0.3076836198315168, 'alpha': 0.47762333311007726, 'subsample': 0.932664085028018, 'colsample_bytree': 0.9
78949537784063, 'max_depth': 9, 'min_child_weight': 4, 'eta': 0.3114758182926028, 'gamma': 5.101476248239863e-05, 'grow_policy': 'lossguide', 'sample_type': 'weighted', 'normalize_type': 'tree', 'rate_drop': 2.7007125006292716e-0
5, 'skip_drop': 0.02659701019394153}. Best is trial 152 with value: 0.7245851441616205.
[I 2022-10-22 04:21:27,986] Trial 294 finished with value: 0.712297074231036 and parameters: {'booster': 'dart', 'lambda': 0.5267204681001438, 'alpha': 0.00906014966611737, 'subsample': 0.99936426491386, 'colsample_bytree': 0.999
9116685995978, 'max_depth': 9, 'min_child_weight': 3, 'eta': 0.530229280013338, 'gamma': 7.137921800710913e-05, 'grow_policy': 'lossguide', 'sample_type': 'weighted', 'normalize_type': 'tree', 'rate_drop': 5.145293603373443e-05,
'skip_drop': 0.0024335927475232673}. Best is trial 152 with value: 0.7245851441616205.
[I 2022-10-22 04:22:13,763] Trial 295 finished with value: 0.7111626594025016 and parameters: {'booster': 'dart', 'lambda': 0.9787661212554393, 'alpha': 0.3220969783944225, 'subsample': 0.3620074581516034, 'colsample_bytree': 0.9
530716814884488, 'max_depth': 9, 'min_child_weight': 4, 'eta': 0.7508476578710526, 'gamma': 0.00010713807997193523, 'grow_policy': 'depthwise', 'sample_type': 'weighted', 'normalize_type': 'tree', 'rate_drop': 1.6610523652189263e
-05, 'skip_drop': 0.142398393786285}. Best is trial 152 with value: 0.7245851441616205.
[I 2022-10-22 04:22:59,576] Trial 296 finished with value: 0.6823014220095224 and parameters: {'booster': 'dart', 'lambda': 0.18261574740539097, 'alpha': 0.5264476525851942, 'subsample': 0.9544726143801011, 'colsample_bytree': 0.
9677354144690576, 'max_depth': 9, 'min_child_weight': 4, 'eta': 0.19421308249380087, 'gamma': 0.000196638585153518, 'grow_policy': 'depthwise', 'sample_type': 'weighted', 'normalize_type': 'tree', 'rate_drop': 4.750845694773985e-
06, 'skip_drop': 1.7800679159080658e-05}. Best is trial 152 with value: 0.7245851441616205.
[I 2022-10-22 04:23:44,816] Trial 297 finished with value: 0.6464539832455803 and parameters: {'booster': 'dart', 'lambda': 0.38603496922569686, 'alpha': 0.2504907782234622, 'subsample': 0.9746754694791456, 'colsample_bytree': 0.
9810381427955295, 'max_depth': 9, 'min_child_weight': 5, 'eta': 0.01678457663663827, 'gamma': 3.2674749550963194e-05, 'grow_policy': 'depthwise', 'sample_type': 'weighted', 'normalize_type': 'tree', 'rate_drop': 3.232326318029220
4e-05, 'skip_drop': 0.005509502420570084}. Best is trial 152 with value: 0.7245851441616205.
[I 2022-10-22 04:24:30,581] Trial 298 finished with value: 0.61614015963777 and parameters: {'booster': 'dart', 'lambda': 0.10010957441800984, 'alpha': 0.14068214588032962, 'subsample': 0.9438582374499572, 'colsample_bytree': 0.9
644638935267273, 'max_depth': 9, 'min_child_weight': 4, 'eta': 1.1073335072476898e-07, 'gamma': 7.814805227569487e-05, 'grow_policy': 'depthwise', 'sample_type': 'weighted', 'normalize_type': 'tree', 'rate_drop': 9.04188759597228
5e-06, 'skip_drop': 2.1054399429911644e-05}. Best is trial 152 with value: 0.7245851441616205.
[I 2022-10-22 04:25:16,616] Trial 299 finished with value: 0.7230288118488427 and parameters: {'booster': 'dart', 'lambda': 0.26537069773036576, 'alpha': 0.37694113635680343, 'subsample': 0.9156283102831267, 'colsample_bytree': 0
.9843195954589783, 'max_depth': 9, 'min_child_weight': 8, 'eta': 0.9910558862550958, 'gamma': 0.00015005221272118904, 'grow_policy': 'depthwise', 'sample_type': 'weighted', 'normalize_type': 'tree', 'rate_drop': 2.227250332873435
3e-05, 'skip_drop': 0.0015250530203967441}. Best is trial 152 with value: 0.7245851441616205.
Number of finished trials:  300
Best trial:
  Value: 0.7245851441616205
  Params:
    booster: dart
    lambda: 0.5642581562857996
    alpha: 0.011964958656080679
    subsample: 0.9664606774005825
    colsample_bytree: 0.973523784845717
    max_depth: 9
    min_child_weight: 3
    eta: 0.9741117119835012
    gamma: 0.00015275824324089936
    grow_policy: depthwise
    sample_type: uniform
    normalize_type: tree
    rate_drop: 3.2087168422238625e-05
    skip_drop: 3.4557151831426346e-05

Process finished with exit code 0
